[ 2017-02-03T10:14:34+08:00 ] 192.168.102.78 /index.php/Huanxin/VerifyUser/index
INFO: [ app_init ] --START--
INFO: Run Behavior\BuildLiteBehavior [ RunTime:0.001001s ]
INFO: [ app_init ] --END-- [ RunTime:0.018001s ]
INFO: [ app_begin ] --START--
INFO: Run Behavior\ReadHtmlCacheBehavior [ RunTime:0.000000s ]
INFO: [ app_begin ] --END-- [ RunTime:0.015600s ]
SQL: SHOW COLUMNS FROM `guguo_user_corporation` [ RunTime:0.1100s ]
SQL: SELECT `corp_name` FROM `guguo_user_corporation` WHERE `telephone` = '13311112222' LIMIT 1   [ RunTime:0.0180s ]
NOTIC: [2048] Declaration of Huanxin\Model\EmployerModel::_initialize() should be compatible with Think\Model::_initialize() D:\mysvn\xunxiu\trunk_web\App\Huanxin\Model\EmployerModel.class.php 第 55 行.
NOTIC: [2] Missing argument 1 for Huanxin\Model\EmployerModel::_initialize(), called in D:\mysvn\xunxiu\trunk_web\ThinkPHP\Library\Think\Model.class.php on line 74 and defined D:\mysvn\xunxiu\trunk_web\App\Huanxin\Model\EmployerModel.class.php 第 13 行.
NOTIC: [8] Undefined variable: db_table D:\mysvn\xunxiu\trunk_web\App\Huanxin\Model\EmployerModel.class.php 第 14 行.
SQL: SHOW COLUMNS FROM `guguo_sdzhongxun`.`guguo_employer` [ RunTime:0.0342s ]
SQL: SELECT `password`,`truename`,`userpic` FROM guguo_sdzhongxun.guguo_employer WHERE `telephone` = '13311112222' LIMIT 1   [ RunTime:0.0000s ]
INFO: [ app_end ] --START--
INFO: Run Behavior\ShowPageTraceBehavior [ RunTime:0.015600s ]
INFO: [ app_end ] --END-- [ RunTime:0.015600s ]

[ 2017-02-03T10:14:54+08:00 ] 192.168.102.78 /index.php/Huanxin/VerifyUser/index
INFO: [ app_init ] --START--
INFO: Run Behavior\BuildLiteBehavior [ RunTime:0.001000s ]
INFO: [ app_init ] --END-- [ RunTime:0.005000s ]
INFO: [ app_begin ] --START--
INFO: Run Behavior\ReadHtmlCacheBehavior [ RunTime:0.003000s ]
INFO: [ app_begin ] --END-- [ RunTime:0.007000s ]
SQL: SHOW COLUMNS FROM `guguo_user_corporation` [ RunTime:0.0100s ]
SQL: SELECT `corp_name` FROM `guguo_user_corporation` WHERE `telephone` = '13311112222' LIMIT 1   [ RunTime:0.0010s ]
NOTIC: [2048] Declaration of Huanxin\Model\EmployerModel::_initialize() should be compatible with Think\Model::_initialize() D:\mysvn\xunxiu\trunk_web\App\Huanxin\Model\EmployerModel.class.php 第 55 行.
NOTIC: [2] Missing argument 1 for Huanxin\Model\EmployerModel::_initialize(), called in D:\mysvn\xunxiu\trunk_web\ThinkPHP\Library\Think\Model.class.php on line 74 and defined D:\mysvn\xunxiu\trunk_web\App\Huanxin\Model\EmployerModel.class.php 第 13 行.
NOTIC: [8] Undefined variable: db_table D:\mysvn\xunxiu\trunk_web\App\Huanxin\Model\EmployerModel.class.php 第 14 行.
SQL: SHOW COLUMNS FROM `guguo_sdzhongxun`.`guguo_employer` [ RunTime:0.0100s ]
SQL: SELECT `password`,`truename`,`userpic` FROM guguo_sdzhongxun.guguo_employer WHERE `telephone` = '13311112222' LIMIT 1   [ RunTime:0.0010s ]
INFO: [ app_end ] --START--
INFO: Run Behavior\ShowPageTraceBehavior [ RunTime:0.004001s ]
INFO: [ app_end ] --END-- [ RunTime:0.008001s ]

[ 2017-02-03T13:36:09+08:00 ] 192.168.102.78 /index.php/Huanxin/VerifyUser/index
INFO: [ app_init ] --START--
INFO: Run Behavior\BuildLiteBehavior [ RunTime:0.000000s ]
INFO: [ app_init ] --END-- [ RunTime:0.000000s ]
INFO: [ app_begin ] --START--
INFO: Run Behavior\ReadHtmlCacheBehavior [ RunTime:0.015600s ]
INFO: [ app_begin ] --END-- [ RunTime:0.015600s ]
SQL: SHOW COLUMNS FROM `guguo_user_corporation` [ RunTime:0.0130s ]
SQL: SELECT `corp_name` FROM `guguo_user_corporation` WHERE `telephone` = '13322223333' LIMIT 1   [ RunTime:0.0010s ]
NOTIC: [2048] Declaration of Huanxin\Model\EmployerModel::_initialize() should be compatible with Think\Model::_initialize() D:\mysvn\xunxiu\trunk_web\App\Huanxin\Model\EmployerModel.class.php 第 55 行.
NOTIC: [2] Missing argument 1 for Huanxin\Model\EmployerModel::_initialize(), called in D:\mysvn\xunxiu\trunk_web\ThinkPHP\Library\Think\Model.class.php on line 74 and defined D:\mysvn\xunxiu\trunk_web\App\Huanxin\Model\EmployerModel.class.php 第 13 行.
NOTIC: [8] Undefined variable: db_table D:\mysvn\xunxiu\trunk_web\App\Huanxin\Model\EmployerModel.class.php 第 14 行.
SQL: SHOW COLUMNS FROM `guguo_sdzhongxun`.`guguo_employer` [ RunTime:0.0130s ]
SQL: SELECT `password`,`truename`,`userpic` FROM guguo_sdzhongxun.guguo_employer WHERE `telephone` = '13322223333' LIMIT 1   [ RunTime:0.0000s ]
INFO: [ app_end ] --START--
INFO: Run Behavior\ShowPageTraceBehavior [ RunTime:0.006001s ]
INFO: [ app_end ] --END-- [ RunTime:0.009001s ]

