[ 2017-01-14T08:09:17+08:00 ] 127.0.0.1 /index.php/Huanxin/NewVerifyUser/index/username/zhongxun_xiaoshou_jack/password/87654321/companyid/sdzhongxun
INFO: [ app_init ] --START--
INFO: Run Behavior\BuildLiteBehavior [ RunTime:0.002000s ]
INFO: [ app_init ] --END-- [ RunTime:0.054003s ]
INFO: [ app_begin ] --START--
INFO: Run Behavior\ReadHtmlCacheBehavior [ RunTime:0.011001s ]
INFO: [ app_begin ] --END-- [ RunTime:0.018001s ]
SQL: SHOW COLUMNS FROM `guguo_corporation` [ RunTime:0.1420s ]
SQL: SELECT `id`,`corp_id`,`corp_name` FROM `guguo_corporation` WHERE `corp_id` = 'sdzhongxun' LIMIT 1   [ RunTime:0.0020s ]

[ 2017-01-14T08:13:56+08:00 ] 127.0.0.1 /index.php/Huanxin/NewVerifyUser/index/username/zhongxun_xiaoshou_jack/password/87654321/companyid/sdzhongxun
INFO: [ app_init ] --START--
INFO: Run Behavior\BuildLiteBehavior [ RunTime:0.001000s ]
INFO: [ app_init ] --END-- [ RunTime:0.003000s ]
INFO: [ app_begin ] --START--
INFO: Run Behavior\ReadHtmlCacheBehavior [ RunTime:0.005001s ]
INFO: [ app_begin ] --END-- [ RunTime:0.007001s ]
SQL: SHOW COLUMNS FROM `guguo_corporation` [ RunTime:0.0060s ]
SQL: SELECT `id`,`corp_id`,`corp_name` FROM `guguo_corporation` WHERE `corp_id` = 'sdzhongxun' LIMIT 1   [ RunTime:0.0010s ]

[ 2017-01-14T08:15:04+08:00 ] 127.0.0.1 /index.php/Huanxin/NewVerifyUser/index/username/zhongxun_xiaoshou_jack/password/87654321/companyid/sdzhongxun
INFO: [ app_init ] --START--
INFO: Run Behavior\BuildLiteBehavior [ RunTime:0.001000s ]
INFO: [ app_init ] --END-- [ RunTime:0.004000s ]
INFO: [ app_begin ] --START--
INFO: Run Behavior\ReadHtmlCacheBehavior [ RunTime:0.002000s ]
INFO: [ app_begin ] --END-- [ RunTime:0.005000s ]
SQL: SHOW COLUMNS FROM `guguo_corporation` [ RunTime:0.0070s ]
SQL: SELECT `id`,`corp_id`,`corp_name` FROM `guguo_corporation` WHERE `corp_id` = 'sdzhongxun' LIMIT 1   [ RunTime:0.0020s ]

[ 2017-01-14T08:16:48+08:00 ] 127.0.0.1 /index.php/Huanxin/NewVerifyUser/index/username/zhongxun_xiaoshou_jack/password/87654321/companyid/sdzhongxun
INFO: [ app_init ] --START--
INFO: Run Behavior\BuildLiteBehavior [ RunTime:0.001000s ]
INFO: [ app_init ] --END-- [ RunTime:0.003000s ]
INFO: [ app_begin ] --START--
INFO: Run Behavior\ReadHtmlCacheBehavior [ RunTime:0.003000s ]
INFO: [ app_begin ] --END-- [ RunTime:0.004000s ]
SQL: SHOW COLUMNS FROM `guguo_corporation` [ RunTime:0.0050s ]
SQL: SELECT `id`,`corp_id`,`corp_name` FROM `guguo_corporation` WHERE `corp_id` = 'sdzhongxun' LIMIT 1   [ RunTime:0.0010s ]
NOTIC: [2048] Declaration of Huanxin\Model\EmployerModel::_initialize() should be compatible with Think\Model::_initialize() D:\mysvn\xunxiu\trunk_web\App\Huanxin\Model\EmployerModel.class.php 第 34 行.
NOTIC: [2] Missing argument 1 for Huanxin\Model\EmployerModel::_initialize(), called in D:\mysvn\xunxiu\trunk_web\ThinkPHP\Library\Think\Model.class.php on line 74 and defined D:\mysvn\xunxiu\trunk_web\App\Huanxin\Model\EmployerModel.class.php 第 13 行.
NOTIC: [8] Undefined variable: db_table D:\mysvn\xunxiu\trunk_web\App\Huanxin\Model\EmployerModel.class.php 第 14 行.
ERR: 1146:Table 'guguo_sdzhongxun.guguo_guguo_employer' doesn't exist
 [ SQL语句 ] : SHOW COLUMNS FROM `guguo_sdzhongxun`.`guguo_guguo_employer`
ERR: 1146:Table 'guguo_sdzhongxun.guguo_guguo_employer' doesn't exist
 [ SQL语句 ] : SHOW COLUMNS FROM `guguo_sdzhongxun`.`guguo_guguo_employer`

[ 2017-01-14T08:17:21+08:00 ] 127.0.0.1 /index.php/Huanxin/NewVerifyUser/index/username/zhongxun_xiaoshou_jack/password/87654321/companyid/sdzhongxun
INFO: [ app_init ] --START--
INFO: Run Behavior\BuildLiteBehavior [ RunTime:0.000000s ]
INFO: [ app_init ] --END-- [ RunTime:0.005000s ]
INFO: [ app_begin ] --START--
INFO: Run Behavior\ReadHtmlCacheBehavior [ RunTime:0.003000s ]
INFO: [ app_begin ] --END-- [ RunTime:0.005000s ]
SQL: SHOW COLUMNS FROM `guguo_corporation` [ RunTime:0.0070s ]
SQL: SELECT `id`,`corp_id`,`corp_name` FROM `guguo_corporation` WHERE `corp_id` = 'sdzhongxun' LIMIT 1   [ RunTime:0.0010s ]
NOTIC: [2048] Declaration of Huanxin\Model\EmployerModel::_initialize() should be compatible with Think\Model::_initialize() D:\mysvn\xunxiu\trunk_web\App\Huanxin\Model\EmployerModel.class.php 第 34 行.
NOTIC: [2] Missing argument 1 for Huanxin\Model\EmployerModel::_initialize(), called in D:\mysvn\xunxiu\trunk_web\ThinkPHP\Library\Think\Model.class.php on line 74 and defined D:\mysvn\xunxiu\trunk_web\App\Huanxin\Model\EmployerModel.class.php 第 13 行.
NOTIC: [8] Undefined variable: db_table D:\mysvn\xunxiu\trunk_web\App\Huanxin\Model\EmployerModel.class.php 第 14 行.
SQL: SHOW COLUMNS FROM `guguo_sdzhongxun`.`guguo_employer` [ RunTime:0.0660s ]

[ 2017-01-14T08:17:32+08:00 ] 127.0.0.1 /index.php/Huanxin/NewVerifyUser/index/username/zhongxun_xiaoshou_jack/password/87654321/companyid/sdzhongxun
INFO: [ app_init ] --START--
INFO: Run Behavior\BuildLiteBehavior [ RunTime:0.000000s ]
INFO: [ app_init ] --END-- [ RunTime:0.008001s ]
INFO: [ app_begin ] --START--
INFO: Run Behavior\ReadHtmlCacheBehavior [ RunTime:0.002000s ]
INFO: [ app_begin ] --END-- [ RunTime:0.004000s ]
SQL: SHOW COLUMNS FROM `guguo_corporation` [ RunTime:0.0060s ]
SQL: SELECT `id`,`corp_id`,`corp_name` FROM `guguo_corporation` WHERE `corp_id` = 'sdzhongxun' LIMIT 1   [ RunTime:0.0000s ]
NOTIC: [2048] Declaration of Huanxin\Model\EmployerModel::_initialize() should be compatible with Think\Model::_initialize() D:\mysvn\xunxiu\trunk_web\App\Huanxin\Model\EmployerModel.class.php 第 34 行.
NOTIC: [2] Missing argument 1 for Huanxin\Model\EmployerModel::_initialize(), called in D:\mysvn\xunxiu\trunk_web\ThinkPHP\Library\Think\Model.class.php on line 74 and defined D:\mysvn\xunxiu\trunk_web\App\Huanxin\Model\EmployerModel.class.php 第 13 行.
NOTIC: [8] Undefined variable: db_table D:\mysvn\xunxiu\trunk_web\App\Huanxin\Model\EmployerModel.class.php 第 14 行.
SQL: SHOW COLUMNS FROM `guguo_sdzhongxun`.`guguo_employer` [ RunTime:0.0050s ]

[ 2017-01-14T08:17:53+08:00 ] 127.0.0.1 /index.php/Huanxin/NewVerifyUser/index/username/zhongxun_xiaoshou_jack/password/87654321/companyid/sdzhongxun
INFO: [ app_init ] --START--
INFO: Run Behavior\BuildLiteBehavior [ RunTime:0.000000s ]
INFO: [ app_init ] --END-- [ RunTime:0.004001s ]
INFO: [ app_begin ] --START--
INFO: Run Behavior\ReadHtmlCacheBehavior [ RunTime:0.002001s ]
INFO: [ app_begin ] --END-- [ RunTime:0.005001s ]
SQL: SHOW COLUMNS FROM `guguo_corporation` [ RunTime:0.0050s ]
SQL: SELECT `id`,`corp_id`,`corp_name` FROM `guguo_corporation` WHERE `corp_id` = 'sdzhongxun' LIMIT 1   [ RunTime:0.0010s ]
NOTIC: [2048] Declaration of Huanxin\Model\EmployerModel::_initialize() should be compatible with Think\Model::_initialize() D:\mysvn\xunxiu\trunk_web\App\Huanxin\Model\EmployerModel.class.php 第 34 行.
NOTIC: [2] Missing argument 1 for Huanxin\Model\EmployerModel::_initialize(), called in D:\mysvn\xunxiu\trunk_web\ThinkPHP\Library\Think\Model.class.php on line 74 and defined D:\mysvn\xunxiu\trunk_web\App\Huanxin\Model\EmployerModel.class.php 第 13 行.
NOTIC: [8] Undefined variable: db_table D:\mysvn\xunxiu\trunk_web\App\Huanxin\Model\EmployerModel.class.php 第 14 行.
SQL: SHOW COLUMNS FROM `guguo_sdzhongxun`.`guguo_employer` [ RunTime:0.0060s ]
SQL: SELECT * FROM guguo_sdzhongxun.guguo_employer WHERE `username` = 'zhongxun_xiaoshou_jack' LIMIT 1   [ RunTime:0.0010s ]

[ 2017-01-14T08:19:18+08:00 ] 127.0.0.1 /index.php/Huanxin/NewVerifyUser/index/username/zhongxun_xiaoshou_jack/password/87654321/companyid/sdzhongxun
INFO: [ app_init ] --START--
INFO: Run Behavior\BuildLiteBehavior [ RunTime:0.000000s ]
INFO: [ app_init ] --END-- [ RunTime:0.003000s ]
INFO: [ app_begin ] --START--
INFO: Run Behavior\ReadHtmlCacheBehavior [ RunTime:0.002000s ]
INFO: [ app_begin ] --END-- [ RunTime:0.003000s ]
SQL: SHOW COLUMNS FROM `guguo_corporation` [ RunTime:0.0060s ]
SQL: SELECT `id`,`corp_id`,`corp_name` FROM `guguo_corporation` WHERE `corp_id` = 'sdzhongxun' LIMIT 1   [ RunTime:0.0010s ]
NOTIC: [2048] Declaration of Huanxin\Model\EmployerModel::_initialize() should be compatible with Think\Model::_initialize() D:\mysvn\xunxiu\trunk_web\App\Huanxin\Model\EmployerModel.class.php 第 34 行.
NOTIC: [2] Missing argument 1 for Huanxin\Model\EmployerModel::_initialize(), called in D:\mysvn\xunxiu\trunk_web\ThinkPHP\Library\Think\Model.class.php on line 74 and defined D:\mysvn\xunxiu\trunk_web\App\Huanxin\Model\EmployerModel.class.php 第 13 行.
NOTIC: [8] Undefined variable: db_table D:\mysvn\xunxiu\trunk_web\App\Huanxin\Model\EmployerModel.class.php 第 14 行.
SQL: SHOW COLUMNS FROM `guguo_sdzhongxun`.`guguo_employer` [ RunTime:0.0070s ]
SQL: SELECT * FROM guguo_sdzhongxun.guguo_employer WHERE `username` = 'zhongxun_xiaoshou_jack' LIMIT 1   [ RunTime:0.0010s ]

[ 2017-01-14T08:19:29+08:00 ] 127.0.0.1 /index.php/Huanxin/NewVerifyUser/index/username/zhongxun_xiaoshou_jack/password/87654321/companyid/sdzhongxun
INFO: [ app_init ] --START--
INFO: Run Behavior\BuildLiteBehavior [ RunTime:0.000000s ]
INFO: [ app_init ] --END-- [ RunTime:0.003000s ]
INFO: [ app_begin ] --START--
INFO: Run Behavior\ReadHtmlCacheBehavior [ RunTime:0.002000s ]
INFO: [ app_begin ] --END-- [ RunTime:0.004000s ]
SQL: SHOW COLUMNS FROM `guguo_corporation` [ RunTime:0.0050s ]
SQL: SELECT `id`,`corp_id`,`corp_name` FROM `guguo_corporation` WHERE `corp_id` = 'sdzhongxun' LIMIT 1   [ RunTime:0.0000s ]

[ 2017-01-14T08:19:44+08:00 ] 127.0.0.1 /index.php/Huanxin/NewVerifyUser/index/username/zhongxun_xiaoshou_jack/password/87654321/companyid/sdzhongxun
INFO: [ app_init ] --START--
INFO: Run Behavior\BuildLiteBehavior [ RunTime:0.001000s ]
INFO: [ app_init ] --END-- [ RunTime:0.010001s ]
INFO: [ app_begin ] --START--
INFO: Run Behavior\ReadHtmlCacheBehavior [ RunTime:0.004001s ]
INFO: [ app_begin ] --END-- [ RunTime:0.007001s ]
SQL: SHOW COLUMNS FROM `guguo_corporation` [ RunTime:0.0080s ]
SQL: SELECT `id`,`corp_id`,`corp_name` FROM `guguo_corporation` WHERE `corp_id` = 'sdzhongxun' LIMIT 1   [ RunTime:0.0020s ]

[ 2017-01-14T08:19:49+08:00 ] 127.0.0.1 /index.php/Huanxin/NewVerifyUser/index/username/zhongxun_xiaoshou_jack/password/87654321/companyid/sdzhongxun
INFO: [ app_init ] --START--
INFO: Run Behavior\BuildLiteBehavior [ RunTime:0.000000s ]
INFO: [ app_init ] --END-- [ RunTime:0.005000s ]
INFO: [ app_begin ] --START--
INFO: Run Behavior\ReadHtmlCacheBehavior [ RunTime:0.003000s ]
INFO: [ app_begin ] --END-- [ RunTime:0.006000s ]
SQL: SHOW COLUMNS FROM `guguo_corporation` [ RunTime:0.0070s ]
SQL: SELECT `id`,`corp_id`,`corp_name` FROM `guguo_corporation` WHERE `corp_id` = 'sdzhongxun' LIMIT 1   [ RunTime:0.0000s ]
NOTIC: [2048] Declaration of Huanxin\Model\EmployerModel::_initialize() should be compatible with Think\Model::_initialize() D:\mysvn\xunxiu\trunk_web\App\Huanxin\Model\EmployerModel.class.php 第 34 行.
NOTIC: [2] Missing argument 1 for Huanxin\Model\EmployerModel::_initialize(), called in D:\mysvn\xunxiu\trunk_web\ThinkPHP\Library\Think\Model.class.php on line 74 and defined D:\mysvn\xunxiu\trunk_web\App\Huanxin\Model\EmployerModel.class.php 第 13 行.
NOTIC: [8] Undefined variable: db_table D:\mysvn\xunxiu\trunk_web\App\Huanxin\Model\EmployerModel.class.php 第 14 行.
SQL: SHOW COLUMNS FROM `guguo_sdzhongxun`.`guguo_employer` [ RunTime:0.0080s ]
SQL: SELECT * FROM guguo_sdzhongxun.guguo_employer WHERE `username` = 'zhongxun_xiaoshou_jack' LIMIT 1   [ RunTime:0.0010s ]

[ 2017-01-14T08:23:45+08:00 ] 127.0.0.1 /index.php/Huanxin/NewVerifyUser/index/username/zhongxun_xiaoshou_jack/password/87654321/companyid/sdzhongxun
INFO: [ app_init ] --START--
INFO: Run Behavior\BuildLiteBehavior [ RunTime:0.000000s ]
INFO: [ app_init ] --END-- [ RunTime:0.002000s ]
INFO: [ app_begin ] --START--
INFO: Run Behavior\ReadHtmlCacheBehavior [ RunTime:0.003000s ]
INFO: [ app_begin ] --END-- [ RunTime:0.004000s ]
SQL: SHOW COLUMNS FROM `guguo_corporation` [ RunTime:0.0060s ]
SQL: SELECT `id`,`corp_id`,`corp_name` FROM `guguo_corporation` WHERE `corp_id` = 'sdzhongxun' LIMIT 1   [ RunTime:0.0010s ]
NOTIC: [2048] Declaration of Huanxin\Model\EmployerModel::_initialize() should be compatible with Think\Model::_initialize() D:\mysvn\xunxiu\trunk_web\App\Huanxin\Model\EmployerModel.class.php 第 37 行.
NOTIC: [2] Missing argument 1 for Huanxin\Model\EmployerModel::_initialize(), called in D:\mysvn\xunxiu\trunk_web\ThinkPHP\Library\Think\Model.class.php on line 74 and defined D:\mysvn\xunxiu\trunk_web\App\Huanxin\Model\EmployerModel.class.php 第 13 行.
NOTIC: [8] Undefined variable: db_table D:\mysvn\xunxiu\trunk_web\App\Huanxin\Model\EmployerModel.class.php 第 14 行.
SQL: SHOW COLUMNS FROM `guguo_sdzhongxun`.`guguo_employer` [ RunTime:0.0040s ]
SQL: SELECT * FROM guguo_sdzhongxun.guguo_employer WHERE `username` = 'zhongxun_xiaoshou_jack' LIMIT 1   [ RunTime:0.0000s ]
INFO: [ app_end ] --START--
INFO: Run Behavior\ShowPageTraceBehavior [ RunTime:0.002000s ]
INFO: [ app_end ] --END-- [ RunTime:0.003000s ]

[ 2017-01-14T08:31:29+08:00 ] 192.168.102.78 /index.php/Huanxin/VerifyUser/index
INFO: [ app_init ] --START--
INFO: Run Behavior\BuildLiteBehavior [ RunTime:0.000000s ]
INFO: [ app_init ] --END-- [ RunTime:0.000000s ]
INFO: [ app_begin ] --START--
INFO: Run Behavior\ReadHtmlCacheBehavior [ RunTime:0.000000s ]
INFO: [ app_begin ] --END-- [ RunTime:0.015601s ]
NOTIC: [2] json_decode() expects parameter 1 to be string, array given D:\mysvn\xunxiu\trunk_web\App\Huanxin\Controller\VerifyUserController.class.php 第 17 行.
INFO: [ app_end ] --START--
INFO: Run Behavior\ShowPageTraceBehavior [ RunTime:0.003000s ]
INFO: [ app_end ] --END-- [ RunTime:0.004000s ]

[ 2017-01-14T08:32:28+08:00 ] 192.168.102.78 /index.php/Huanxin/VerifyUser/index
INFO: [ app_init ] --START--
INFO: Run Behavior\BuildLiteBehavior [ RunTime:0.000000s ]
INFO: [ app_init ] --END-- [ RunTime:0.000000s ]
INFO: [ app_begin ] --START--
INFO: Run Behavior\ReadHtmlCacheBehavior [ RunTime:0.000000s ]
INFO: [ app_begin ] --END-- [ RunTime:0.015600s ]
NOTIC: [2] json_decode() expects parameter 1 to be string, array given D:\mysvn\xunxiu\trunk_web\App\Huanxin\Controller\VerifyUserController.class.php 第 17 行.
INFO: [ app_end ] --START--
INFO: Run Behavior\ShowPageTraceBehavior [ RunTime:0.000000s ]
INFO: [ app_end ] --END-- [ RunTime:0.000000s ]

[ 2017-01-14T08:33:12+08:00 ] 192.168.102.78 /index.php/Huanxin/VerifyUser/index
INFO: [ app_init ] --START--
INFO: Run Behavior\BuildLiteBehavior [ RunTime:0.001000s ]
INFO: [ app_init ] --END-- [ RunTime:0.003000s ]
INFO: [ app_begin ] --START--
INFO: Run Behavior\ReadHtmlCacheBehavior [ RunTime:0.001000s ]
INFO: [ app_begin ] --END-- [ RunTime:0.003000s ]
NOTIC: [2] json_decode() expects parameter 1 to be string, array given D:\mysvn\xunxiu\trunk_web\App\Huanxin\Controller\VerifyUserController.class.php 第 17 行.
INFO: [ app_end ] --START--
INFO: Run Behavior\ShowPageTraceBehavior [ RunTime:0.000000s ]
INFO: [ app_end ] --END-- [ RunTime:0.000000s ]

[ 2017-01-14T08:34:59+08:00 ] 192.168.102.78 /index.php/Huanxin/VerifyUser/index
INFO: [ app_init ] --START--
INFO: Run Behavior\BuildLiteBehavior [ RunTime:0.000000s ]
INFO: [ app_init ] --END-- [ RunTime:0.000000s ]
INFO: [ app_begin ] --START--
INFO: Run Behavior\ReadHtmlCacheBehavior [ RunTime:0.000000s ]
INFO: [ app_begin ] --END-- [ RunTime:0.000000s ]
NOTIC: [2] json_decode() expects parameter 1 to be string, array given D:\mysvn\xunxiu\trunk_web\App\Huanxin\Controller\VerifyUserController.class.php 第 17 行.
INFO: [ app_end ] --START--
INFO: Run Behavior\ShowPageTraceBehavior [ RunTime:0.000000s ]
INFO: [ app_end ] --END-- [ RunTime:0.000000s ]

[ 2017-01-14T08:38:15+08:00 ] 192.168.102.78 /index.php/Huanxin/VerifyUser/index
INFO: [ app_init ] --START--
INFO: Run Behavior\BuildLiteBehavior [ RunTime:0.000000s ]
INFO: [ app_init ] --END-- [ RunTime:0.000000s ]
INFO: [ app_begin ] --START--
INFO: Run Behavior\ReadHtmlCacheBehavior [ RunTime:0.000000s ]
INFO: [ app_begin ] --END-- [ RunTime:0.000000s ]
NOTIC: [2] json_decode() expects parameter 1 to be string, array given D:\mysvn\xunxiu\trunk_web\App\Huanxin\Controller\VerifyUserController.class.php 第 17 行.
INFO: [ app_end ] --START--
INFO: Run Behavior\ShowPageTraceBehavior [ RunTime:0.002000s ]
INFO: [ app_end ] --END-- [ RunTime:0.004001s ]

[ 2017-01-14T08:42:15+08:00 ] 192.168.102.78 /index.php/Huanxin/VerifyUser/index
INFO: [ app_init ] --START--
INFO: Run Behavior\BuildLiteBehavior [ RunTime:0.000000s ]
INFO: [ app_init ] --END-- [ RunTime:0.000000s ]
INFO: [ app_begin ] --START--
INFO: Run Behavior\ReadHtmlCacheBehavior [ RunTime:0.000000s ]
INFO: [ app_begin ] --END-- [ RunTime:0.000000s ]
NOTIC: [8] Array to string conversion D:\mysvn\xunxiu\trunk_web\App\Huanxin\Controller\VerifyUserController.class.php 第 15 行.
NOTIC: [2] json_decode() expects parameter 1 to be string, array given D:\mysvn\xunxiu\trunk_web\App\Huanxin\Controller\VerifyUserController.class.php 第 18 行.
INFO: [ app_end ] --START--
INFO: Run Behavior\ShowPageTraceBehavior [ RunTime:0.000000s ]
INFO: [ app_end ] --END-- [ RunTime:0.000000s ]

[ 2017-01-14T08:43:28+08:00 ] 192.168.102.78 /index.php/Huanxin/VerifyUser/index
INFO: [ app_init ] --START--
INFO: Run Behavior\BuildLiteBehavior [ RunTime:0.000000s ]
INFO: [ app_init ] --END-- [ RunTime:0.000000s ]
INFO: [ app_begin ] --START--
INFO: Run Behavior\ReadHtmlCacheBehavior [ RunTime:0.000000s ]
INFO: [ app_begin ] --END-- [ RunTime:0.000000s ]

[ 2017-01-14T08:44:56+08:00 ] 192.168.102.78 /index.php/Huanxin/VerifyUser/index
INFO: [ app_init ] --START--
INFO: Run Behavior\BuildLiteBehavior [ RunTime:0.000000s ]
INFO: [ app_init ] --END-- [ RunTime:0.000000s ]
INFO: [ app_begin ] --START--
INFO: Run Behavior\ReadHtmlCacheBehavior [ RunTime:0.002000s ]
INFO: [ app_begin ] --END-- [ RunTime:0.003000s ]

[ 2017-01-14T08:45:28+08:00 ] 192.168.102.78 /index.php/Huanxin/VerifyUser/index
INFO: [ app_init ] --START--
INFO: Run Behavior\BuildLiteBehavior [ RunTime:0.000000s ]
INFO: [ app_init ] --END-- [ RunTime:0.000000s ]
INFO: [ app_begin ] --START--
INFO: Run Behavior\ReadHtmlCacheBehavior [ RunTime:0.000000s ]
INFO: [ app_begin ] --END-- [ RunTime:0.000000s ]
NOTIC: [2] json_decode() expects parameter 1 to be string, array given D:\mysvn\xunxiu\trunk_web\App\Huanxin\Controller\VerifyUserController.class.php 第 18 行.
INFO: [ app_end ] --START--
INFO: Run Behavior\ShowPageTraceBehavior [ RunTime:0.000000s ]
INFO: [ app_end ] --END-- [ RunTime:0.000000s ]

[ 2017-01-14T08:55:10+08:00 ] 192.168.102.78 /index.php/Huanxin/VerifyUser/index
INFO: [ app_init ] --START--
INFO: Run Behavior\BuildLiteBehavior [ RunTime:0.000000s ]
INFO: [ app_init ] --END-- [ RunTime:0.000000s ]
INFO: [ app_begin ] --START--
INFO: Run Behavior\ReadHtmlCacheBehavior [ RunTime:0.000000s ]
INFO: [ app_begin ] --END-- [ RunTime:0.000000s ]
NOTIC: [2] json_decode() expects parameter 1 to be string, array given D:\mysvn\xunxiu\trunk_web\App\Huanxin\Controller\VerifyUserController.class.php 第 18 行.
INFO: [ app_end ] --START--
INFO: Run Behavior\ShowPageTraceBehavior [ RunTime:0.002000s ]
INFO: [ app_end ] --END-- [ RunTime:0.003000s ]

[ 2017-01-14T08:56:06+08:00 ] 192.168.102.78 /index.php/Huanxin/VerifyUser/index
INFO: [ app_init ] --START--
INFO: Run Behavior\BuildLiteBehavior [ RunTime:0.015600s ]
INFO: [ app_init ] --END-- [ RunTime:0.015600s ]
INFO: [ app_begin ] --START--
INFO: Run Behavior\ReadHtmlCacheBehavior [ RunTime:0.000000s ]
INFO: [ app_begin ] --END-- [ RunTime:0.000000s ]
SQL: SHOW COLUMNS FROM `guguo_corporation` [ RunTime:0.0546s ]
SQL: SELECT `id`,`corp_id`,`corp_name` FROM `guguo_corporation` WHERE `corp_id` = 'sdzhongxun' LIMIT 1   [ RunTime:0.0000s ]
ERR: 1146:Table 'guguo_sdzhongxun.guguo_corp' doesn't exist
 [ SQL语句 ] : SHOW COLUMNS FROM `guguo_corp`
INFO: [ app_end ] --START--
INFO: Run Behavior\ShowPageTraceBehavior [ RunTime:0.002000s ]
INFO: [ app_end ] --END-- [ RunTime:0.004000s ]

[ 2017-01-14T09:21:43+08:00 ] 192.168.102.78 /index.php/Huanxin/VerifyUser/index
INFO: [ app_init ] --START--
INFO: Run Behavior\BuildLiteBehavior [ RunTime:0.000000s ]
INFO: [ app_init ] --END-- [ RunTime:0.000000s ]
INFO: [ app_begin ] --START--
INFO: Run Behavior\ReadHtmlCacheBehavior [ RunTime:0.000000s ]
INFO: [ app_begin ] --END-- [ RunTime:0.015600s ]
SQL: SHOW COLUMNS FROM `guguo_corporation` [ RunTime:0.0176s ]
SQL: SELECT `id`,`corp_id`,`corp_name` FROM `guguo_corporation` WHERE `corp_id` = 'sdzhongxun' LIMIT 1   [ RunTime:0.0010s ]
ERR: 1146:Table 'guguo_sdzhongxun.guguo_corp' doesn't exist
 [ SQL语句 ] : SHOW COLUMNS FROM `guguo_corp`
INFO: [ app_end ] --START--
INFO: Run Behavior\ShowPageTraceBehavior [ RunTime:0.003000s ]
INFO: [ app_end ] --END-- [ RunTime:0.004000s ]

[ 2017-01-14T09:30:31+08:00 ] 192.168.102.78 /index.php/Huanxin/VerifyUser/index
INFO: [ app_init ] --START--
INFO: Run Behavior\BuildLiteBehavior [ RunTime:0.000000s ]
INFO: [ app_init ] --END-- [ RunTime:0.000000s ]
INFO: [ app_begin ] --START--
INFO: Run Behavior\ReadHtmlCacheBehavior [ RunTime:0.000000s ]
INFO: [ app_begin ] --END-- [ RunTime:0.000000s ]
SQL: SHOW COLUMNS FROM `guguo_corporation` [ RunTime:0.0060s ]
SQL: SELECT `id`,`corp_id`,`corp_name` FROM `guguo_corporation` WHERE `corp_id` = 'sdzhongxun' LIMIT 1   [ RunTime:0.0000s ]
ERR: 1146:Table 'guguo_sdzhongxun.guguo_corp' doesn't exist
 [ SQL语句 ] : SHOW COLUMNS FROM `guguo_corp`
INFO: [ app_end ] --START--
INFO: Run Behavior\ShowPageTraceBehavior [ RunTime:0.002000s ]
INFO: [ app_end ] --END-- [ RunTime:0.004000s ]

[ 2017-01-14T09:30:36+08:00 ] 192.168.102.78 /index.php/Huanxin/VerifyUser/index
INFO: [ app_init ] --START--
INFO: Run Behavior\BuildLiteBehavior [ RunTime:0.000000s ]
INFO: [ app_init ] --END-- [ RunTime:0.000000s ]
INFO: [ app_begin ] --START--
INFO: Run Behavior\ReadHtmlCacheBehavior [ RunTime:0.015600s ]
INFO: [ app_begin ] --END-- [ RunTime:0.015600s ]
SQL: SHOW COLUMNS FROM `guguo_corporation` [ RunTime:0.0050s ]
SQL: SELECT `id`,`corp_id`,`corp_name` FROM `guguo_corporation` WHERE `corp_id` = 'sdzhongxun' LIMIT 1   [ RunTime:0.0000s ]
ERR: 1146:Table 'guguo_sdzhongxun.guguo_corp' doesn't exist
 [ SQL语句 ] : SHOW COLUMNS FROM `guguo_corp`
INFO: [ app_end ] --START--
INFO: Run Behavior\ShowPageTraceBehavior [ RunTime:0.001001s ]
INFO: [ app_end ] --END-- [ RunTime:0.003001s ]

[ 2017-01-14T09:30:51+08:00 ] 192.168.102.78 /index.php/Huanxin/VerifyUser/index
INFO: [ app_init ] --START--
INFO: Run Behavior\BuildLiteBehavior [ RunTime:0.000000s ]
INFO: [ app_init ] --END-- [ RunTime:0.003000s ]
INFO: [ app_begin ] --START--
INFO: Run Behavior\ReadHtmlCacheBehavior [ RunTime:0.001000s ]
INFO: [ app_begin ] --END-- [ RunTime:0.003000s ]
SQL: SHOW COLUMNS FROM `guguo_corporation` [ RunTime:0.0060s ]
SQL: SELECT `id`,`corp_id`,`corp_name` FROM `guguo_corporation` WHERE `corp_id` = 'sdzhongxun' LIMIT 1   [ RunTime:0.0010s ]
ERR: 1146:Table 'guguo_sdzhongxun.guguo_corp' doesn't exist
 [ SQL语句 ] : SHOW COLUMNS FROM `guguo_corp`
INFO: [ app_end ] --START--
INFO: Run Behavior\ShowPageTraceBehavior [ RunTime:0.002001s ]
INFO: [ app_end ] --END-- [ RunTime:0.004001s ]

[ 2017-01-14T09:36:13+08:00 ] 192.168.102.78 /index.php/Huanxin/VerifyUser/index
INFO: [ app_init ] --START--
INFO: Run Behavior\BuildLiteBehavior [ RunTime:0.000000s ]
INFO: [ app_init ] --END-- [ RunTime:0.000000s ]
INFO: [ app_begin ] --START--
INFO: Run Behavior\ReadHtmlCacheBehavior [ RunTime:0.002000s ]
INFO: [ app_begin ] --END-- [ RunTime:0.003000s ]
SQL: SHOW COLUMNS FROM `guguo_corporation` [ RunTime:0.0050s ]
SQL: SELECT `id`,`corp_id`,`corp_name` FROM `guguo_corporation` WHERE `corp_id` = 'sdzhongxun' LIMIT 1   [ RunTime:0.0000s ]
ERR: 1146:Table 'guguo_sdzhongxun.guguo_corp' doesn't exist
 [ SQL语句 ] : SHOW COLUMNS FROM `guguo_corp`
INFO: [ app_end ] --START--
INFO: Run Behavior\ShowPageTraceBehavior [ RunTime:0.002001s ]
INFO: [ app_end ] --END-- [ RunTime:0.003001s ]

[ 2017-01-14T09:37:45+08:00 ] 192.168.102.78 /index.php/Huanxin/VerifyUser/index
INFO: [ app_init ] --START--
INFO: Run Behavior\BuildLiteBehavior [ RunTime:0.000000s ]
INFO: [ app_init ] --END-- [ RunTime:0.000000s ]
INFO: [ app_begin ] --START--
INFO: Run Behavior\ReadHtmlCacheBehavior [ RunTime:0.015600s ]
INFO: [ app_begin ] --END-- [ RunTime:0.015600s ]
SQL: SHOW COLUMNS FROM `guguo_corporation` [ RunTime:0.0210s ]
SQL: SELECT `id`,`corp_id`,`corp_name` FROM `guguo_corporation` WHERE `corp_id` = 'sdzhongxun' LIMIT 1   [ RunTime:0.0010s ]
ERR: 1146:Table 'guguo_sdzhongxun.guguo_corp' doesn't exist
 [ SQL语句 ] : SHOW COLUMNS FROM `guguo_corp`
INFO: [ app_end ] --START--
INFO: Run Behavior\ShowPageTraceBehavior [ RunTime:0.001000s ]
INFO: [ app_end ] --END-- [ RunTime:0.003000s ]

[ 2017-01-14T09:38:52+08:00 ] 192.168.102.78 /index.php/Huanxin/VerifyUser/index
INFO: [ app_init ] --START--
INFO: Run Behavior\BuildLiteBehavior [ RunTime:0.000000s ]
INFO: [ app_init ] --END-- [ RunTime:0.015600s ]
INFO: [ app_begin ] --START--
INFO: Run Behavior\ReadHtmlCacheBehavior [ RunTime:0.000000s ]
INFO: [ app_begin ] --END-- [ RunTime:0.000000s ]
SQL: SHOW COLUMNS FROM `guguo_corporation` [ RunTime:0.0000s ]
SQL: SELECT `id`,`corp_id`,`corp_name` FROM `guguo_corporation` WHERE `corp_id` = 'sdzhongxun' LIMIT 1   [ RunTime:0.0000s ]
ERR: 1146:Table 'guguo_sdzhongxun.guguo_corp' doesn't exist
 [ SQL语句 ] : SHOW COLUMNS FROM `guguo_corp`
INFO: [ app_end ] --START--
INFO: Run Behavior\ShowPageTraceBehavior [ RunTime:0.015600s ]
INFO: [ app_end ] --END-- [ RunTime:0.015600s ]

[ 2017-01-14T09:40:20+08:00 ] 192.168.102.78 /index.php/Huanxin/VerifyUser/index
INFO: [ app_init ] --START--
INFO: Run Behavior\BuildLiteBehavior [ RunTime:0.000000s ]
INFO: [ app_init ] --END-- [ RunTime:0.000000s ]
INFO: [ app_begin ] --START--
INFO: Run Behavior\ReadHtmlCacheBehavior [ RunTime:0.000000s ]
INFO: [ app_begin ] --END-- [ RunTime:0.000000s ]
SQL: SHOW COLUMNS FROM `guguo_corporation` [ RunTime:0.0000s ]
SQL: SELECT `id`,`corp_id`,`corp_name` FROM `guguo_corporation` WHERE `corp_id` = 'sdzhongxun' LIMIT 1   [ RunTime:0.0010s ]
ERR: 1146:Table 'guguo_sdzhongxun.guguo_corp' doesn't exist
 [ SQL语句 ] : SHOW COLUMNS FROM `guguo_corp`
INFO: [ app_end ] --START--
INFO: Run Behavior\ShowPageTraceBehavior [ RunTime:0.002000s ]
INFO: [ app_end ] --END-- [ RunTime:0.003000s ]

[ 2017-01-14T10:50:49+08:00 ] 192.168.102.78 /index.php/Huanxin/VerifyUser/index
INFO: [ app_init ] --START--
INFO: Run Behavior\BuildLiteBehavior [ RunTime:0.000000s ]
INFO: [ app_init ] --END-- [ RunTime:0.004000s ]
INFO: [ app_begin ] --START--
INFO: Run Behavior\ReadHtmlCacheBehavior [ RunTime:0.002000s ]
INFO: [ app_begin ] --END-- [ RunTime:0.004000s ]
SQL: SHOW COLUMNS FROM `guguo_corporation` [ RunTime:0.0280s ]
SQL: SELECT `id`,`corp_id`,`corp_name` FROM `guguo_corporation` WHERE `corp_id` = 'sdzhongxun' LIMIT 1   [ RunTime:0.0010s ]
ERR: 1146:Table 'guguo_sdzhongxun.guguo_corp' doesn't exist
 [ SQL语句 ] : SHOW COLUMNS FROM `guguo_corp`
INFO: [ app_end ] --START--
INFO: Run Behavior\ShowPageTraceBehavior [ RunTime:0.002000s ]
INFO: [ app_end ] --END-- [ RunTime:0.003000s ]

[ 2017-01-14T13:59:23+08:00 ] 127.0.0.1 /index.php/Huanxin/NewVerifyUser/index/telephone/13333336666/password/87654321/
INFO: [ app_init ] --START--
INFO: Run Behavior\BuildLiteBehavior [ RunTime:0.000000s ]
INFO: [ app_init ] --END-- [ RunTime:0.004000s ]
INFO: [ app_begin ] --START--
INFO: Run Behavior\ReadHtmlCacheBehavior [ RunTime:0.002000s ]
INFO: [ app_begin ] --END-- [ RunTime:0.003000s ]

[ 2017-01-14T14:00:16+08:00 ] 127.0.0.1 /index.php/Huanxin/NewVerifyUser/index/telephone/13333336666/password/87654321/
INFO: [ app_init ] --START--
INFO: Run Behavior\BuildLiteBehavior [ RunTime:0.001000s ]
INFO: [ app_init ] --END-- [ RunTime:0.002000s ]
INFO: [ app_begin ] --START--
INFO: Run Behavior\ReadHtmlCacheBehavior [ RunTime:0.001000s ]
INFO: [ app_begin ] --END-- [ RunTime:0.004000s ]
SQL: SHOW COLUMNS FROM `guguo_user_corporation` [ RunTime:0.0070s ]
SQL: SELECT `corp_name` FROM `guguo_user_corporation` WHERE `telephone` = '13333336666' LIMIT 1   [ RunTime:0.0000s ]

[ 2017-01-14T14:15:51+08:00 ] 127.0.0.1 /index.php/Huanxin/NewVerifyUser/index/telephone/13322223333/password/87654321/
INFO: [ app_init ] --START--
INFO: Run Behavior\BuildLiteBehavior [ RunTime:0.000000s ]
INFO: [ app_init ] --END-- [ RunTime:0.003000s ]
INFO: [ app_begin ] --START--
INFO: Run Behavior\ReadHtmlCacheBehavior [ RunTime:0.002000s ]
INFO: [ app_begin ] --END-- [ RunTime:0.003000s ]
SQL: SHOW COLUMNS FROM `guguo_user_corporation` [ RunTime:0.0070s ]
SQL: SELECT `corp_name` FROM `guguo_user_corporation` WHERE `telephone` = '13322223333' LIMIT 1   [ RunTime:0.0000s ]
NOTIC: [2048] Declaration of Huanxin\Model\EmployerModel::_initialize() should be compatible with Think\Model::_initialize() D:\mysvn\xunxiu\trunk_web\App\Huanxin\Model\EmployerModel.class.php 第 33 行.
NOTIC: [2] Missing argument 1 for Huanxin\Model\EmployerModel::_initialize(), called in D:\mysvn\xunxiu\trunk_web\ThinkPHP\Library\Think\Model.class.php on line 74 and defined D:\mysvn\xunxiu\trunk_web\App\Huanxin\Model\EmployerModel.class.php 第 13 行.
NOTIC: [8] Undefined variable: db_table D:\mysvn\xunxiu\trunk_web\App\Huanxin\Model\EmployerModel.class.php 第 14 行.
SQL: SHOW COLUMNS FROM `guguo_sdzhongxun`.`guguo_employer` [ RunTime:0.0080s ]
SQL: SELECT `password`,`truename`,`userpic` FROM guguo_sdzhongxun.guguo_employer WHERE `telephone` = '13322223333' LIMIT 1   [ RunTime:0.0000s ]
INFO: [ app_end ] --START--
INFO: Run Behavior\ShowPageTraceBehavior [ RunTime:0.017001s ]
INFO: [ app_end ] --END-- [ RunTime:0.019001s ]

[ 2017-01-14T14:16:28+08:00 ] 127.0.0.1 /index.php/Huanxin/VerifyUser/index/telephone/13322223333/password/87654321/
INFO: [ app_init ] --START--
INFO: Run Behavior\BuildLiteBehavior [ RunTime:0.000000s ]
INFO: [ app_init ] --END-- [ RunTime:0.003000s ]
INFO: [ app_begin ] --START--
INFO: Run Behavior\ReadHtmlCacheBehavior [ RunTime:0.003000s ]
INFO: [ app_begin ] --END-- [ RunTime:0.006000s ]

[ 2017-01-14T14:16:49+08:00 ] 127.0.0.1 /index.php/Huanxin/VerifyUser/index/telephone/13322223333/password/87654321/
INFO: [ app_init ] --START--
INFO: Run Behavior\BuildLiteBehavior [ RunTime:0.000000s ]
INFO: [ app_init ] --END-- [ RunTime:0.003001s ]
INFO: [ app_begin ] --START--
INFO: Run Behavior\ReadHtmlCacheBehavior [ RunTime:0.003000s ]
INFO: [ app_begin ] --END-- [ RunTime:0.005000s ]
SQL: SHOW COLUMNS FROM `guguo_user_corporation` [ RunTime:0.0100s ]
SQL: SELECT `corp_name` FROM `guguo_user_corporation` WHERE `telephone` = '13322223333' LIMIT 1   [ RunTime:0.0020s ]

[ 2017-01-14T14:17:14+08:00 ] 127.0.0.1 /index.php/Huanxin/VerifyUser/index/telephone/13322223333/password/87654321/
INFO: [ app_init ] --START--
INFO: Run Behavior\BuildLiteBehavior [ RunTime:0.000000s ]
INFO: [ app_init ] --END-- [ RunTime:0.002000s ]
INFO: [ app_begin ] --START--
INFO: Run Behavior\ReadHtmlCacheBehavior [ RunTime:0.002001s ]
INFO: [ app_begin ] --END-- [ RunTime:0.003001s ]
SQL: SHOW COLUMNS FROM `guguo_user_corporation` [ RunTime:0.0060s ]
SQL: SELECT `corp_name` FROM `guguo_user_corporation` WHERE `telephone` = '13322223333' LIMIT 1   [ RunTime:0.0020s ]
NOTIC: [2048] Declaration of Huanxin\Model\EmployerModel::_initialize() should be compatible with Think\Model::_initialize() D:\mysvn\xunxiu\trunk_web\App\Huanxin\Model\EmployerModel.class.php 第 33 行.
NOTIC: [2] Missing argument 1 for Huanxin\Model\EmployerModel::_initialize(), called in D:\mysvn\xunxiu\trunk_web\ThinkPHP\Library\Think\Model.class.php on line 74 and defined D:\mysvn\xunxiu\trunk_web\App\Huanxin\Model\EmployerModel.class.php 第 13 行.
NOTIC: [8] Undefined variable: db_table D:\mysvn\xunxiu\trunk_web\App\Huanxin\Model\EmployerModel.class.php 第 14 行.
SQL: SHOW COLUMNS FROM `guguo_sdzhongxun`.`guguo_employer` [ RunTime:0.0070s ]
SQL: SELECT `password`,`truename`,`userpic` FROM guguo_sdzhongxun.guguo_employer WHERE `telephone` = '13322223333' LIMIT 1   [ RunTime:0.0000s ]
INFO: [ app_end ] --START--
INFO: Run Behavior\ShowPageTraceBehavior [ RunTime:0.002000s ]
INFO: [ app_end ] --END-- [ RunTime:0.004000s ]

[ 2017-01-14T14:19:31+08:00 ] 192.168.102.78 /index.php/Huanxin/VerifyUser/index
INFO: [ app_init ] --START--
INFO: Run Behavior\BuildLiteBehavior [ RunTime:0.000000s ]
INFO: [ app_init ] --END-- [ RunTime:0.010000s ]
INFO: [ app_begin ] --START--
INFO: Run Behavior\ReadHtmlCacheBehavior [ RunTime:0.000000s ]
INFO: [ app_begin ] --END-- [ RunTime:0.000000s ]
NOTIC: [8] Undefined index: telephone D:\mysvn\xunxiu\trunk_web\App\Huanxin\Controller\VerifyUserController.class.php 第 17 行.
INFO: [ app_end ] --START--
INFO: Run Behavior\ShowPageTraceBehavior [ RunTime:0.000000s ]
INFO: [ app_end ] --END-- [ RunTime:0.000000s ]

[ 2017-01-14T14:27:10+08:00 ] 127.0.0.1 /index.php/Huanxin/Register/index
INFO: [ app_init ] --START--
INFO: Run Behavior\BuildLiteBehavior [ RunTime:0.001000s ]
INFO: [ app_init ] --END-- [ RunTime:0.003000s ]
INFO: [ app_begin ] --START--
INFO: Run Behavior\ReadHtmlCacheBehavior [ RunTime:0.001000s ]
INFO: [ app_begin ] --END-- [ RunTime:0.003000s ]
NOTIC: [2048] Declaration of Huanxin\Model\EmployerModel::_initialize() should be compatible with Think\Model::_initialize() D:\mysvn\xunxiu\trunk_web\App\Huanxin\Model\EmployerModel.class.php 第 10 行.
NOTIC: [8] Undefined variable: corp_id D:\mysvn\xunxiu\trunk_web\App\Huanxin\Controller\RegisterController.class.php 第 27 行.
NOTIC: [2] Missing argument 1 for Huanxin\Model\EmployerModel::_initialize(), called in D:\mysvn\xunxiu\trunk_web\ThinkPHP\Library\Think\Model.class.php on line 74 and defined D:\mysvn\xunxiu\trunk_web\App\Huanxin\Model\EmployerModel.class.php 第 13 行.
NOTIC: [8] Undefined variable: db_table D:\mysvn\xunxiu\trunk_web\App\Huanxin\Model\EmployerModel.class.php 第 14 行.
ERR: 1146:Table 'guguo_.guguo_guguo_employer' doesn't exist
 [ SQL语句 ] : SHOW COLUMNS FROM `guguo_`.`guguo_guguo_employer`
ERR: 1146:Table 'guguo_.guguo_guguo_employer' doesn't exist
 [ SQL语句 ] : SHOW COLUMNS FROM `guguo_`.`guguo_guguo_employer`

[ 2017-01-14T14:27:22+08:00 ] 127.0.0.1 /index.php/Huanxin/Register/index
INFO: [ app_init ] --START--
INFO: Run Behavior\BuildLiteBehavior [ RunTime:0.000000s ]
INFO: [ app_init ] --END-- [ RunTime:0.004000s ]
INFO: [ app_begin ] --START--
INFO: Run Behavior\ReadHtmlCacheBehavior [ RunTime:0.004000s ]
INFO: [ app_begin ] --END-- [ RunTime:0.006000s ]
NOTIC: [2048] Declaration of Huanxin\Model\EmployerModel::_initialize() should be compatible with Think\Model::_initialize() D:\mysvn\xunxiu\trunk_web\App\Huanxin\Model\EmployerModel.class.php 第 10 行.
NOTIC: [8] Undefined variable: corp_id D:\mysvn\xunxiu\trunk_web\App\Huanxin\Controller\RegisterController.class.php 第 27 行.
NOTIC: [2] Missing argument 1 for Huanxin\Model\EmployerModel::_initialize(), called in D:\mysvn\xunxiu\trunk_web\ThinkPHP\Library\Think\Model.class.php on line 74 and defined D:\mysvn\xunxiu\trunk_web\App\Huanxin\Model\EmployerModel.class.php 第 13 行.
NOTIC: [8] Undefined variable: db_table D:\mysvn\xunxiu\trunk_web\App\Huanxin\Model\EmployerModel.class.php 第 14 行.
ERR: 1146:Table 'guguo_.guguo_employer' doesn't exist
 [ SQL语句 ] : SHOW COLUMNS FROM `guguo_`.`guguo_employer`
ERR: 1146:Table 'guguo_.guguo_employer' doesn't exist
 [ SQL语句 ] : SHOW COLUMNS FROM `guguo_`.`guguo_employer`

[ 2017-01-14T14:32:24+08:00 ] 127.0.0.1 /index.php/Huanxin/Register/regMultiUser
INFO: [ app_init ] --START--
INFO: Run Behavior\BuildLiteBehavior [ RunTime:0.000000s ]
INFO: [ app_init ] --END-- [ RunTime:0.005001s ]
INFO: [ app_begin ] --START--
INFO: Run Behavior\ReadHtmlCacheBehavior [ RunTime:0.002000s ]
INFO: [ app_begin ] --END-- [ RunTime:0.004001s ]
NOTIC: [2048] Declaration of Huanxin\Model\EmployerModel::_initialize() should be compatible with Think\Model::_initialize() D:\mysvn\xunxiu\trunk_web\App\Huanxin\Model\EmployerModel.class.php 第 10 行.
NOTIC: [2] Missing argument 1 for Huanxin\Model\EmployerModel::_initialize(), called in D:\mysvn\xunxiu\trunk_web\ThinkPHP\Library\Think\Model.class.php on line 74 and defined D:\mysvn\xunxiu\trunk_web\App\Huanxin\Model\EmployerModel.class.php 第 13 行.
NOTIC: [8] Undefined variable: db_table D:\mysvn\xunxiu\trunk_web\App\Huanxin\Model\EmployerModel.class.php 第 14 行.
SQL: SHOW COLUMNS FROM `guguo_sdzhongxun`.`guguo_employer` [ RunTime:0.0070s ]
SQL: SELECT `id`,`username`,`password`,`nickname` FROM guguo_sdzhongxun.guguo_employer LIMIT 50   [ RunTime:0.0010s ]

[ 2017-01-14T14:35:07+08:00 ] 127.0.0.1 /index.php/Huanxin/Register/regMultiUser
INFO: [ app_init ] --START--
INFO: Run Behavior\BuildLiteBehavior [ RunTime:0.000000s ]
INFO: [ app_init ] --END-- [ RunTime:0.004000s ]
INFO: [ app_begin ] --START--
INFO: Run Behavior\ReadHtmlCacheBehavior [ RunTime:0.003000s ]
INFO: [ app_begin ] --END-- [ RunTime:0.004000s ]
NOTIC: [2048] Declaration of Huanxin\Model\EmployerModel::_initialize() should be compatible with Think\Model::_initialize() D:\mysvn\xunxiu\trunk_web\App\Huanxin\Model\EmployerModel.class.php 第 10 行.
NOTIC: [2] Missing argument 1 for Huanxin\Model\EmployerModel::_initialize(), called in D:\mysvn\xunxiu\trunk_web\ThinkPHP\Library\Think\Model.class.php on line 74 and defined D:\mysvn\xunxiu\trunk_web\App\Huanxin\Model\EmployerModel.class.php 第 13 行.
NOTIC: [8] Undefined variable: db_table D:\mysvn\xunxiu\trunk_web\App\Huanxin\Model\EmployerModel.class.php 第 14 行.
SQL: SHOW COLUMNS FROM `guguo_sdzhongxun`.`guguo_employer` [ RunTime:0.0060s ]
SQL: SELECT `id`,`telephone`,`password`,`truename` FROM guguo_sdzhongxun.guguo_employer  [ RunTime:0.0000s ]

[ 2017-01-14T14:38:02+08:00 ] 127.0.0.1 /index.php/Huanxin/Register/regMultiUser
INFO: [ app_init ] --START--
INFO: Run Behavior\BuildLiteBehavior [ RunTime:0.001000s ]
INFO: [ app_init ] --END-- [ RunTime:0.002000s ]
INFO: [ app_begin ] --START--
INFO: Run Behavior\ReadHtmlCacheBehavior [ RunTime:0.002000s ]
INFO: [ app_begin ] --END-- [ RunTime:0.004000s ]
NOTIC: [2048] Declaration of Huanxin\Model\EmployerModel::_initialize() should be compatible with Think\Model::_initialize() D:\mysvn\xunxiu\trunk_web\App\Huanxin\Model\EmployerModel.class.php 第 10 行.
NOTIC: [2] Missing argument 1 for Huanxin\Model\EmployerModel::_initialize(), called in D:\mysvn\xunxiu\trunk_web\ThinkPHP\Library\Think\Model.class.php on line 74 and defined D:\mysvn\xunxiu\trunk_web\App\Huanxin\Model\EmployerModel.class.php 第 13 行.
NOTIC: [8] Undefined variable: db_table D:\mysvn\xunxiu\trunk_web\App\Huanxin\Model\EmployerModel.class.php 第 14 行.
SQL: SHOW COLUMNS FROM `guguo_sdzhongxun`.`guguo_employer` [ RunTime:0.0080s ]
SQL: SELECT `id`,`telephone`,`password`,`truename` FROM guguo_sdzhongxun.guguo_employer  [ RunTime:0.0010s ]

[ 2017-01-14T14:39:07+08:00 ] 127.0.0.1 /index.php/Huanxin/Register/regMultiUser
INFO: [ app_init ] --START--
INFO: Run Behavior\BuildLiteBehavior [ RunTime:0.000000s ]
INFO: [ app_init ] --END-- [ RunTime:0.004000s ]
INFO: [ app_begin ] --START--
INFO: Run Behavior\ReadHtmlCacheBehavior [ RunTime:0.002000s ]
INFO: [ app_begin ] --END-- [ RunTime:0.006000s ]
NOTIC: [2048] Declaration of Huanxin\Model\EmployerModel::_initialize() should be compatible with Think\Model::_initialize() D:\mysvn\xunxiu\trunk_web\App\Huanxin\Model\EmployerModel.class.php 第 10 行.
NOTIC: [2] Missing argument 1 for Huanxin\Model\EmployerModel::_initialize(), called in D:\mysvn\xunxiu\trunk_web\ThinkPHP\Library\Think\Model.class.php on line 74 and defined D:\mysvn\xunxiu\trunk_web\App\Huanxin\Model\EmployerModel.class.php 第 13 行.
NOTIC: [8] Undefined variable: db_table D:\mysvn\xunxiu\trunk_web\App\Huanxin\Model\EmployerModel.class.php 第 14 行.
SQL: SHOW COLUMNS FROM `guguo_sdzhongxun`.`guguo_employer` [ RunTime:0.0070s ]
SQL: SELECT `telephone`,`password`,`truename` FROM guguo_sdzhongxun.guguo_employer  [ RunTime:0.0020s ]

[ 2017-01-14T14:39:19+08:00 ] 127.0.0.1 /index.php/Huanxin/Register/regMultiUser
INFO: [ app_init ] --START--
INFO: Run Behavior\BuildLiteBehavior [ RunTime:0.000000s ]
INFO: [ app_init ] --END-- [ RunTime:0.003000s ]
INFO: [ app_begin ] --START--
INFO: Run Behavior\ReadHtmlCacheBehavior [ RunTime:0.002000s ]
INFO: [ app_begin ] --END-- [ RunTime:0.004000s ]
NOTIC: [2048] Declaration of Huanxin\Model\EmployerModel::_initialize() should be compatible with Think\Model::_initialize() D:\mysvn\xunxiu\trunk_web\App\Huanxin\Model\EmployerModel.class.php 第 10 行.
NOTIC: [2] Missing argument 1 for Huanxin\Model\EmployerModel::_initialize(), called in D:\mysvn\xunxiu\trunk_web\ThinkPHP\Library\Think\Model.class.php on line 74 and defined D:\mysvn\xunxiu\trunk_web\App\Huanxin\Model\EmployerModel.class.php 第 13 行.
NOTIC: [8] Undefined variable: db_table D:\mysvn\xunxiu\trunk_web\App\Huanxin\Model\EmployerModel.class.php 第 14 行.
SQL: SHOW COLUMNS FROM `guguo_sdzhongxun`.`guguo_employer` [ RunTime:0.0090s ]
SQL: SELECT `telephone`,`password`,`truename` FROM guguo_sdzhongxun.guguo_employer  [ RunTime:0.0010s ]

[ 2017-01-14T14:39:20+08:00 ] 127.0.0.1 /index.php/Huanxin/Register/regMultiUser
INFO: [ app_init ] --START--
INFO: Run Behavior\BuildLiteBehavior [ RunTime:0.001000s ]
INFO: [ app_init ] --END-- [ RunTime:0.004000s ]
INFO: [ app_begin ] --START--
INFO: Run Behavior\ReadHtmlCacheBehavior [ RunTime:0.002000s ]
INFO: [ app_begin ] --END-- [ RunTime:0.004000s ]
NOTIC: [2048] Declaration of Huanxin\Model\EmployerModel::_initialize() should be compatible with Think\Model::_initialize() D:\mysvn\xunxiu\trunk_web\App\Huanxin\Model\EmployerModel.class.php 第 10 行.
NOTIC: [2] Missing argument 1 for Huanxin\Model\EmployerModel::_initialize(), called in D:\mysvn\xunxiu\trunk_web\ThinkPHP\Library\Think\Model.class.php on line 74 and defined D:\mysvn\xunxiu\trunk_web\App\Huanxin\Model\EmployerModel.class.php 第 13 行.
NOTIC: [8] Undefined variable: db_table D:\mysvn\xunxiu\trunk_web\App\Huanxin\Model\EmployerModel.class.php 第 14 行.
SQL: SHOW COLUMNS FROM `guguo_sdzhongxun`.`guguo_employer` [ RunTime:0.0070s ]
SQL: SELECT `telephone`,`password`,`truename` FROM guguo_sdzhongxun.guguo_employer  [ RunTime:0.0010s ]

[ 2017-01-14T14:39:20+08:00 ] 127.0.0.1 /index.php/Huanxin/Register/regMultiUser
INFO: [ app_init ] --START--
INFO: Run Behavior\BuildLiteBehavior [ RunTime:0.001000s ]
INFO: [ app_init ] --END-- [ RunTime:0.004000s ]
INFO: [ app_begin ] --START--
INFO: Run Behavior\ReadHtmlCacheBehavior [ RunTime:0.002000s ]
INFO: [ app_begin ] --END-- [ RunTime:0.004000s ]
NOTIC: [2048] Declaration of Huanxin\Model\EmployerModel::_initialize() should be compatible with Think\Model::_initialize() D:\mysvn\xunxiu\trunk_web\App\Huanxin\Model\EmployerModel.class.php 第 10 行.
NOTIC: [2] Missing argument 1 for Huanxin\Model\EmployerModel::_initialize(), called in D:\mysvn\xunxiu\trunk_web\ThinkPHP\Library\Think\Model.class.php on line 74 and defined D:\mysvn\xunxiu\trunk_web\App\Huanxin\Model\EmployerModel.class.php 第 13 行.
NOTIC: [8] Undefined variable: db_table D:\mysvn\xunxiu\trunk_web\App\Huanxin\Model\EmployerModel.class.php 第 14 行.
SQL: SHOW COLUMNS FROM `guguo_sdzhongxun`.`guguo_employer` [ RunTime:0.0090s ]
SQL: SELECT `telephone`,`password`,`truename` FROM guguo_sdzhongxun.guguo_employer  [ RunTime:0.0000s ]

[ 2017-01-14T14:43:51+08:00 ] 127.0.0.1 /index.php/Huanxin/Register/regMultiUser
INFO: [ app_init ] --START--
INFO: Run Behavior\BuildLiteBehavior [ RunTime:0.000000s ]
INFO: [ app_init ] --END-- [ RunTime:0.003000s ]
INFO: [ app_begin ] --START--
INFO: Run Behavior\ReadHtmlCacheBehavior [ RunTime:0.002000s ]
INFO: [ app_begin ] --END-- [ RunTime:0.006000s ]
NOTIC: [2048] Declaration of Huanxin\Model\EmployerModel::_initialize() should be compatible with Think\Model::_initialize() D:\mysvn\xunxiu\trunk_web\App\Huanxin\Model\EmployerModel.class.php 第 10 行.
NOTIC: [2] Missing argument 1 for Huanxin\Model\EmployerModel::_initialize(), called in D:\mysvn\xunxiu\trunk_web\ThinkPHP\Library\Think\Model.class.php on line 74 and defined D:\mysvn\xunxiu\trunk_web\App\Huanxin\Model\EmployerModel.class.php 第 16 行.
NOTIC: [8] Undefined variable: db_table D:\mysvn\xunxiu\trunk_web\App\Huanxin\Model\EmployerModel.class.php 第 17 行.
SQL: SHOW COLUMNS FROM `guguo_sdzhongxun`.`guguo_employer` [ RunTime:0.0070s ]
SQL: SELECT `telephone`,`password`,`truename` FROM guguo_sdzhongxun.guguo_employer  [ RunTime:0.0010s ]

[ 2017-01-14T14:43:53+08:00 ] 127.0.0.1 /index.php/Huanxin/Register/regMultiUser
INFO: [ app_init ] --START--
INFO: Run Behavior\BuildLiteBehavior [ RunTime:0.000000s ]
INFO: [ app_init ] --END-- [ RunTime:0.003000s ]
INFO: [ app_begin ] --START--
INFO: Run Behavior\ReadHtmlCacheBehavior [ RunTime:0.002000s ]
INFO: [ app_begin ] --END-- [ RunTime:0.003000s ]
NOTIC: [2048] Declaration of Huanxin\Model\EmployerModel::_initialize() should be compatible with Think\Model::_initialize() D:\mysvn\xunxiu\trunk_web\App\Huanxin\Model\EmployerModel.class.php 第 10 行.
NOTIC: [2] Missing argument 1 for Huanxin\Model\EmployerModel::_initialize(), called in D:\mysvn\xunxiu\trunk_web\ThinkPHP\Library\Think\Model.class.php on line 74 and defined D:\mysvn\xunxiu\trunk_web\App\Huanxin\Model\EmployerModel.class.php 第 16 行.
NOTIC: [8] Undefined variable: db_table D:\mysvn\xunxiu\trunk_web\App\Huanxin\Model\EmployerModel.class.php 第 17 行.
SQL: SHOW COLUMNS FROM `guguo_sdzhongxun`.`guguo_employer` [ RunTime:0.0070s ]
SQL: SELECT `telephone`,`password`,`truename` FROM guguo_sdzhongxun.guguo_employer  [ RunTime:0.0010s ]

[ 2017-01-14T14:43:54+08:00 ] 127.0.0.1 /index.php/Huanxin/Register/regMultiUser
INFO: [ app_init ] --START--
INFO: Run Behavior\BuildLiteBehavior [ RunTime:0.000000s ]
INFO: [ app_init ] --END-- [ RunTime:0.003000s ]
INFO: [ app_begin ] --START--
INFO: Run Behavior\ReadHtmlCacheBehavior [ RunTime:0.002000s ]
INFO: [ app_begin ] --END-- [ RunTime:0.005001s ]
NOTIC: [2048] Declaration of Huanxin\Model\EmployerModel::_initialize() should be compatible with Think\Model::_initialize() D:\mysvn\xunxiu\trunk_web\App\Huanxin\Model\EmployerModel.class.php 第 10 行.
NOTIC: [2] Missing argument 1 for Huanxin\Model\EmployerModel::_initialize(), called in D:\mysvn\xunxiu\trunk_web\ThinkPHP\Library\Think\Model.class.php on line 74 and defined D:\mysvn\xunxiu\trunk_web\App\Huanxin\Model\EmployerModel.class.php 第 16 行.
NOTIC: [8] Undefined variable: db_table D:\mysvn\xunxiu\trunk_web\App\Huanxin\Model\EmployerModel.class.php 第 17 行.
SQL: SHOW COLUMNS FROM `guguo_sdzhongxun`.`guguo_employer` [ RunTime:0.0110s ]
SQL: SELECT `telephone`,`password`,`truename` FROM guguo_sdzhongxun.guguo_employer  [ RunTime:0.0010s ]

[ 2017-01-14T14:57:36+08:00 ] 127.0.0.1 /index.php/Huanxin/Register/regMultiUser
INFO: [ app_init ] --START--
INFO: Run Behavior\BuildLiteBehavior [ RunTime:0.001000s ]
INFO: [ app_init ] --END-- [ RunTime:0.003000s ]
INFO: [ app_begin ] --START--
INFO: Run Behavior\ReadHtmlCacheBehavior [ RunTime:0.003000s ]
INFO: [ app_begin ] --END-- [ RunTime:0.006000s ]
NOTIC: [2048] Declaration of Huanxin\Model\EmployerModel::_initialize() should be compatible with Think\Model::_initialize() D:\mysvn\xunxiu\trunk_web\App\Huanxin\Model\EmployerModel.class.php 第 10 行.
NOTIC: [2] Missing argument 1 for Huanxin\Model\EmployerModel::_initialize(), called in D:\mysvn\xunxiu\trunk_web\ThinkPHP\Library\Think\Model.class.php on line 74 and defined D:\mysvn\xunxiu\trunk_web\App\Huanxin\Model\EmployerModel.class.php 第 16 行.
NOTIC: [8] Undefined variable: db_table D:\mysvn\xunxiu\trunk_web\App\Huanxin\Model\EmployerModel.class.php 第 17 行.
SQL: SHOW COLUMNS FROM `guguo_sdzhongxun`.`guguo_employer` [ RunTime:0.0070s ]
SQL: SELECT `telephone`,`password`,truename as nickname FROM guguo_sdzhongxun.guguo_employer  [ RunTime:0.0010s ]

[ 2017-01-14T15:05:16+08:00 ] 127.0.0.1 /index.php/Huanxin/Register/regMultiUser
INFO: [ app_init ] --START--
INFO: Run Behavior\BuildLiteBehavior [ RunTime:0.000000s ]
INFO: [ app_init ] --END-- [ RunTime:0.003000s ]
INFO: [ app_begin ] --START--
INFO: Run Behavior\ReadHtmlCacheBehavior [ RunTime:0.002000s ]
INFO: [ app_begin ] --END-- [ RunTime:0.004000s ]
NOTIC: [2048] Declaration of Huanxin\Model\EmployerModel::_initialize() should be compatible with Think\Model::_initialize() D:\mysvn\xunxiu\trunk_web\App\Huanxin\Model\EmployerModel.class.php 第 10 行.
NOTIC: [2] Missing argument 1 for Huanxin\Model\EmployerModel::_initialize(), called in D:\mysvn\xunxiu\trunk_web\ThinkPHP\Library\Think\Model.class.php on line 74 and defined D:\mysvn\xunxiu\trunk_web\App\Huanxin\Model\EmployerModel.class.php 第 16 行.
NOTIC: [8] Undefined variable: db_table D:\mysvn\xunxiu\trunk_web\App\Huanxin\Model\EmployerModel.class.php 第 17 行.
SQL: SHOW COLUMNS FROM `guguo_sdzhongxun`.`guguo_employer` [ RunTime:0.0080s ]
SQL: SELECT `telephone`,`password`,truename as nickname FROM guguo_sdzhongxun.guguo_employer  [ RunTime:0.0010s ]

[ 2017-01-14T15:06:50+08:00 ] 127.0.0.1 /index.php/Huanxin/Register/regMultiUser
INFO: [ app_init ] --START--
INFO: Run Behavior\BuildLiteBehavior [ RunTime:0.001000s ]
INFO: [ app_init ] --END-- [ RunTime:0.003000s ]
INFO: [ app_begin ] --START--
INFO: Run Behavior\ReadHtmlCacheBehavior [ RunTime:0.002000s ]
INFO: [ app_begin ] --END-- [ RunTime:0.004000s ]
NOTIC: [2048] Declaration of Huanxin\Model\EmployerModel::_initialize() should be compatible with Think\Model::_initialize() D:\mysvn\xunxiu\trunk_web\App\Huanxin\Model\EmployerModel.class.php 第 10 行.
NOTIC: [2] Missing argument 1 for Huanxin\Model\EmployerModel::_initialize(), called in D:\mysvn\xunxiu\trunk_web\ThinkPHP\Library\Think\Model.class.php on line 74 and defined D:\mysvn\xunxiu\trunk_web\App\Huanxin\Model\EmployerModel.class.php 第 16 行.
NOTIC: [8] Undefined variable: db_table D:\mysvn\xunxiu\trunk_web\App\Huanxin\Model\EmployerModel.class.php 第 17 行.
SQL: SHOW COLUMNS FROM `guguo_sdzhongxun`.`guguo_employer` [ RunTime:0.0060s ]
SQL: SELECT `telephone`,`password`,truename as nickname FROM guguo_sdzhongxun.guguo_employer  [ RunTime:0.0000s ]

[ 2017-01-14T15:07:13+08:00 ] 127.0.0.1 /index.php/Huanxin/Register/regMultiUser
INFO: [ app_init ] --START--
INFO: Run Behavior\BuildLiteBehavior [ RunTime:0.001000s ]
INFO: [ app_init ] --END-- [ RunTime:0.003000s ]
INFO: [ app_begin ] --START--
INFO: Run Behavior\ReadHtmlCacheBehavior [ RunTime:0.002000s ]
INFO: [ app_begin ] --END-- [ RunTime:0.004001s ]
NOTIC: [2048] Declaration of Huanxin\Model\EmployerModel::_initialize() should be compatible with Think\Model::_initialize() D:\mysvn\xunxiu\trunk_web\App\Huanxin\Model\EmployerModel.class.php 第 10 行.
NOTIC: [2] Missing argument 1 for Huanxin\Model\EmployerModel::_initialize(), called in D:\mysvn\xunxiu\trunk_web\ThinkPHP\Library\Think\Model.class.php on line 74 and defined D:\mysvn\xunxiu\trunk_web\App\Huanxin\Model\EmployerModel.class.php 第 16 行.
NOTIC: [8] Undefined variable: db_table D:\mysvn\xunxiu\trunk_web\App\Huanxin\Model\EmployerModel.class.php 第 17 行.
SQL: SHOW COLUMNS FROM `guguo_sdzhongxun`.`guguo_employer` [ RunTime:0.0070s ]
SQL: SELECT telephone as username,`password`,truename as nickname FROM guguo_sdzhongxun.guguo_employer  [ RunTime:0.0010s ]

[ 2017-01-14T15:07:25+08:00 ] 127.0.0.1 /index.php/Huanxin/Register/regMultiUser
INFO: [ app_init ] --START--
INFO: Run Behavior\BuildLiteBehavior [ RunTime:0.000000s ]
INFO: [ app_init ] --END-- [ RunTime:0.004000s ]
INFO: [ app_begin ] --START--
INFO: Run Behavior\ReadHtmlCacheBehavior [ RunTime:0.002000s ]
INFO: [ app_begin ] --END-- [ RunTime:0.003000s ]
NOTIC: [2048] Declaration of Huanxin\Model\EmployerModel::_initialize() should be compatible with Think\Model::_initialize() D:\mysvn\xunxiu\trunk_web\App\Huanxin\Model\EmployerModel.class.php 第 10 行.
NOTIC: [2] Missing argument 1 for Huanxin\Model\EmployerModel::_initialize(), called in D:\mysvn\xunxiu\trunk_web\ThinkPHP\Library\Think\Model.class.php on line 74 and defined D:\mysvn\xunxiu\trunk_web\App\Huanxin\Model\EmployerModel.class.php 第 16 行.
NOTIC: [8] Undefined variable: db_table D:\mysvn\xunxiu\trunk_web\App\Huanxin\Model\EmployerModel.class.php 第 17 行.
SQL: SHOW COLUMNS FROM `guguo_sdzhongxun`.`guguo_employer` [ RunTime:0.0070s ]
SQL: SELECT telephone as username,`password`,truename as nickname FROM guguo_sdzhongxun.guguo_employer  [ RunTime:0.0010s ]

[ 2017-01-14T15:12:57+08:00 ] 192.168.102.78 /index.php/Huanxin/VerifyUser/index
INFO: [ app_init ] --START--
INFO: Run Behavior\BuildLiteBehavior [ RunTime:0.000000s ]
INFO: [ app_init ] --END-- [ RunTime:0.000000s ]
INFO: [ app_begin ] --START--
INFO: Run Behavior\ReadHtmlCacheBehavior [ RunTime:0.000000s ]
INFO: [ app_begin ] --END-- [ RunTime:0.000000s ]
SQL: SHOW COLUMNS FROM `guguo_user_corporation` [ RunTime:0.0060s ]
SQL: SELECT `corp_name` FROM `guguo_user_corporation` WHERE `telephone` = '13322221111' LIMIT 1   [ RunTime:0.0010s ]
NOTIC: [2048] Declaration of Huanxin\Model\EmployerModel::_initialize() should be compatible with Think\Model::_initialize() D:\mysvn\xunxiu\trunk_web\App\Huanxin\Model\EmployerModel.class.php 第 35 行.
NOTIC: [2] Missing argument 1 for Huanxin\Model\EmployerModel::_initialize(), called in D:\mysvn\xunxiu\trunk_web\ThinkPHP\Library\Think\Model.class.php on line 74 and defined D:\mysvn\xunxiu\trunk_web\App\Huanxin\Model\EmployerModel.class.php 第 16 行.
NOTIC: [8] Undefined variable: db_table D:\mysvn\xunxiu\trunk_web\App\Huanxin\Model\EmployerModel.class.php 第 17 行.
SQL: SHOW COLUMNS FROM `guguo_sdzhongxun`.`guguo_employer` [ RunTime:0.0070s ]
SQL: SELECT `password`,`truename`,`userpic` FROM guguo_sdzhongxun.guguo_employer WHERE `telephone` = '13322221111' LIMIT 1   [ RunTime:0.0010s ]
INFO: [ app_end ] --START--
INFO: Run Behavior\ShowPageTraceBehavior [ RunTime:0.002000s ]
INFO: [ app_end ] --END-- [ RunTime:0.003000s ]

[ 2017-01-14T15:13:14+08:00 ] 192.168.102.78 /index.php/Huanxin/VerifyUser/index
INFO: [ app_init ] --START--
INFO: Run Behavior\BuildLiteBehavior [ RunTime:0.000000s ]
INFO: [ app_init ] --END-- [ RunTime:0.003001s ]
INFO: [ app_begin ] --START--
INFO: Run Behavior\ReadHtmlCacheBehavior [ RunTime:0.001000s ]
INFO: [ app_begin ] --END-- [ RunTime:0.003000s ]
SQL: SHOW COLUMNS FROM `guguo_user_corporation` [ RunTime:0.0070s ]
SQL: SELECT `corp_name` FROM `guguo_user_corporation` WHERE `telephone` = '13322221111' LIMIT 1   [ RunTime:0.0000s ]
NOTIC: [2048] Declaration of Huanxin\Model\EmployerModel::_initialize() should be compatible with Think\Model::_initialize() D:\mysvn\xunxiu\trunk_web\App\Huanxin\Model\EmployerModel.class.php 第 35 行.
NOTIC: [2] Missing argument 1 for Huanxin\Model\EmployerModel::_initialize(), called in D:\mysvn\xunxiu\trunk_web\ThinkPHP\Library\Think\Model.class.php on line 74 and defined D:\mysvn\xunxiu\trunk_web\App\Huanxin\Model\EmployerModel.class.php 第 16 行.
NOTIC: [8] Undefined variable: db_table D:\mysvn\xunxiu\trunk_web\App\Huanxin\Model\EmployerModel.class.php 第 17 行.
SQL: SHOW COLUMNS FROM `guguo_sdzhongxun`.`guguo_employer` [ RunTime:0.0060s ]
SQL: SELECT `password`,`truename`,`userpic` FROM guguo_sdzhongxun.guguo_employer WHERE `telephone` = '13322221111' LIMIT 1   [ RunTime:0.0000s ]
INFO: [ app_end ] --START--
INFO: Run Behavior\ShowPageTraceBehavior [ RunTime:0.002000s ]
INFO: [ app_end ] --END-- [ RunTime:0.004000s ]

[ 2017-01-14T15:13:25+08:00 ] 192.168.102.78 /index.php/Huanxin/VerifyUser/index
INFO: [ app_init ] --START--
INFO: Run Behavior\BuildLiteBehavior [ RunTime:0.001000s ]
INFO: [ app_init ] --END-- [ RunTime:0.002000s ]
INFO: [ app_begin ] --START--
INFO: Run Behavior\ReadHtmlCacheBehavior [ RunTime:0.002001s ]
INFO: [ app_begin ] --END-- [ RunTime:0.004001s ]
SQL: SHOW COLUMNS FROM `guguo_user_corporation` [ RunTime:0.0060s ]
SQL: SELECT `corp_name` FROM `guguo_user_corporation` WHERE `telephone` = '13322221111' LIMIT 1   [ RunTime:0.0000s ]
NOTIC: [2048] Declaration of Huanxin\Model\EmployerModel::_initialize() should be compatible with Think\Model::_initialize() D:\mysvn\xunxiu\trunk_web\App\Huanxin\Model\EmployerModel.class.php 第 35 行.
NOTIC: [2] Missing argument 1 for Huanxin\Model\EmployerModel::_initialize(), called in D:\mysvn\xunxiu\trunk_web\ThinkPHP\Library\Think\Model.class.php on line 74 and defined D:\mysvn\xunxiu\trunk_web\App\Huanxin\Model\EmployerModel.class.php 第 16 行.
NOTIC: [8] Undefined variable: db_table D:\mysvn\xunxiu\trunk_web\App\Huanxin\Model\EmployerModel.class.php 第 17 行.
SQL: SHOW COLUMNS FROM `guguo_sdzhongxun`.`guguo_employer` [ RunTime:0.0080s ]
SQL: SELECT `password`,`truename`,`userpic` FROM guguo_sdzhongxun.guguo_employer WHERE `telephone` = '13322221111' LIMIT 1   [ RunTime:0.0000s ]
INFO: [ app_end ] --START--
INFO: Run Behavior\ShowPageTraceBehavior [ RunTime:0.001000s ]
INFO: [ app_end ] --END-- [ RunTime:0.003001s ]

[ 2017-01-14T15:13:28+08:00 ] 127.0.0.1 /index.php/Huanxin/VerifyUser/index/telephone/13322223333/password/87654321/
INFO: [ app_init ] --START--
INFO: Run Behavior\BuildLiteBehavior [ RunTime:0.000000s ]
INFO: [ app_init ] --END-- [ RunTime:0.003001s ]
INFO: [ app_begin ] --START--
INFO: Run Behavior\ReadHtmlCacheBehavior [ RunTime:0.002001s ]
INFO: [ app_begin ] --END-- [ RunTime:0.004001s ]
NOTIC: [8] Undefined index: telephone D:\mysvn\xunxiu\trunk_web\App\Huanxin\Controller\VerifyUserController.class.php 第 17 行.
NOTIC: [8] Undefined index: password D:\mysvn\xunxiu\trunk_web\App\Huanxin\Controller\VerifyUserController.class.php 第 18 行.
INFO: [ app_end ] --START--
INFO: Run Behavior\ShowPageTraceBehavior [ RunTime:0.002000s ]
INFO: [ app_end ] --END-- [ RunTime:0.003000s ]

[ 2017-01-14T15:13:30+08:00 ] 192.168.102.78 /index.php/Huanxin/VerifyUser/index
INFO: [ app_init ] --START--
INFO: Run Behavior\BuildLiteBehavior [ RunTime:0.000000s ]
INFO: [ app_init ] --END-- [ RunTime:0.010000s ]
INFO: [ app_begin ] --START--
INFO: Run Behavior\ReadHtmlCacheBehavior [ RunTime:0.000000s ]
INFO: [ app_begin ] --END-- [ RunTime:0.000000s ]
SQL: SHOW COLUMNS FROM `guguo_user_corporation` [ RunTime:0.0060s ]
SQL: SELECT `corp_name` FROM `guguo_user_corporation` WHERE `telephone` = '13322221111' LIMIT 1   [ RunTime:0.0000s ]
NOTIC: [2048] Declaration of Huanxin\Model\EmployerModel::_initialize() should be compatible with Think\Model::_initialize() D:\mysvn\xunxiu\trunk_web\App\Huanxin\Model\EmployerModel.class.php 第 35 行.
NOTIC: [2] Missing argument 1 for Huanxin\Model\EmployerModel::_initialize(), called in D:\mysvn\xunxiu\trunk_web\ThinkPHP\Library\Think\Model.class.php on line 74 and defined D:\mysvn\xunxiu\trunk_web\App\Huanxin\Model\EmployerModel.class.php 第 16 行.
NOTIC: [8] Undefined variable: db_table D:\mysvn\xunxiu\trunk_web\App\Huanxin\Model\EmployerModel.class.php 第 17 行.
SQL: SHOW COLUMNS FROM `guguo_sdzhongxun`.`guguo_employer` [ RunTime:0.0070s ]
SQL: SELECT `password`,`truename`,`userpic` FROM guguo_sdzhongxun.guguo_employer WHERE `telephone` = '13322221111' LIMIT 1   [ RunTime:0.0010s ]
INFO: [ app_end ] --START--
INFO: Run Behavior\ShowPageTraceBehavior [ RunTime:0.002000s ]
INFO: [ app_end ] --END-- [ RunTime:0.004000s ]

[ 2017-01-14T15:14:21+08:00 ] 192.168.102.78 /index.php/Huanxin/VerifyUser/index
INFO: [ app_init ] --START--
INFO: Run Behavior\BuildLiteBehavior [ RunTime:0.000000s ]
INFO: [ app_init ] --END-- [ RunTime:0.002000s ]
INFO: [ app_begin ] --START--
INFO: Run Behavior\ReadHtmlCacheBehavior [ RunTime:0.002000s ]
INFO: [ app_begin ] --END-- [ RunTime:0.004000s ]
SQL: SHOW COLUMNS FROM `guguo_user_corporation` [ RunTime:0.0060s ]
SQL: SELECT `corp_name` FROM `guguo_user_corporation` WHERE `telephone` = '13322221111' LIMIT 1   [ RunTime:0.0010s ]
NOTIC: [2048] Declaration of Huanxin\Model\EmployerModel::_initialize() should be compatible with Think\Model::_initialize() D:\mysvn\xunxiu\trunk_web\App\Huanxin\Model\EmployerModel.class.php 第 35 行.
NOTIC: [2] Missing argument 1 for Huanxin\Model\EmployerModel::_initialize(), called in D:\mysvn\xunxiu\trunk_web\ThinkPHP\Library\Think\Model.class.php on line 74 and defined D:\mysvn\xunxiu\trunk_web\App\Huanxin\Model\EmployerModel.class.php 第 16 行.
NOTIC: [8] Undefined variable: db_table D:\mysvn\xunxiu\trunk_web\App\Huanxin\Model\EmployerModel.class.php 第 17 行.
SQL: SHOW COLUMNS FROM `guguo_sdzhongxun`.`guguo_employer` [ RunTime:0.0070s ]
SQL: SELECT `password`,`truename`,`userpic` FROM guguo_sdzhongxun.guguo_employer WHERE `telephone` = '13322221111' LIMIT 1   [ RunTime:0.0030s ]
INFO: [ app_end ] --START--
INFO: Run Behavior\ShowPageTraceBehavior [ RunTime:0.002000s ]
INFO: [ app_end ] --END-- [ RunTime:0.007000s ]

[ 2017-01-14T15:15:40+08:00 ] 192.168.102.78 /index.php/Huanxin/VerifyUser/index
INFO: [ app_init ] --START--
INFO: Run Behavior\BuildLiteBehavior [ RunTime:0.001000s ]
INFO: [ app_init ] --END-- [ RunTime:0.011000s ]
INFO: [ app_begin ] --START--
INFO: Run Behavior\ReadHtmlCacheBehavior [ RunTime:0.002000s ]
INFO: [ app_begin ] --END-- [ RunTime:0.003000s ]
SQL: SHOW COLUMNS FROM `guguo_user_corporation` [ RunTime:0.0060s ]
SQL: SELECT `corp_name` FROM `guguo_user_corporation` WHERE `telephone` = '13322221111' LIMIT 1   [ RunTime:0.0010s ]
NOTIC: [2048] Declaration of Huanxin\Model\EmployerModel::_initialize() should be compatible with Think\Model::_initialize() D:\mysvn\xunxiu\trunk_web\App\Huanxin\Model\EmployerModel.class.php 第 35 行.
NOTIC: [2] Missing argument 1 for Huanxin\Model\EmployerModel::_initialize(), called in D:\mysvn\xunxiu\trunk_web\ThinkPHP\Library\Think\Model.class.php on line 74 and defined D:\mysvn\xunxiu\trunk_web\App\Huanxin\Model\EmployerModel.class.php 第 16 行.
NOTIC: [8] Undefined variable: db_table D:\mysvn\xunxiu\trunk_web\App\Huanxin\Model\EmployerModel.class.php 第 17 行.
SQL: SHOW COLUMNS FROM `guguo_sdzhongxun`.`guguo_employer` [ RunTime:0.0070s ]
SQL: SELECT `password`,`truename`,`userpic` FROM guguo_sdzhongxun.guguo_employer WHERE `telephone` = '13322221111' LIMIT 1   [ RunTime:0.0000s ]
INFO: [ app_end ] --START--
INFO: Run Behavior\ShowPageTraceBehavior [ RunTime:0.001000s ]
INFO: [ app_end ] --END-- [ RunTime:0.003000s ]

[ 2017-01-14T15:15:53+08:00 ] 192.168.102.78 /index.php/Huanxin/VerifyUser/index
INFO: [ app_init ] --START--
INFO: Run Behavior\BuildLiteBehavior [ RunTime:0.000000s ]
INFO: [ app_init ] --END-- [ RunTime:0.000000s ]
INFO: [ app_begin ] --START--
INFO: Run Behavior\ReadHtmlCacheBehavior [ RunTime:0.000000s ]
INFO: [ app_begin ] --END-- [ RunTime:0.010000s ]
SQL: SHOW COLUMNS FROM `guguo_user_corporation` [ RunTime:0.0070s ]
SQL: SELECT `corp_name` FROM `guguo_user_corporation` WHERE `telephone` = '13322221111' LIMIT 1   [ RunTime:0.0000s ]
NOTIC: [2048] Declaration of Huanxin\Model\EmployerModel::_initialize() should be compatible with Think\Model::_initialize() D:\mysvn\xunxiu\trunk_web\App\Huanxin\Model\EmployerModel.class.php 第 35 行.
NOTIC: [2] Missing argument 1 for Huanxin\Model\EmployerModel::_initialize(), called in D:\mysvn\xunxiu\trunk_web\ThinkPHP\Library\Think\Model.class.php on line 74 and defined D:\mysvn\xunxiu\trunk_web\App\Huanxin\Model\EmployerModel.class.php 第 16 行.
NOTIC: [8] Undefined variable: db_table D:\mysvn\xunxiu\trunk_web\App\Huanxin\Model\EmployerModel.class.php 第 17 行.
SQL: SHOW COLUMNS FROM `guguo_sdzhongxun`.`guguo_employer` [ RunTime:0.0060s ]
SQL: SELECT `password`,`truename`,`userpic` FROM guguo_sdzhongxun.guguo_employer WHERE `telephone` = '13322221111' LIMIT 1   [ RunTime:0.0010s ]
INFO: [ app_end ] --START--
INFO: Run Behavior\ShowPageTraceBehavior [ RunTime:0.002000s ]
INFO: [ app_end ] --END-- [ RunTime:0.003000s ]

[ 2017-01-14T15:16:07+08:00 ] 192.168.102.78 /index.php/Huanxin/VerifyUser/index
INFO: [ app_init ] --START--
INFO: Run Behavior\BuildLiteBehavior [ RunTime:0.000000s ]
INFO: [ app_init ] --END-- [ RunTime:0.000000s ]
INFO: [ app_begin ] --START--
INFO: Run Behavior\ReadHtmlCacheBehavior [ RunTime:0.000000s ]
INFO: [ app_begin ] --END-- [ RunTime:0.010000s ]
SQL: SHOW COLUMNS FROM `guguo_user_corporation` [ RunTime:0.0130s ]
SQL: SELECT `corp_name` FROM `guguo_user_corporation` WHERE `telephone` = '13322221111' LIMIT 1   [ RunTime:0.0000s ]
NOTIC: [2048] Declaration of Huanxin\Model\EmployerModel::_initialize() should be compatible with Think\Model::_initialize() D:\mysvn\xunxiu\trunk_web\App\Huanxin\Model\EmployerModel.class.php 第 35 行.
NOTIC: [2] Missing argument 1 for Huanxin\Model\EmployerModel::_initialize(), called in D:\mysvn\xunxiu\trunk_web\ThinkPHP\Library\Think\Model.class.php on line 74 and defined D:\mysvn\xunxiu\trunk_web\App\Huanxin\Model\EmployerModel.class.php 第 16 行.
NOTIC: [8] Undefined variable: db_table D:\mysvn\xunxiu\trunk_web\App\Huanxin\Model\EmployerModel.class.php 第 17 行.
SQL: SHOW COLUMNS FROM `guguo_sdzhongxun`.`guguo_employer` [ RunTime:0.0070s ]
SQL: SELECT `password`,`truename`,`userpic` FROM guguo_sdzhongxun.guguo_employer WHERE `telephone` = '13322221111' LIMIT 1   [ RunTime:0.0010s ]
INFO: [ app_end ] --START--
INFO: Run Behavior\ShowPageTraceBehavior [ RunTime:0.002000s ]
INFO: [ app_end ] --END-- [ RunTime:0.004000s ]

[ 2017-01-14T15:19:33+08:00 ] 127.0.0.1 /index.php/Huanxin/VerifyUser/index/telephone/13322223333/password/87654321/
INFO: [ app_init ] --START--
INFO: Run Behavior\BuildLiteBehavior [ RunTime:0.000000s ]
INFO: [ app_init ] --END-- [ RunTime:0.003000s ]
INFO: [ app_begin ] --START--
INFO: Run Behavior\ReadHtmlCacheBehavior [ RunTime:0.004000s ]
INFO: [ app_begin ] --END-- [ RunTime:0.005000s ]
NOTIC: [8] Undefined index: telephone D:\mysvn\xunxiu\trunk_web\App\Huanxin\Controller\VerifyUserController.class.php 第 17 行.
NOTIC: [8] Undefined index: password D:\mysvn\xunxiu\trunk_web\App\Huanxin\Controller\VerifyUserController.class.php 第 18 行.
INFO: [ app_end ] --START--
INFO: Run Behavior\ShowPageTraceBehavior [ RunTime:0.002001s ]
INFO: [ app_end ] --END-- [ RunTime:0.004001s ]

[ 2017-01-14T15:19:50+08:00 ] 127.0.0.1 /index.php/Huanxin/NewVerifyUser/index/telephone/13322223333/password/87654321/
INFO: [ app_init ] --START--
INFO: Run Behavior\BuildLiteBehavior [ RunTime:0.000000s ]
INFO: [ app_init ] --END-- [ RunTime:0.003000s ]
INFO: [ app_begin ] --START--
INFO: Run Behavior\ReadHtmlCacheBehavior [ RunTime:0.002000s ]
INFO: [ app_begin ] --END-- [ RunTime:0.003000s ]
SQL: SHOW COLUMNS FROM `guguo_user_corporation` [ RunTime:0.0060s ]
SQL: SELECT `corp_name` FROM `guguo_user_corporation` WHERE `telephone` = '13322223333' LIMIT 1   [ RunTime:0.0000s ]
NOTIC: [2048] Declaration of Huanxin\Model\EmployerModel::_initialize() should be compatible with Think\Model::_initialize() D:\mysvn\xunxiu\trunk_web\App\Huanxin\Model\EmployerModel.class.php 第 35 行.
NOTIC: [2] Missing argument 1 for Huanxin\Model\EmployerModel::_initialize(), called in D:\mysvn\xunxiu\trunk_web\ThinkPHP\Library\Think\Model.class.php on line 74 and defined D:\mysvn\xunxiu\trunk_web\App\Huanxin\Model\EmployerModel.class.php 第 16 行.
NOTIC: [8] Undefined variable: db_table D:\mysvn\xunxiu\trunk_web\App\Huanxin\Model\EmployerModel.class.php 第 17 行.
SQL: SHOW COLUMNS FROM `guguo_sdzhongxun`.`guguo_employer` [ RunTime:0.0080s ]
SQL: SELECT `password`,`truename`,`userpic` FROM guguo_sdzhongxun.guguo_employer WHERE `telephone` = '13322223333' LIMIT 1   [ RunTime:0.0010s ]
INFO: [ app_end ] --START--
INFO: Run Behavior\ShowPageTraceBehavior [ RunTime:0.002000s ]
INFO: [ app_end ] --END-- [ RunTime:0.003001s ]

[ 2017-01-14T15:22:28+08:00 ] 127.0.0.1 /index.php/Huanxin/NewVerifyUser/index/telephone/13322223333/password/87654321/
INFO: [ app_init ] --START--
INFO: Run Behavior\BuildLiteBehavior [ RunTime:0.000000s ]
INFO: [ app_init ] --END-- [ RunTime:0.003000s ]
INFO: [ app_begin ] --START--
INFO: Run Behavior\ReadHtmlCacheBehavior [ RunTime:0.002000s ]
INFO: [ app_begin ] --END-- [ RunTime:0.003000s ]
SQL: SHOW COLUMNS FROM `guguo_user_corporation` [ RunTime:0.0080s ]
SQL: SELECT `corp_name` FROM `guguo_user_corporation` WHERE `telephone` = '13322223333' LIMIT 1   [ RunTime:0.0010s ]
NOTIC: [2048] Declaration of Huanxin\Model\EmployerModel::_initialize() should be compatible with Think\Model::_initialize() D:\mysvn\xunxiu\trunk_web\App\Huanxin\Model\EmployerModel.class.php 第 32 行.
NOTIC: [2] Missing argument 1 for Huanxin\Model\EmployerModel::_initialize(), called in D:\mysvn\xunxiu\trunk_web\ThinkPHP\Library\Think\Model.class.php on line 74 and defined D:\mysvn\xunxiu\trunk_web\App\Huanxin\Model\EmployerModel.class.php 第 13 行.
NOTIC: [8] Undefined variable: db_table D:\mysvn\xunxiu\trunk_web\App\Huanxin\Model\EmployerModel.class.php 第 14 行.
SQL: SHOW COLUMNS FROM `guguo_sdzhongxun`.`guguo_employer` [ RunTime:0.0070s ]
SQL: SELECT `password`,`truename`,`userpic` FROM guguo_sdzhongxun.guguo_employer WHERE `telephone` = '13322223333' LIMIT 1   [ RunTime:0.0000s ]
INFO: [ app_end ] --START--
INFO: Run Behavior\ShowPageTraceBehavior [ RunTime:0.002000s ]
INFO: [ app_end ] --END-- [ RunTime:0.005000s ]

[ 2017-01-14T15:23:19+08:00 ] 192.168.102.78 /index.php/Huanxin/VerifyUser/index
INFO: [ app_init ] --START--
INFO: Run Behavior\BuildLiteBehavior [ RunTime:0.000000s ]
INFO: [ app_init ] --END-- [ RunTime:0.000000s ]
INFO: [ app_begin ] --START--
INFO: Run Behavior\ReadHtmlCacheBehavior [ RunTime:0.000000s ]
INFO: [ app_begin ] --END-- [ RunTime:0.000000s ]
SQL: SHOW COLUMNS FROM `guguo_user_corporation` [ RunTime:0.0000s ]
SQL: SELECT `corp_name` FROM `guguo_user_corporation` WHERE `telephone` = '13322223333' LIMIT 1   [ RunTime:0.0010s ]
NOTIC: [2048] Declaration of Huanxin\Model\EmployerModel::_initialize() should be compatible with Think\Model::_initialize() D:\mysvn\xunxiu\trunk_web\App\Huanxin\Model\EmployerModel.class.php 第 32 行.
NOTIC: [2] Missing argument 1 for Huanxin\Model\EmployerModel::_initialize(), called in D:\mysvn\xunxiu\trunk_web\ThinkPHP\Library\Think\Model.class.php on line 74 and defined D:\mysvn\xunxiu\trunk_web\App\Huanxin\Model\EmployerModel.class.php 第 13 行.
NOTIC: [8] Undefined variable: db_table D:\mysvn\xunxiu\trunk_web\App\Huanxin\Model\EmployerModel.class.php 第 14 行.
SQL: SHOW COLUMNS FROM `guguo_sdzhongxun`.`guguo_employer` [ RunTime:0.0070s ]
SQL: SELECT `password`,`truename`,`userpic` FROM guguo_sdzhongxun.guguo_employer WHERE `telephone` = '13322223333' LIMIT 1   [ RunTime:0.0000s ]
INFO: [ app_end ] --START--
INFO: Run Behavior\ShowPageTraceBehavior [ RunTime:0.010000s ]
INFO: [ app_end ] --END-- [ RunTime:0.011000s ]

[ 2017-01-14T15:27:23+08:00 ] 192.168.102.78 /index.php/Huanxin/VerifyUser/index
INFO: [ app_init ] --START--
INFO: Run Behavior\BuildLiteBehavior [ RunTime:0.000000s ]
INFO: [ app_init ] --END-- [ RunTime:0.000000s ]
INFO: [ app_begin ] --START--
INFO: Run Behavior\ReadHtmlCacheBehavior [ RunTime:0.000000s ]
INFO: [ app_begin ] --END-- [ RunTime:0.010000s ]
SQL: SHOW COLUMNS FROM `guguo_user_corporation` [ RunTime:0.0070s ]
SQL: SELECT `corp_name` FROM `guguo_user_corporation` WHERE `telephone` = '13322223333' LIMIT 1   [ RunTime:0.0010s ]
NOTIC: [2048] Declaration of Huanxin\Model\EmployerModel::_initialize() should be compatible with Think\Model::_initialize() D:\mysvn\xunxiu\trunk_web\App\Huanxin\Model\EmployerModel.class.php 第 32 行.
NOTIC: [2] Missing argument 1 for Huanxin\Model\EmployerModel::_initialize(), called in D:\mysvn\xunxiu\trunk_web\ThinkPHP\Library\Think\Model.class.php on line 74 and defined D:\mysvn\xunxiu\trunk_web\App\Huanxin\Model\EmployerModel.class.php 第 13 行.
NOTIC: [8] Undefined variable: db_table D:\mysvn\xunxiu\trunk_web\App\Huanxin\Model\EmployerModel.class.php 第 14 行.
SQL: SHOW COLUMNS FROM `guguo_sdzhongxun`.`guguo_employer` [ RunTime:0.0080s ]
SQL: SELECT `password`,`truename`,`userpic` FROM guguo_sdzhongxun.guguo_employer WHERE `telephone` = '13322223333' LIMIT 1   [ RunTime:0.0010s ]
INFO: [ app_end ] --START--
INFO: Run Behavior\ShowPageTraceBehavior [ RunTime:0.002000s ]
INFO: [ app_end ] --END-- [ RunTime:0.004000s ]

[ 2017-01-14T15:28:08+08:00 ] 192.168.102.78 /index.php/Huanxin/VerifyUser/index
INFO: [ app_init ] --START--
INFO: Run Behavior\BuildLiteBehavior [ RunTime:0.000000s ]
INFO: [ app_init ] --END-- [ RunTime:0.003000s ]
INFO: [ app_begin ] --START--
INFO: Run Behavior\ReadHtmlCacheBehavior [ RunTime:0.002000s ]
INFO: [ app_begin ] --END-- [ RunTime:0.004000s ]
SQL: SHOW COLUMNS FROM `guguo_user_corporation` [ RunTime:0.0060s ]
SQL: SELECT `corp_name` FROM `guguo_user_corporation` WHERE `telephone` = '13322221111' LIMIT 1   [ RunTime:0.0030s ]
NOTIC: [2048] Declaration of Huanxin\Model\EmployerModel::_initialize() should be compatible with Think\Model::_initialize() D:\mysvn\xunxiu\trunk_web\App\Huanxin\Model\EmployerModel.class.php 第 32 行.
NOTIC: [2] Missing argument 1 for Huanxin\Model\EmployerModel::_initialize(), called in D:\mysvn\xunxiu\trunk_web\ThinkPHP\Library\Think\Model.class.php on line 74 and defined D:\mysvn\xunxiu\trunk_web\App\Huanxin\Model\EmployerModel.class.php 第 13 行.
NOTIC: [8] Undefined variable: db_table D:\mysvn\xunxiu\trunk_web\App\Huanxin\Model\EmployerModel.class.php 第 14 行.
SQL: SHOW COLUMNS FROM `guguo_sdzhongxun`.`guguo_employer` [ RunTime:0.0060s ]
SQL: SELECT `password`,`truename`,`userpic` FROM guguo_sdzhongxun.guguo_employer WHERE `telephone` = '13322221111' LIMIT 1   [ RunTime:0.0010s ]
INFO: [ app_end ] --START--
INFO: Run Behavior\ShowPageTraceBehavior [ RunTime:0.002000s ]
INFO: [ app_end ] --END-- [ RunTime:0.003000s ]

[ 2017-01-14T16:18:52+08:00 ] 127.0.0.1 /index.php/Huanxin/Register/regMultiUser
INFO: [ app_init ] --START--
INFO: Run Behavior\BuildLiteBehavior [ RunTime:0.000000s ]
INFO: [ app_init ] --END-- [ RunTime:0.003000s ]
INFO: [ app_begin ] --START--
INFO: Run Behavior\ReadHtmlCacheBehavior [ RunTime:0.001000s ]
INFO: [ app_begin ] --END-- [ RunTime:0.003000s ]
NOTIC: [2048] Declaration of Huanxin\Model\EmployerModel::_initialize() should be compatible with Think\Model::_initialize() D:\mysvn\xunxiu\trunk_web\App\Huanxin\Model\EmployerModel.class.php 第 10 行.
NOTIC: [2] Missing argument 1 for Huanxin\Model\EmployerModel::_initialize(), called in D:\mysvn\xunxiu\trunk_web\ThinkPHP\Library\Think\Model.class.php on line 74 and defined D:\mysvn\xunxiu\trunk_web\App\Huanxin\Model\EmployerModel.class.php 第 13 行.
NOTIC: [8] Undefined variable: db_table D:\mysvn\xunxiu\trunk_web\App\Huanxin\Model\EmployerModel.class.php 第 14 行.
SQL: SHOW COLUMNS FROM `guguo_sdzhongxun`.`guguo_employer` [ RunTime:0.0070s ]
SQL: SELECT telephone as username,`password`,truename as nickname FROM guguo_sdzhongxun.guguo_employer  [ RunTime:0.0010s ]
NOTIC: [8] Undefined variable: b D:\mysvn\xunxiu\trunk_web\App\Huanxin\Controller\RegisterController.class.php 第 72 行.
INFO: [ app_end ] --START--
INFO: Run Behavior\ShowPageTraceBehavior [ RunTime:0.002000s ]
INFO: [ app_end ] --END-- [ RunTime:0.003000s ]

[ 2017-01-14T16:19:38+08:00 ] 127.0.0.1 /index.php/Huanxin/Register/regMultiUser
INFO: [ app_init ] --START--
INFO: Run Behavior\BuildLiteBehavior [ RunTime:0.001000s ]
INFO: [ app_init ] --END-- [ RunTime:0.002000s ]
INFO: [ app_begin ] --START--
INFO: Run Behavior\ReadHtmlCacheBehavior [ RunTime:0.002000s ]
INFO: [ app_begin ] --END-- [ RunTime:0.004000s ]
NOTIC: [2048] Declaration of Huanxin\Model\EmployerModel::_initialize() should be compatible with Think\Model::_initialize() D:\mysvn\xunxiu\trunk_web\App\Huanxin\Model\EmployerModel.class.php 第 10 行.
NOTIC: [2] Missing argument 1 for Huanxin\Model\EmployerModel::_initialize(), called in D:\mysvn\xunxiu\trunk_web\ThinkPHP\Library\Think\Model.class.php on line 74 and defined D:\mysvn\xunxiu\trunk_web\App\Huanxin\Model\EmployerModel.class.php 第 13 行.
NOTIC: [8] Undefined variable: db_table D:\mysvn\xunxiu\trunk_web\App\Huanxin\Model\EmployerModel.class.php 第 14 行.
SQL: SHOW COLUMNS FROM `guguo_sdzhongxun`.`guguo_employer` [ RunTime:0.0070s ]
SQL: SELECT telephone as username,`password`,truename as nickname FROM guguo_sdzhongxun.guguo_employer  [ RunTime:0.0000s ]
NOTIC: [8] Undefined variable: b D:\mysvn\xunxiu\trunk_web\App\Huanxin\Controller\RegisterController.class.php 第 72 行.
INFO: [ app_end ] --START--
INFO: Run Behavior\ShowPageTraceBehavior [ RunTime:0.002000s ]
INFO: [ app_end ] --END-- [ RunTime:0.004000s ]

[ 2017-01-14T16:22:12+08:00 ] 127.0.0.1 /index.php/Huanxin/Register/regMultiUser
INFO: [ app_init ] --START--
INFO: Run Behavior\BuildLiteBehavior [ RunTime:0.000000s ]
INFO: [ app_init ] --END-- [ RunTime:0.003000s ]
INFO: [ app_begin ] --START--
INFO: Run Behavior\ReadHtmlCacheBehavior [ RunTime:0.001000s ]
INFO: [ app_begin ] --END-- [ RunTime:0.003000s ]
NOTIC: [2048] Declaration of Huanxin\Model\EmployerModel::_initialize() should be compatible with Think\Model::_initialize() D:\mysvn\xunxiu\trunk_web\App\Huanxin\Model\EmployerModel.class.php 第 10 行.
NOTIC: [2] Missing argument 1 for Huanxin\Model\EmployerModel::_initialize(), called in D:\mysvn\xunxiu\trunk_web\ThinkPHP\Library\Think\Model.class.php on line 74 and defined D:\mysvn\xunxiu\trunk_web\App\Huanxin\Model\EmployerModel.class.php 第 13 行.
NOTIC: [8] Undefined variable: db_table D:\mysvn\xunxiu\trunk_web\App\Huanxin\Model\EmployerModel.class.php 第 14 行.
SQL: SHOW COLUMNS FROM `guguo_sdzhongxun`.`guguo_employer` [ RunTime:0.0060s ]
SQL: SELECT telephone as username,`password`,truename as nickname FROM guguo_sdzhongxun.guguo_employer  [ RunTime:0.0000s ]

[ 2017-01-14T16:22:40+08:00 ] 127.0.0.1 /index.php/Huanxin/Register/regMultiUser
INFO: [ app_init ] --START--
INFO: Run Behavior\BuildLiteBehavior [ RunTime:0.000000s ]
INFO: [ app_init ] --END-- [ RunTime:0.002001s ]
INFO: [ app_begin ] --START--
INFO: Run Behavior\ReadHtmlCacheBehavior [ RunTime:0.002000s ]
INFO: [ app_begin ] --END-- [ RunTime:0.004001s ]
NOTIC: [2048] Declaration of Huanxin\Model\EmployerModel::_initialize() should be compatible with Think\Model::_initialize() D:\mysvn\xunxiu\trunk_web\App\Huanxin\Model\EmployerModel.class.php 第 10 行.
NOTIC: [2] Missing argument 1 for Huanxin\Model\EmployerModel::_initialize(), called in D:\mysvn\xunxiu\trunk_web\ThinkPHP\Library\Think\Model.class.php on line 74 and defined D:\mysvn\xunxiu\trunk_web\App\Huanxin\Model\EmployerModel.class.php 第 13 行.
NOTIC: [8] Undefined variable: db_table D:\mysvn\xunxiu\trunk_web\App\Huanxin\Model\EmployerModel.class.php 第 14 行.
SQL: SHOW COLUMNS FROM `guguo_sdzhongxun`.`guguo_employer` [ RunTime:0.0070s ]
SQL: SELECT telephone as username,`password`,truename as nickname FROM guguo_sdzhongxun.guguo_employer WHERE `haveim` = 0  [ RunTime:0.0000s ]

[ 2017-01-14T16:23:02+08:00 ] 127.0.0.1 /index.php/Huanxin/Register/regMultiUser
INFO: [ app_init ] --START--
INFO: Run Behavior\BuildLiteBehavior [ RunTime:0.000000s ]
INFO: [ app_init ] --END-- [ RunTime:0.003000s ]
INFO: [ app_begin ] --START--
INFO: Run Behavior\ReadHtmlCacheBehavior [ RunTime:0.001000s ]
INFO: [ app_begin ] --END-- [ RunTime:0.003000s ]
NOTIC: [2048] Declaration of Huanxin\Model\EmployerModel::_initialize() should be compatible with Think\Model::_initialize() D:\mysvn\xunxiu\trunk_web\App\Huanxin\Model\EmployerModel.class.php 第 10 行.
NOTIC: [2] Missing argument 1 for Huanxin\Model\EmployerModel::_initialize(), called in D:\mysvn\xunxiu\trunk_web\ThinkPHP\Library\Think\Model.class.php on line 74 and defined D:\mysvn\xunxiu\trunk_web\App\Huanxin\Model\EmployerModel.class.php 第 13 行.
NOTIC: [8] Undefined variable: db_table D:\mysvn\xunxiu\trunk_web\App\Huanxin\Model\EmployerModel.class.php 第 14 行.
SQL: SHOW COLUMNS FROM `guguo_sdzhongxun`.`guguo_employer` [ RunTime:0.0060s ]
SQL: SELECT telephone as username,`password`,truename as nickname FROM guguo_sdzhongxun.guguo_employer WHERE `haveim` = 0  [ RunTime:0.0010s ]
NOTIC: [8] Undefined index: error D:\mysvn\xunxiu\trunk_web\App\Huanxin\Controller\RegisterController.class.php 第 57 行.
ERR: 1064:You have an error in your SQL syntax; check the manual that corresponds to your MySQL server version for the right syntax to use near 'in ) AND (  (  13322225555 ) )' at line 1
 [ SQL语句 ] : UPDATE guguo_sdzhongxun.guguo_employer SET `haveim`='1' WHERE (  in ) AND (  (  13322225555 ) )
ERR: 1064:You have an error in your SQL syntax; check the manual that corresponds to your MySQL server version for the right syntax to use near 'in ) AND (  (  13322225555 ) )' at line 1
 [ SQL语句 ] : UPDATE guguo_sdzhongxun.guguo_employer SET `haveim`='1' WHERE (  in ) AND (  (  13322225555 ) )

[ 2017-01-14T16:30:31+08:00 ] 127.0.0.1 /index.php/Huanxin/Register/regMultiUser
INFO: [ app_init ] --START--
INFO: Run Behavior\BuildLiteBehavior [ RunTime:0.000000s ]
INFO: [ app_init ] --END-- [ RunTime:0.003000s ]
INFO: [ app_begin ] --START--
INFO: Run Behavior\ReadHtmlCacheBehavior [ RunTime:0.002000s ]
INFO: [ app_begin ] --END-- [ RunTime:0.003000s ]
NOTIC: [2048] Declaration of Huanxin\Model\EmployerModel::_initialize() should be compatible with Think\Model::_initialize() D:\mysvn\xunxiu\trunk_web\App\Huanxin\Model\EmployerModel.class.php 第 10 行.
NOTIC: [2] Missing argument 1 for Huanxin\Model\EmployerModel::_initialize(), called in D:\mysvn\xunxiu\trunk_web\ThinkPHP\Library\Think\Model.class.php on line 74 and defined D:\mysvn\xunxiu\trunk_web\App\Huanxin\Model\EmployerModel.class.php 第 13 行.
NOTIC: [8] Undefined variable: db_table D:\mysvn\xunxiu\trunk_web\App\Huanxin\Model\EmployerModel.class.php 第 14 行.
SQL: SHOW COLUMNS FROM `guguo_sdzhongxun`.`guguo_employer` [ RunTime:0.0070s ]
SQL: SELECT telephone as username,`password`,truename as nickname FROM guguo_sdzhongxun.guguo_employer WHERE `haveim` = 0  [ RunTime:0.0010s ]
NOTIC: [8] Undefined index: error D:\mysvn\xunxiu\trunk_web\App\Huanxin\Controller\RegisterController.class.php 第 57 行.
SQL: UPDATE guguo_sdzhongxun.guguo_employer SET `haveim`='1' WHERE `telephone` IN ('13322226666') [ RunTime:0.0920s ]
INFO: [ app_end ] --START--
INFO: Run Behavior\ShowPageTraceBehavior [ RunTime:0.002000s ]
INFO: [ app_end ] --END-- [ RunTime:0.003000s ]

[ 2017-01-14T16:57:43+08:00 ] 127.0.0.1 /index.php/Huanxin/Register/getAllHuanxinUsers
INFO: [ app_init ] --START--
INFO: Run Behavior\BuildLiteBehavior [ RunTime:0.000000s ]
INFO: [ app_init ] --END-- [ RunTime:0.002000s ]
INFO: [ app_begin ] --START--
INFO: Run Behavior\ReadHtmlCacheBehavior [ RunTime:0.002000s ]
INFO: [ app_begin ] --END-- [ RunTime:0.003000s ]
NOTIC: [8] Undefined variable: access_token D:\mysvn\xunxiu\trunk_web\App\Huanxin\Controller\RegisterController.class.php 第 32 行.
NOTIC: [2] curl_setopt(): You must pass either an object or an array with the CURLOPT_HTTPHEADER argument D:\mysvn\xunxiu\trunk_web\App\Huanxin\Controller\RegisterController.class.php 第 173 行.
INFO: [ app_end ] --START--
INFO: Run Behavior\ShowPageTraceBehavior [ RunTime:0.002000s ]
INFO: [ app_end ] --END-- [ RunTime:0.004001s ]

[ 2017-01-14T17:18:35+08:00 ] 127.0.0.1 /index.php/Huanxin/Register/getAllHuanxinUsers
INFO: [ app_init ] --START--
INFO: Run Behavior\BuildLiteBehavior [ RunTime:0.000000s ]
INFO: [ app_init ] --END-- [ RunTime:0.003000s ]
INFO: [ app_begin ] --START--
INFO: Run Behavior\ReadHtmlCacheBehavior [ RunTime:0.003000s ]
INFO: [ app_begin ] --END-- [ RunTime:0.005000s ]
NOTIC: [2] curl_setopt(): You must pass either an object or an array with the CURLOPT_HTTPHEADER argument D:\mysvn\xunxiu\trunk_web\App\Huanxin\Controller\RegisterController.class.php 第 176 行.
INFO: [ app_end ] --START--
INFO: Run Behavior\ShowPageTraceBehavior [ RunTime:0.002000s ]
INFO: [ app_end ] --END-- [ RunTime:0.003000s ]

[ 2017-01-14T17:18:47+08:00 ] 127.0.0.1 /index.php/Huanxin/Register/getAllHuanxinUsers
INFO: [ app_init ] --START--
INFO: Run Behavior\BuildLiteBehavior [ RunTime:0.001000s ]
INFO: [ app_init ] --END-- [ RunTime:0.003000s ]
INFO: [ app_begin ] --START--
INFO: Run Behavior\ReadHtmlCacheBehavior [ RunTime:0.002000s ]
INFO: [ app_begin ] --END-- [ RunTime:0.003000s ]
NOTIC: [2] curl_setopt(): You must pass either an object or an array with the CURLOPT_HTTPHEADER argument D:\mysvn\xunxiu\trunk_web\App\Huanxin\Controller\RegisterController.class.php 第 176 行.
INFO: [ app_end ] --START--
INFO: Run Behavior\ShowPageTraceBehavior [ RunTime:0.002000s ]
INFO: [ app_end ] --END-- [ RunTime:0.004000s ]

[ 2017-01-14T17:19:53+08:00 ] 127.0.0.1 /index.php/Huanxin/Register/getAllHuanxinUsers
INFO: [ app_init ] --START--
INFO: Run Behavior\BuildLiteBehavior [ RunTime:0.000000s ]
INFO: [ app_init ] --END-- [ RunTime:0.003001s ]
INFO: [ app_begin ] --START--
INFO: Run Behavior\ReadHtmlCacheBehavior [ RunTime:0.002000s ]
INFO: [ app_begin ] --END-- [ RunTime:0.003000s ]
NOTIC: [2] curl_setopt(): You must pass either an object or an array with the CURLOPT_HTTPHEADER argument D:\mysvn\xunxiu\trunk_web\App\Huanxin\Controller\RegisterController.class.php 第 176 行.
INFO: [ app_end ] --START--
INFO: Run Behavior\ShowPageTraceBehavior [ RunTime:0.002000s ]
INFO: [ app_end ] --END-- [ RunTime:0.003000s ]

[ 2017-01-14T17:20:44+08:00 ] 127.0.0.1 /index.php/Huanxin/Register/getAllHuanxinUsers
INFO: [ app_init ] --START--
INFO: Run Behavior\BuildLiteBehavior [ RunTime:0.001000s ]
INFO: [ app_init ] --END-- [ RunTime:0.002000s ]
INFO: [ app_begin ] --START--
INFO: Run Behavior\ReadHtmlCacheBehavior [ RunTime:0.002000s ]
INFO: [ app_begin ] --END-- [ RunTime:0.004000s ]
NOTIC: [2] curl_setopt(): You must pass either an object or an array with the CURLOPT_HTTPHEADER argument D:\mysvn\xunxiu\trunk_web\App\Huanxin\Controller\RegisterController.class.php 第 176 行.
INFO: [ app_end ] --START--
INFO: Run Behavior\ShowPageTraceBehavior [ RunTime:0.002000s ]
INFO: [ app_end ] --END-- [ RunTime:0.004000s ]

[ 2017-01-14T17:21:07+08:00 ] 127.0.0.1 /index.php/Huanxin/Register/getAllHuanxinUsers
INFO: [ app_init ] --START--
INFO: Run Behavior\BuildLiteBehavior [ RunTime:0.001000s ]
INFO: [ app_init ] --END-- [ RunTime:0.003001s ]
INFO: [ app_begin ] --START--
INFO: Run Behavior\ReadHtmlCacheBehavior [ RunTime:0.002001s ]
INFO: [ app_begin ] --END-- [ RunTime:0.005001s ]
NOTIC: [2] curl_setopt(): You must pass either an object or an array with the CURLOPT_HTTPHEADER argument D:\mysvn\xunxiu\trunk_web\App\Huanxin\Controller\RegisterController.class.php 第 177 行.
INFO: [ app_end ] --START--
INFO: Run Behavior\ShowPageTraceBehavior [ RunTime:0.002000s ]
INFO: [ app_end ] --END-- [ RunTime:0.004000s ]

[ 2017-01-14T17:21:54+08:00 ] 127.0.0.1 /index.php/Huanxin/Register/getAllHuanxinUsers
INFO: [ app_init ] --START--
INFO: Run Behavior\BuildLiteBehavior [ RunTime:0.001000s ]
INFO: [ app_init ] --END-- [ RunTime:0.002001s ]
INFO: [ app_begin ] --START--
INFO: Run Behavior\ReadHtmlCacheBehavior [ RunTime:0.002000s ]
INFO: [ app_begin ] --END-- [ RunTime:0.003000s ]
NOTIC: [2] curl_setopt(): You must pass either an object or an array with the CURLOPT_HTTPHEADER argument D:\mysvn\xunxiu\trunk_web\App\Huanxin\Controller\RegisterController.class.php 第 176 行.
INFO: [ app_end ] --START--
INFO: Run Behavior\ShowPageTraceBehavior [ RunTime:0.002000s ]
INFO: [ app_end ] --END-- [ RunTime:0.003000s ]

[ 2017-01-14T17:22:26+08:00 ] 127.0.0.1 /index.php/Huanxin/Register/getAllHuanxinUsers
INFO: [ app_init ] --START--
INFO: Run Behavior\BuildLiteBehavior [ RunTime:0.001000s ]
INFO: [ app_init ] --END-- [ RunTime:0.003000s ]
INFO: [ app_begin ] --START--
INFO: Run Behavior\ReadHtmlCacheBehavior [ RunTime:0.002000s ]
INFO: [ app_begin ] --END-- [ RunTime:0.004000s ]
INFO: [ app_end ] --START--
INFO: Run Behavior\ShowPageTraceBehavior [ RunTime:0.003000s ]
INFO: [ app_end ] --END-- [ RunTime:0.010000s ]

