[ 2017-02-08T15:42:55+08:00 ] 127.0.0.1 127.0.0.1 GET /index.php
[ log ] webcall.app/index.php [运行时间：0.312018s][吞吐率：3.20req/s] [内存消耗：1,545.30kb] [文件加载：39]
[ info ] [ LANG ] D:\mysvn\webcall\trunk\thinkphp\lang\zh-cn.php
[ info ] [ ROUTE ] array (
  'type' => 'module',
  'module' => 
  array (
    0 => '',
    1 => NULL,
    2 => NULL,
  ),
)
[ info ] [ HEADER ] array (
  'host' => 'webcall.app',
  'connection' => 'keep-alive',
  'pragma' => 'no-cache',
  'cache-control' => 'no-cache',
  'upgrade-insecure-requests' => '1',
  'user-agent' => 'Mozilla/5.0 (Windows NT 6.1; Win64; x64) AppleWebKit/537.36 (KHTML, like Gecko) Chrome/52.0.2723.2 Safari/537.36',
  'accept' => 'text/html,application/xhtml+xml,application/xml;q=0.9,image/webp,*/*;q=0.8',
  'accept-encoding' => 'gzip, deflate, sdch',
  'accept-language' => 'zh-CN,zh;q=0.8',
)
[ info ] [ PARAM ] array (
)
[ info ] [ RUN ] app\index\controller\Index->index[ D:\mysvn\webcall\trunk\app\index\controller\Index.php ]
[ info ] [ LOG ] INIT File

---------------------------------------------------------------
[ 2017-02-08T15:42:55+08:00 ] 127.0.0.1 127.0.0.1 GET /index.php/huanxin/login/loginVerify/telephone/13311112222/password/asdgadsg
[ log ] webcall.app/index.php/huanxin/login/loginVerify/telephone/13311112222/password/asdgadsg [运行时间：0.542031s][吞吐率：1.84req/s] [内存消耗：1,919.03kb] [文件加载：50]
[ info ] [ LANG ] D:\mysvn\webcall\trunk\thinkphp\lang\zh-cn.php
[ info ] [ ROUTE ] array (
  'type' => 'module',
  'module' => 
  array (
    0 => 'huanxin',
    1 => 'login',
    2 => 'loginVerify',
  ),
)
[ info ] [ HEADER ] array (
  'host' => 'webcall.app',
  'connection' => 'keep-alive',
  'pragma' => 'no-cache',
  'cache-control' => 'no-cache',
  'upgrade-insecure-requests' => '1',
  'user-agent' => 'Mozilla/5.0 (Windows NT 6.1; Win64; x64) AppleWebKit/537.36 (KHTML, like Gecko) Chrome/52.0.2723.2 Safari/537.36',
  'accept' => 'text/html,application/xhtml+xml,application/xml;q=0.9,image/webp,*/*;q=0.8',
  'accept-encoding' => 'gzip, deflate, sdch',
  'accept-language' => 'zh-CN,zh;q=0.8',
)
[ info ] [ PARAM ] array (
  'telephone' => '13311112222',
  'password' => 'asdgadsg',
)
[ info ] [ LOG ] INIT File

---------------------------------------------------------------
[ 2017-02-08T15:42:57+08:00 ] 127.0.0.1 127.0.0.1 GET /index.php/huanxin/login/loginVerify/telephone/13311112222/password/asdgadsg
[ log ] webcall.app/index.php/huanxin/login/loginVerify/telephone/13311112222/password/asdgadsg [运行时间：0.379021s][吞吐率：2.64req/s] [内存消耗：1,918.93kb] [文件加载：50]
[ info ] [ LANG ] D:\mysvn\webcall\trunk\thinkphp\lang\zh-cn.php
[ info ] [ ROUTE ] array (
  'type' => 'module',
  'module' => 
  array (
    0 => 'huanxin',
    1 => 'login',
    2 => 'loginVerify',
  ),
)
[ info ] [ HEADER ] array (
  'host' => 'webcall.app',
  'connection' => 'keep-alive',
  'pragma' => 'no-cache',
  'cache-control' => 'no-cache',
  'upgrade-insecure-requests' => '1',
  'user-agent' => 'Mozilla/5.0 (Windows NT 6.1; Win64; x64) AppleWebKit/537.36 (KHTML, like Gecko) Chrome/52.0.2723.2 Safari/537.36',
  'accept' => 'text/html,application/xhtml+xml,application/xml;q=0.9,image/webp,*/*;q=0.8',
  'accept-encoding' => 'gzip, deflate, sdch',
  'accept-language' => 'zh-CN,zh;q=0.8',
)
[ info ] [ PARAM ] array (
  'telephone' => '13311112222',
  'password' => 'asdgadsg',
)
[ info ] [ LOG ] INIT File

---------------------------------------------------------------
[ 2017-02-08T15:43:10+08:00 ] 127.0.0.1 127.0.0.1 GET /index.php/huanxin/login/verifyLogin/telephone/13311112222/password/asdgadsg
[ log ] webcall.app/index.php/huanxin/login/verifyLogin/telephone/13311112222/password/asdgadsg [运行时间：0.504029s][吞吐率：1.98req/s] [内存消耗：2,975.68kb] [文件加载：57]
[ info ] [ LANG ] D:\mysvn\webcall\trunk\thinkphp\lang\zh-cn.php
[ info ] [ ROUTE ] array (
  'type' => 'module',
  'module' => 
  array (
    0 => 'huanxin',
    1 => 'login',
    2 => 'verifyLogin',
  ),
)
[ info ] [ HEADER ] array (
  'host' => 'webcall.app',
  'connection' => 'keep-alive',
  'pragma' => 'no-cache',
  'cache-control' => 'no-cache',
  'upgrade-insecure-requests' => '1',
  'user-agent' => 'Mozilla/5.0 (Windows NT 6.1; Win64; x64) AppleWebKit/537.36 (KHTML, like Gecko) Chrome/52.0.2723.2 Safari/537.36',
  'accept' => 'text/html,application/xhtml+xml,application/xml;q=0.9,image/webp,*/*;q=0.8',
  'accept-encoding' => 'gzip, deflate, sdch',
  'accept-language' => 'zh-CN,zh;q=0.8',
)
[ info ] [ PARAM ] array (
  'telephone' => '13311112222',
  'password' => 'asdgadsg',
)
[ info ] [ RUN ] app\huanxin\controller\Login->verifyLogin[ D:\mysvn\webcall\trunk\app\huanxin\controller\Login.php ]
[ info ] [ DB ] INIT mysql
[ info ] [ LOG ] INIT File
[ error ] [0]could not find driver[D:\mysvn\webcall\trunk\thinkphp\library\think\db\Connection.php:287]

---------------------------------------------------------------
[ 2017-02-08T15:45:28+08:00 ] 127.0.0.1 127.0.0.1 GET /index.php/huanxin/login/verifyLogin/telephone/13311112222/password/asdgadsg
[ log ] webcall.app/index.php/huanxin/login/verifyLogin/telephone/13311112222/password/asdgadsg [运行时间：0.446026s][吞吐率：2.24req/s] [内存消耗：2,904.46kb] [文件加载：54]
[ info ] [ LANG ] D:\mysvn\webcall\trunk\thinkphp\lang\zh-cn.php
[ info ] [ ROUTE ] array (
  'type' => 'module',
  'module' => 
  array (
    0 => 'huanxin',
    1 => 'login',
    2 => 'verifyLogin',
  ),
)
[ info ] [ HEADER ] array (
  'host' => 'webcall.app',
  'connection' => 'keep-alive',
  'pragma' => 'no-cache',
  'cache-control' => 'no-cache',
  'upgrade-insecure-requests' => '1',
  'user-agent' => 'Mozilla/5.0 (Windows NT 6.1; Win64; x64) AppleWebKit/537.36 (KHTML, like Gecko) Chrome/52.0.2723.2 Safari/537.36',
  'accept' => 'text/html,application/xhtml+xml,application/xml;q=0.9,image/webp,*/*;q=0.8',
  'accept-encoding' => 'gzip, deflate, sdch',
  'accept-language' => 'zh-CN,zh;q=0.8',
)
[ info ] [ PARAM ] array (
  'telephone' => '13311112222',
  'password' => 'asdgadsg',
)
[ info ] [ RUN ] app\huanxin\controller\Login->verifyLogin[ D:\mysvn\webcall\trunk\app\huanxin\controller\Login.php ]
[ info ] [ DB ] INIT mysql
[ info ] [ LOG ] INIT File
[ sql ] [ DB ] CONNECT:[ UseTime:0.121007s ] mysql:dbname=guguocrm;host=localhost;charset=utf8
[ sql ] [ SQL ] SHOW COLUMNS FROM `guguo_user_corporation` [ RunTime:0.040002s ]
[ sql ] [ SQL ] SELECT * FROM `guguo_user_corporation` WHERE  `id` = 1 LIMIT 1 [ RunTime:0.004000s ]

---------------------------------------------------------------
[ 2017-02-08T15:46:42+08:00 ] 127.0.0.1 127.0.0.1 GET /index.php/huanxin/login/verifyLogin/telephone/13311112222/password/asdgadsg
[ log ] webcall.app/index.php/huanxin/login/verifyLogin/telephone/13311112222/password/asdgadsg [运行时间：0.323019s][吞吐率：3.10req/s] [内存消耗：2,907.36kb] [文件加载：54]
[ info ] [ LANG ] D:\mysvn\webcall\trunk\thinkphp\lang\zh-cn.php
[ info ] [ ROUTE ] array (
  'type' => 'module',
  'module' => 
  array (
    0 => 'huanxin',
    1 => 'login',
    2 => 'verifyLogin',
  ),
)
[ info ] [ HEADER ] array (
  'host' => 'webcall.app',
  'connection' => 'keep-alive',
  'pragma' => 'no-cache',
  'cache-control' => 'no-cache',
  'upgrade-insecure-requests' => '1',
  'user-agent' => 'Mozilla/5.0 (Windows NT 6.1; Win64; x64) AppleWebKit/537.36 (KHTML, like Gecko) Chrome/52.0.2723.2 Safari/537.36',
  'accept' => 'text/html,application/xhtml+xml,application/xml;q=0.9,image/webp,*/*;q=0.8',
  'accept-encoding' => 'gzip, deflate, sdch',
  'accept-language' => 'zh-CN,zh;q=0.8',
)
[ info ] [ PARAM ] array (
  'telephone' => '13311112222',
  'password' => 'asdgadsg',
)
[ info ] [ RUN ] app\huanxin\controller\Login->verifyLogin[ D:\mysvn\webcall\trunk\app\huanxin\controller\Login.php ]
[ info ] [ DB ] INIT mysql
[ info ] [ LOG ] INIT File
[ sql ] [ DB ] CONNECT:[ UseTime:0.005001s ] mysql:dbname=guguocrm;host=localhost;charset=utf8
[ sql ] [ SQL ] SHOW COLUMNS FROM `guguo_user_corporation` [ RunTime:0.027001s ]
[ sql ] [ SQL ] SELECT * FROM `guguo_user_corporation` WHERE  `id` = 1 LIMIT 1 [ RunTime:0.003000s ]

---------------------------------------------------------------
[ 2017-02-08T15:49:07+08:00 ] 127.0.0.1 127.0.0.1 GET /index.php/huanxin/login/verifyLogin/telephone/13311112222/password/asdgadsg
[ log ] webcall.app/index.php/huanxin/login/verifyLogin/telephone/13311112222/password/asdgadsg [运行时间：0.527031s][吞吐率：1.90req/s] [内存消耗：2,904.45kb] [文件加载：54]
[ info ] [ LANG ] D:\mysvn\webcall\trunk\thinkphp\lang\zh-cn.php
[ info ] [ ROUTE ] array (
  'type' => 'module',
  'module' => 
  array (
    0 => 'huanxin',
    1 => 'login',
    2 => 'verifyLogin',
  ),
)
[ info ] [ HEADER ] array (
  'host' => 'webcall.app',
  'connection' => 'keep-alive',
  'pragma' => 'no-cache',
  'cache-control' => 'no-cache',
  'upgrade-insecure-requests' => '1',
  'user-agent' => 'Mozilla/5.0 (Windows NT 6.1; Win64; x64) AppleWebKit/537.36 (KHTML, like Gecko) Chrome/52.0.2723.2 Safari/537.36',
  'accept' => 'text/html,application/xhtml+xml,application/xml;q=0.9,image/webp,*/*;q=0.8',
  'accept-encoding' => 'gzip, deflate, sdch',
  'accept-language' => 'zh-CN,zh;q=0.8',
)
[ info ] [ PARAM ] array (
  'telephone' => '13311112222',
  'password' => 'asdgadsg',
)
[ info ] [ RUN ] app\huanxin\controller\Login->verifyLogin[ D:\mysvn\webcall\trunk\app\huanxin\controller\Login.php ]
[ info ] [ DB ] INIT mysql
[ info ] [ LOG ] INIT File
[ sql ] [ DB ] CONNECT:[ UseTime:0.013001s ] mysql:dbname=guguocrm;host=localhost;charset=utf8
[ sql ] [ SQL ] SHOW COLUMNS FROM `guguo_user_corporation` [ RunTime:0.023001s ]
[ sql ] [ SQL ] SELECT * FROM `guguo_user_corporation` WHERE  `telephone` = '13311112222' LIMIT 1 [ RunTime:0.002000s ]

---------------------------------------------------------------
[ 2017-02-08T15:51:46+08:00 ] 127.0.0.1 127.0.0.1 GET /index.php/huanxin/login/verifyLogin/telephone/13311112222/password/asdgadsg
[ log ] webcall.app/index.php/huanxin/login/verifyLogin/telephone/13311112222/password/asdgadsg [运行时间：0.375021s][吞吐率：2.67req/s] [内存消耗：2,905.01kb] [文件加载：54]
[ info ] [ LANG ] D:\mysvn\webcall\trunk\thinkphp\lang\zh-cn.php
[ info ] [ ROUTE ] array (
  'type' => 'module',
  'module' => 
  array (
    0 => 'huanxin',
    1 => 'login',
    2 => 'verifyLogin',
  ),
)
[ info ] [ HEADER ] array (
  'host' => 'webcall.app',
  'connection' => 'keep-alive',
  'pragma' => 'no-cache',
  'cache-control' => 'no-cache',
  'upgrade-insecure-requests' => '1',
  'user-agent' => 'Mozilla/5.0 (Windows NT 6.1; Win64; x64) AppleWebKit/537.36 (KHTML, like Gecko) Chrome/52.0.2723.2 Safari/537.36',
  'accept' => 'text/html,application/xhtml+xml,application/xml;q=0.9,image/webp,*/*;q=0.8',
  'accept-encoding' => 'gzip, deflate, sdch',
  'accept-language' => 'zh-CN,zh;q=0.8',
)
[ info ] [ PARAM ] array (
  'telephone' => '13311112222',
  'password' => 'asdgadsg',
)
[ info ] [ RUN ] app\huanxin\controller\Login->verifyLogin[ D:\mysvn\webcall\trunk\app\huanxin\controller\Login.php ]
[ info ] [ DB ] INIT mysql
[ info ] [ LOG ] INIT File
[ sql ] [ DB ] CONNECT:[ UseTime:0.012001s ] mysql:dbname=guguocrm;host=localhost;charset=utf8
[ sql ] [ SQL ] SHOW COLUMNS FROM `guguo_user_corporation` [ RunTime:0.039002s ]
[ sql ] [ SQL ] SELECT * FROM `guguo_user_corporation` WHERE  `telephone` = '13311112222' LIMIT 1 [ RunTime:0.002000s ]

---------------------------------------------------------------
[ 2017-02-08T15:55:41+08:00 ] 127.0.0.1 127.0.0.1 GET /index.php/huanxin/login/verifyLogin/telephone/13311112222/password/asdgadsg
[ log ] webcall.app/index.php/huanxin/login/verifyLogin/telephone/13311112222/password/asdgadsg [运行时间：0.626036s][吞吐率：1.60req/s] [内存消耗：3,031.36kb] [文件加载：58]
[ info ] [ LANG ] D:\mysvn\webcall\trunk\thinkphp\lang\zh-cn.php
[ info ] [ ROUTE ] array (
  'type' => 'module',
  'module' => 
  array (
    0 => 'huanxin',
    1 => 'login',
    2 => 'verifyLogin',
  ),
)
[ info ] [ HEADER ] array (
  'host' => 'webcall.app',
  'connection' => 'keep-alive',
  'pragma' => 'no-cache',
  'cache-control' => 'no-cache',
  'upgrade-insecure-requests' => '1',
  'user-agent' => 'Mozilla/5.0 (Windows NT 6.1; Win64; x64) AppleWebKit/537.36 (KHTML, like Gecko) Chrome/52.0.2723.2 Safari/537.36',
  'accept' => 'text/html,application/xhtml+xml,application/xml;q=0.9,image/webp,*/*;q=0.8',
  'accept-encoding' => 'gzip, deflate, sdch',
  'accept-language' => 'zh-CN,zh;q=0.8',
)
[ info ] [ PARAM ] array (
  'telephone' => '13311112222',
  'password' => 'asdgadsg',
)
[ info ] [ RUN ] app\huanxin\controller\Login->verifyLogin[ D:\mysvn\webcall\trunk\app\huanxin\controller\Login.php ]
[ info ] [ DB ] INIT mysql
[ info ] [ LOG ] INIT File
[ sql ] [ DB ] CONNECT:[ UseTime:0.005000s ] mysql:dbname=guguocrm;host=localhost;charset=utf8
[ sql ] [ SQL ] SHOW COLUMNS FROM `guguo_user_corporation` [ RunTime:0.024001s ]
[ sql ] [ SQL ] SELECT * FROM `guguo_user_corporation` WHERE  `telephone` = '13311112222' LIMIT 1 [ RunTime:0.003000s ]
[ error ] [0]类的属性不存在:app\huanxin\model\UserCorporation->id,corp_name[D:\mysvn\webcall\trunk\thinkphp\library\think\Model.php:461]

---------------------------------------------------------------
[ 2017-02-08T15:59:41+08:00 ] 127.0.0.1 127.0.0.1 GET /index.php/huanxin/login/verifyLogin/telephone/13311112222/password/asdgadsg
[ log ] webcall.app/index.php/huanxin/login/verifyLogin/telephone/13311112222/password/asdgadsg [运行时间：0.430024s][吞吐率：2.33req/s] [内存消耗：2,903.65kb] [文件加载：54]
[ info ] [ LANG ] D:\mysvn\webcall\trunk\thinkphp\lang\zh-cn.php
[ info ] [ ROUTE ] array (
  'type' => 'module',
  'module' => 
  array (
    0 => 'huanxin',
    1 => 'login',
    2 => 'verifyLogin',
  ),
)
[ info ] [ HEADER ] array (
  'host' => 'webcall.app',
  'connection' => 'keep-alive',
  'pragma' => 'no-cache',
  'cache-control' => 'no-cache',
  'upgrade-insecure-requests' => '1',
  'user-agent' => 'Mozilla/5.0 (Windows NT 6.1; Win64; x64) AppleWebKit/537.36 (KHTML, like Gecko) Chrome/52.0.2723.2 Safari/537.36',
  'accept' => 'text/html,application/xhtml+xml,application/xml;q=0.9,image/webp,*/*;q=0.8',
  'accept-encoding' => 'gzip, deflate, sdch',
  'accept-language' => 'zh-CN,zh;q=0.8',
)
[ info ] [ PARAM ] array (
  'telephone' => '13311112222',
  'password' => 'asdgadsg',
)
[ info ] [ RUN ] app\huanxin\controller\Login->verifyLogin[ D:\mysvn\webcall\trunk\app\huanxin\controller\Login.php ]
[ info ] [ DB ] INIT mysql
[ info ] [ LOG ] INIT File
[ sql ] [ DB ] CONNECT:[ UseTime:0.013000s ] mysql:dbname=guguocrm;host=localhost;charset=utf8
[ sql ] [ SQL ] SHOW COLUMNS FROM `guguo_user_corporation` [ RunTime:0.025001s ]
[ sql ] [ SQL ] SELECT `corp_name`,`id` FROM `guguo_user_corporation` WHERE  `telephone` = '13311112222' [ RunTime:0.002000s ]

---------------------------------------------------------------
[ 2017-02-08T16:51:19+08:00 ] 127.0.0.1 127.0.0.1 GET /index.php/huanxin/login/verifyLogin/telephone/13322221111/password/87654321
[ log ] webcall.app/index.php/huanxin/login/verifyLogin/telephone/13322221111/password/87654321 [运行时间：0.531629s][吞吐率：1.88req/s] [内存消耗：3,076.18kb] [文件加载：61]
[ info ] [ LANG ] D:\mysvn\webcall\trunk\thinkphp\lang\zh-cn.php
[ info ] [ ROUTE ] array (
  'type' => 'module',
  'module' => 
  array (
    0 => 'huanxin',
    1 => 'login',
    2 => 'verifyLogin',
  ),
)
[ info ] [ HEADER ] array (
  'host' => 'webcall.app',
  'connection' => 'keep-alive',
  'pragma' => 'no-cache',
  'cache-control' => 'no-cache',
  'upgrade-insecure-requests' => '1',
  'user-agent' => 'Mozilla/5.0 (Windows NT 6.1; Win64; x64) AppleWebKit/537.36 (KHTML, like Gecko) Chrome/52.0.2723.2 Safari/537.36',
  'accept' => 'text/html,application/xhtml+xml,application/xml;q=0.9,image/webp,*/*;q=0.8',
  'accept-encoding' => 'gzip, deflate, sdch',
  'accept-language' => 'zh-CN,zh;q=0.8',
)
[ info ] [ PARAM ] array (
  'telephone' => '13322221111',
  'password' => '87654321',
)
[ info ] [ RUN ] app\huanxin\controller\Login->verifyLogin[ D:\mysvn\webcall\trunk\app\huanxin\controller\Login.php ]
[ info ] [ DB ] INIT mysql
[ info ] [ LOG ] INIT File
[ sql ] [ DB ] CONNECT:[ UseTime:0.013001s ] mysql:dbname=guguocrm;host=localhost;charset=utf8
[ sql ] [ SQL ] SHOW COLUMNS FROM `guguo_user_corporation` [ RunTime:0.024002s ]
[ sql ] [ SQL ] SELECT * FROM `guguo_user_corporation` WHERE  `telephone` = '13322221111' LIMIT 1 [ RunTime:0.002000s ]
[ error ] [2048]Declaration of app\huanxin\model\Employer::initialize() should be compatible with think\Model::initialize()[D:\mysvn\webcall\trunk\app\huanxin\model\Employer.php:65]

---------------------------------------------------------------
[ 2017-02-08T16:51:43+08:00 ] 127.0.0.1 127.0.0.1 GET /index.php/huanxin/login/verifyLogin/telephone/13322221111/password/87654321
[ log ] webcall.app/index.php/huanxin/login/verifyLogin/telephone/13322221111/password/87654321 [运行时间：0.592034s][吞吐率：1.69req/s] [内存消耗：3,087.38kb] [文件加载：61]
[ info ] [ LANG ] D:\mysvn\webcall\trunk\thinkphp\lang\zh-cn.php
[ info ] [ ROUTE ] array (
  'type' => 'module',
  'module' => 
  array (
    0 => 'huanxin',
    1 => 'login',
    2 => 'verifyLogin',
  ),
)
[ info ] [ HEADER ] array (
  'host' => 'webcall.app',
  'connection' => 'keep-alive',
  'pragma' => 'no-cache',
  'cache-control' => 'no-cache',
  'upgrade-insecure-requests' => '1',
  'user-agent' => 'Mozilla/5.0 (Windows NT 6.1; Win64; x64) AppleWebKit/537.36 (KHTML, like Gecko) Chrome/52.0.2723.2 Safari/537.36',
  'accept' => 'text/html,application/xhtml+xml,application/xml;q=0.9,image/webp,*/*;q=0.8',
  'accept-encoding' => 'gzip, deflate, sdch',
  'accept-language' => 'zh-CN,zh;q=0.8',
)
[ info ] [ PARAM ] array (
  'telephone' => '13322221111',
  'password' => '87654321',
)
[ info ] [ RUN ] app\huanxin\controller\Login->verifyLogin[ D:\mysvn\webcall\trunk\app\huanxin\controller\Login.php ]
[ info ] [ DB ] INIT mysql
[ info ] [ LOG ] INIT File
[ sql ] [ DB ] CONNECT:[ UseTime:0.004001s ] mysql:dbname=guguocrm;host=localhost;charset=utf8
[ sql ] [ SQL ] SHOW COLUMNS FROM `guguo_user_corporation` [ RunTime:0.027001s ]
[ sql ] [ SQL ] SELECT * FROM `guguo_user_corporation` WHERE  `telephone` = '13322221111' LIMIT 1 [ RunTime:0.003000s ]
[ error ] [1]Call to undefined function app\huanxin\controller\C()[D:\mysvn\webcall\trunk\app\huanxin\controller\Login.php:25]

---------------------------------------------------------------
[ 2017-02-08T17:01:28+08:00 ] 127.0.0.1 127.0.0.1 GET /index.php/huanxin/login/verifyLogin/telephone/13322221111/password/87654321
[ log ] webcall.app/index.php/huanxin/login/verifyLogin/telephone/13322221111/password/87654321 [运行时间：0.531031s][吞吐率：1.88req/s] [内存消耗：1,821.63kb] [文件加载：47]
[ info ] [ LANG ] D:\mysvn\webcall\trunk\thinkphp\lang\zh-cn.php
[ info ] [ ROUTE ] array (
  'type' => 'module',
  'module' => 
  array (
    0 => 'huanxin',
    1 => 'login',
    2 => 'verifyLogin',
  ),
)
[ info ] [ HEADER ] array (
  'host' => 'webcall.app',
  'connection' => 'keep-alive',
  'pragma' => 'no-cache',
  'cache-control' => 'no-cache',
  'upgrade-insecure-requests' => '1',
  'user-agent' => 'Mozilla/5.0 (Windows NT 6.1; Win64; x64) AppleWebKit/537.36 (KHTML, like Gecko) Chrome/52.0.2723.2 Safari/537.36',
  'accept' => 'text/html,application/xhtml+xml,application/xml;q=0.9,image/webp,*/*;q=0.8',
  'accept-encoding' => 'gzip, deflate, sdch',
  'accept-language' => 'zh-CN,zh;q=0.8',
)
[ info ] [ PARAM ] array (
  'telephone' => '13322221111',
  'password' => '87654321',
)
[ info ] [ RUN ] app\huanxin\controller\Login->verifyLogin[ D:\mysvn\webcall\trunk\app\huanxin\controller\Login.php ]
[ info ] [ LOG ] INIT File

---------------------------------------------------------------
[ 2017-02-08T17:01:45+08:00 ] 127.0.0.1 127.0.0.1 GET /index.php/huanxin/login/verifyLogin/telephone/13322221111/password/87654321
[ log ] webcall.app/index.php/huanxin/login/verifyLogin/telephone/13322221111/password/87654321 [运行时间：0.483028s][吞吐率：2.07req/s] [内存消耗：1,821.59kb] [文件加载：47]
[ info ] [ LANG ] D:\mysvn\webcall\trunk\thinkphp\lang\zh-cn.php
[ info ] [ ROUTE ] array (
  'type' => 'module',
  'module' => 
  array (
    0 => 'huanxin',
    1 => 'login',
    2 => 'verifyLogin',
  ),
)
[ info ] [ HEADER ] array (
  'host' => 'webcall.app',
  'connection' => 'keep-alive',
  'pragma' => 'no-cache',
  'cache-control' => 'no-cache',
  'upgrade-insecure-requests' => '1',
  'user-agent' => 'Mozilla/5.0 (Windows NT 6.1; Win64; x64) AppleWebKit/537.36 (KHTML, like Gecko) Chrome/52.0.2723.2 Safari/537.36',
  'accept' => 'text/html,application/xhtml+xml,application/xml;q=0.9,image/webp,*/*;q=0.8',
  'accept-encoding' => 'gzip, deflate, sdch',
  'accept-language' => 'zh-CN,zh;q=0.8',
)
[ info ] [ PARAM ] array (
  'telephone' => '13322221111',
  'password' => '87654321',
)
[ info ] [ RUN ] app\huanxin\controller\Login->verifyLogin[ D:\mysvn\webcall\trunk\app\huanxin\controller\Login.php ]
[ info ] [ LOG ] INIT File

---------------------------------------------------------------
[ 2017-02-08T17:02:03+08:00 ] 127.0.0.1 127.0.0.1 GET /index.php/huanxin/login/verifyLogin/telephone/13322221111/password/87654321
[ log ] webcall.app/index.php/huanxin/login/verifyLogin/telephone/13322221111/password/87654321 [运行时间：0.501029s][吞吐率：2.00req/s] [内存消耗：1,936.02kb] [文件加载：52]
[ info ] [ LANG ] D:\mysvn\webcall\trunk\thinkphp\lang\zh-cn.php
[ info ] [ ROUTE ] array (
  'type' => 'module',
  'module' => 
  array (
    0 => 'huanxin',
    1 => 'login',
    2 => 'verifyLogin',
  ),
)
[ info ] [ HEADER ] array (
  'host' => 'webcall.app',
  'connection' => 'keep-alive',
  'pragma' => 'no-cache',
  'cache-control' => 'no-cache',
  'upgrade-insecure-requests' => '1',
  'user-agent' => 'Mozilla/5.0 (Windows NT 6.1; Win64; x64) AppleWebKit/537.36 (KHTML, like Gecko) Chrome/52.0.2723.2 Safari/537.36',
  'accept' => 'text/html,application/xhtml+xml,application/xml;q=0.9,image/webp,*/*;q=0.8',
  'accept-encoding' => 'gzip, deflate, sdch',
  'accept-language' => 'zh-CN,zh;q=0.8',
)
[ info ] [ PARAM ] array (
  'telephone' => '13322221111',
  'password' => '87654321',
)
[ info ] [ RUN ] app\huanxin\controller\Login->verifyLogin[ D:\mysvn\webcall\trunk\app\huanxin\controller\Login.php ]
[ info ] [ LOG ] INIT File
[ error ] [1]Class 'app\huanxin\controller\Config' not found[D:\mysvn\webcall\trunk\app\huanxin\controller\Login.php:12]

---------------------------------------------------------------
[ 2017-02-08T17:03:18+08:00 ] 127.0.0.1 127.0.0.1 GET /index.php/huanxin/login/verifyLogin/telephone/13322221111/password/87654321
[ log ] webcall.app/index.php/huanxin/login/verifyLogin/telephone/13322221111/password/87654321 [运行时间：0.438025s][吞吐率：2.28req/s] [内存消耗：1,822.06kb] [文件加载：47]
[ info ] [ LANG ] D:\mysvn\webcall\trunk\thinkphp\lang\zh-cn.php
[ info ] [ ROUTE ] array (
  'type' => 'module',
  'module' => 
  array (
    0 => 'huanxin',
    1 => 'login',
    2 => 'verifyLogin',
  ),
)
[ info ] [ HEADER ] array (
  'host' => 'webcall.app',
  'connection' => 'keep-alive',
  'pragma' => 'no-cache',
  'cache-control' => 'no-cache',
  'upgrade-insecure-requests' => '1',
  'user-agent' => 'Mozilla/5.0 (Windows NT 6.1; Win64; x64) AppleWebKit/537.36 (KHTML, like Gecko) Chrome/52.0.2723.2 Safari/537.36',
  'accept' => 'text/html,application/xhtml+xml,application/xml;q=0.9,image/webp,*/*;q=0.8',
  'accept-encoding' => 'gzip, deflate, sdch',
  'accept-language' => 'zh-CN,zh;q=0.8',
)
[ info ] [ PARAM ] array (
  'telephone' => '13322221111',
  'password' => '87654321',
)
[ info ] [ RUN ] app\huanxin\controller\Login->verifyLogin[ D:\mysvn\webcall\trunk\app\huanxin\controller\Login.php ]
[ info ] [ LOG ] INIT File

---------------------------------------------------------------
[ 2017-02-08T17:04:23+08:00 ] 127.0.0.1 127.0.0.1 GET /index.php/huanxin/login/verifyLogin/telephone/13322221111/password/87654321
[ log ] webcall.app/index.php/huanxin/login/verifyLogin/telephone/13322221111/password/87654321 [运行时间：0.490028s][吞吐率：2.04req/s] [内存消耗：1,823.69kb] [文件加载：47]
[ info ] [ LANG ] D:\mysvn\webcall\trunk\thinkphp\lang\zh-cn.php
[ info ] [ ROUTE ] array (
  'type' => 'module',
  'module' => 
  array (
    0 => 'huanxin',
    1 => 'login',
    2 => 'verifyLogin',
  ),
)
[ info ] [ HEADER ] array (
  'host' => 'webcall.app',
  'connection' => 'keep-alive',
  'pragma' => 'no-cache',
  'cache-control' => 'no-cache',
  'upgrade-insecure-requests' => '1',
  'user-agent' => 'Mozilla/5.0 (Windows NT 6.1; Win64; x64) AppleWebKit/537.36 (KHTML, like Gecko) Chrome/52.0.2723.2 Safari/537.36',
  'accept' => 'text/html,application/xhtml+xml,application/xml;q=0.9,image/webp,*/*;q=0.8',
  'accept-encoding' => 'gzip, deflate, sdch',
  'accept-language' => 'zh-CN,zh;q=0.8',
)
[ info ] [ PARAM ] array (
  'telephone' => '13322221111',
  'password' => '87654321',
)
[ info ] [ RUN ] app\huanxin\controller\Login->verifyLogin[ D:\mysvn\webcall\trunk\app\huanxin\controller\Login.php ]
[ info ] [ LOG ] INIT File

---------------------------------------------------------------
[ 2017-02-08T17:04:36+08:00 ] 127.0.0.1 127.0.0.1 GET /index.php/huanxin/login/verifyLogin/telephone/13322221111/password/87654321
[ log ] webcall.app/index.php/huanxin/login/verifyLogin/telephone/13322221111/password/87654321 [运行时间：0.359020s][吞吐率：2.79req/s] [内存消耗：1,823.95kb] [文件加载：47]
[ info ] [ LANG ] D:\mysvn\webcall\trunk\thinkphp\lang\zh-cn.php
[ info ] [ ROUTE ] array (
  'type' => 'module',
  'module' => 
  array (
    0 => 'huanxin',
    1 => 'login',
    2 => 'verifyLogin',
  ),
)
[ info ] [ HEADER ] array (
  'host' => 'webcall.app',
  'connection' => 'keep-alive',
  'pragma' => 'no-cache',
  'cache-control' => 'no-cache',
  'upgrade-insecure-requests' => '1',
  'user-agent' => 'Mozilla/5.0 (Windows NT 6.1; Win64; x64) AppleWebKit/537.36 (KHTML, like Gecko) Chrome/52.0.2723.2 Safari/537.36',
  'accept' => 'text/html,application/xhtml+xml,application/xml;q=0.9,image/webp,*/*;q=0.8',
  'accept-encoding' => 'gzip, deflate, sdch',
  'accept-language' => 'zh-CN,zh;q=0.8',
)
[ info ] [ PARAM ] array (
  'telephone' => '13322221111',
  'password' => '87654321',
)
[ info ] [ RUN ] app\huanxin\controller\Login->verifyLogin[ D:\mysvn\webcall\trunk\app\huanxin\controller\Login.php ]
[ info ] [ LOG ] INIT File

---------------------------------------------------------------
[ 2017-02-08T17:05:09+08:00 ] 127.0.0.1 127.0.0.1 GET /index.php/huanxin/login/verifyLogin/telephone/13322221111/password/87654321
[ log ] webcall.app/index.php/huanxin/login/verifyLogin/telephone/13322221111/password/87654321 [运行时间：0.298017s][吞吐率：3.36req/s] [内存消耗：1,823.44kb] [文件加载：47]
[ info ] [ LANG ] D:\mysvn\webcall\trunk\thinkphp\lang\zh-cn.php
[ info ] [ ROUTE ] array (
  'type' => 'module',
  'module' => 
  array (
    0 => 'huanxin',
    1 => 'login',
    2 => 'verifyLogin',
  ),
)
[ info ] [ HEADER ] array (
  'host' => 'webcall.app',
  'connection' => 'keep-alive',
  'pragma' => 'no-cache',
  'cache-control' => 'no-cache',
  'upgrade-insecure-requests' => '1',
  'user-agent' => 'Mozilla/5.0 (Windows NT 6.1; Win64; x64) AppleWebKit/537.36 (KHTML, like Gecko) Chrome/52.0.2723.2 Safari/537.36',
  'accept' => 'text/html,application/xhtml+xml,application/xml;q=0.9,image/webp,*/*;q=0.8',
  'accept-encoding' => 'gzip, deflate, sdch',
  'accept-language' => 'zh-CN,zh;q=0.8',
)
[ info ] [ PARAM ] array (
  'telephone' => '13322221111',
  'password' => '87654321',
)
[ info ] [ RUN ] app\huanxin\controller\Login->verifyLogin[ D:\mysvn\webcall\trunk\app\huanxin\controller\Login.php ]
[ info ] [ LOG ] INIT File

---------------------------------------------------------------
[ 2017-02-08T17:07:08+08:00 ] 127.0.0.1 127.0.0.1 GET /index.php/huanxin/login/verifyLogin/telephone/13322221111/password/87654321
[ log ] webcall.app/index.php/huanxin/login/verifyLogin/telephone/13322221111/password/87654321 [运行时间：0.741043s][吞吐率：1.35req/s] [内存消耗：3,077.10kb] [文件加载：62]
[ info ] [ LANG ] D:\mysvn\webcall\trunk\thinkphp\lang\zh-cn.php
[ info ] [ ROUTE ] array (
  'type' => 'module',
  'module' => 
  array (
    0 => 'huanxin',
    1 => 'login',
    2 => 'verifyLogin',
  ),
)
[ info ] [ HEADER ] array (
  'host' => 'webcall.app',
  'connection' => 'keep-alive',
  'pragma' => 'no-cache',
  'cache-control' => 'no-cache',
  'upgrade-insecure-requests' => '1',
  'user-agent' => 'Mozilla/5.0 (Windows NT 6.1; Win64; x64) AppleWebKit/537.36 (KHTML, like Gecko) Chrome/52.0.2723.2 Safari/537.36',
  'accept' => 'text/html,application/xhtml+xml,application/xml;q=0.9,image/webp,*/*;q=0.8',
  'accept-encoding' => 'gzip, deflate, sdch',
  'accept-language' => 'zh-CN,zh;q=0.8',
)
[ info ] [ PARAM ] array (
  'telephone' => '13322221111',
  'password' => '87654321',
)
[ info ] [ RUN ] app\huanxin\controller\Login->verifyLogin[ D:\mysvn\webcall\trunk\app\huanxin\controller\Login.php ]
[ info ] [ DB ] INIT mysql
[ info ] [ LOG ] INIT File
[ sql ] [ DB ] CONNECT:[ UseTime:0.040002s ] mysql:dbname=guguocrm;host=localhost;charset=utf8
[ sql ] [ SQL ] SHOW COLUMNS FROM `guguo_user_corporation` [ RunTime:0.024001s ]
[ sql ] [ SQL ] SELECT * FROM `guguo_user_corporation` WHERE  `telephone` = '13322221111' LIMIT 1 [ RunTime:0.002000s ]
[ error ] [8192]Non-static method app\huanxin\model\Employer::getEmployer() should not be called statically, assuming $this from incompatible context[D:\mysvn\webcall\trunk\app\huanxin\controller\Login.php:27]

---------------------------------------------------------------
[ 2017-02-08T17:07:52+08:00 ] 127.0.0.1 127.0.0.1 GET /index.php/huanxin/login/verifyLogin/telephone/13322221111/password/87654321
[ log ] webcall.app/index.php/huanxin/login/verifyLogin/telephone/13322221111/password/87654321 [运行时间：1.044060s][吞吐率：0.96req/s] [内存消耗：3,074.03kb] [文件加载：60]
[ info ] [ LANG ] D:\mysvn\webcall\trunk\thinkphp\lang\zh-cn.php
[ info ] [ ROUTE ] array (
  'type' => 'module',
  'module' => 
  array (
    0 => 'huanxin',
    1 => 'login',
    2 => 'verifyLogin',
  ),
)
[ info ] [ HEADER ] array (
  'host' => 'webcall.app',
  'connection' => 'keep-alive',
  'pragma' => 'no-cache',
  'cache-control' => 'no-cache',
  'upgrade-insecure-requests' => '1',
  'user-agent' => 'Mozilla/5.0 (Windows NT 6.1; Win64; x64) AppleWebKit/537.36 (KHTML, like Gecko) Chrome/52.0.2723.2 Safari/537.36',
  'accept' => 'text/html,application/xhtml+xml,application/xml;q=0.9,image/webp,*/*;q=0.8',
  'accept-encoding' => 'gzip, deflate, sdch',
  'accept-language' => 'zh-CN,zh;q=0.8',
)
[ info ] [ PARAM ] array (
  'telephone' => '13322221111',
  'password' => '87654321',
)
[ info ] [ RUN ] app\huanxin\controller\Login->verifyLogin[ D:\mysvn\webcall\trunk\app\huanxin\controller\Login.php ]
[ info ] [ DB ] INIT mysql
[ info ] [ LOG ] INIT File
[ sql ] [ DB ] CONNECT:[ UseTime:0.011000s ] mysql:dbname=guguocrm;host=localhost;charset=utf8
[ sql ] [ SQL ] SHOW COLUMNS FROM `guguo_user_corporation` [ RunTime:0.063003s ]
[ sql ] [ SQL ] SELECT * FROM `guguo_user_corporation` WHERE  `telephone` = '13322221111' LIMIT 1 [ RunTime:0.003000s ]
[ error ] [42S02]SQLSTATE[42S02]: Base table or view not found: 1146 Table 'guguocrm.guguo_employer' doesn't exist[D:\mysvn\webcall\trunk\thinkphp\library\think\db\connector\Mysql.php:63]

---------------------------------------------------------------
[ 2017-02-08T17:09:37+08:00 ] 127.0.0.1 127.0.0.1 GET /index.php/huanxin/login/verifyLogin/telephone/13322221111/password/87654321
[ log ] webcall.app/index.php/huanxin/login/verifyLogin/telephone/13322221111/password/87654321 [运行时间：0.693039s][吞吐率：1.44req/s] [内存消耗：3,075.17kb] [文件加载：60]
[ info ] [ LANG ] D:\mysvn\webcall\trunk\thinkphp\lang\zh-cn.php
[ info ] [ ROUTE ] array (
  'type' => 'module',
  'module' => 
  array (
    0 => 'huanxin',
    1 => 'login',
    2 => 'verifyLogin',
  ),
)
[ info ] [ HEADER ] array (
  'host' => 'webcall.app',
  'connection' => 'keep-alive',
  'pragma' => 'no-cache',
  'cache-control' => 'no-cache',
  'upgrade-insecure-requests' => '1',
  'user-agent' => 'Mozilla/5.0 (Windows NT 6.1; Win64; x64) AppleWebKit/537.36 (KHTML, like Gecko) Chrome/52.0.2723.2 Safari/537.36',
  'accept' => 'text/html,application/xhtml+xml,application/xml;q=0.9,image/webp,*/*;q=0.8',
  'accept-encoding' => 'gzip, deflate, sdch',
  'accept-language' => 'zh-CN,zh;q=0.8',
)
[ info ] [ PARAM ] array (
  'telephone' => '13322221111',
  'password' => '87654321',
)
[ info ] [ RUN ] app\huanxin\controller\Login->verifyLogin[ D:\mysvn\webcall\trunk\app\huanxin\controller\Login.php ]
[ info ] [ DB ] INIT mysql
[ info ] [ DB ] INIT mysql
[ info ] [ LOG ] INIT File
[ sql ] [ DB ] CONNECT:[ UseTime:0.013001s ] mysql:dbname=guguocrm;host=localhost;charset=utf8
[ sql ] [ SQL ] SHOW COLUMNS FROM `guguo_user_corporation` [ RunTime:0.028002s ]
[ sql ] [ SQL ] SELECT * FROM `guguo_user_corporation` WHERE  `telephone` = '13322221111' LIMIT 1 [ RunTime:0.002000s ]
[ error ] [42S02]SQLSTATE[42S02]: Base table or view not found: 1146 Table 'guguocrm.guguo_employer' doesn't exist[D:\mysvn\webcall\trunk\thinkphp\library\think\db\connector\Mysql.php:63]

---------------------------------------------------------------
[ 2017-02-08T17:13:42+08:00 ] 127.0.0.1 127.0.0.1 GET /index.php/huanxin/login/verifyLogin/telephone/13322221111/password/87654321
[ log ] webcall.app/index.php/huanxin/login/verifyLogin/telephone/13322221111/password/87654321 [运行时间：0.359021s][吞吐率：2.79req/s] [内存消耗：2,917.97kb] [文件加载：55]
[ info ] [ LANG ] D:\mysvn\webcall\trunk\thinkphp\lang\zh-cn.php
[ info ] [ ROUTE ] array (
  'type' => 'module',
  'module' => 
  array (
    0 => 'huanxin',
    1 => 'login',
    2 => 'verifyLogin',
  ),
)
[ info ] [ HEADER ] array (
  'host' => 'webcall.app',
  'connection' => 'keep-alive',
  'pragma' => 'no-cache',
  'cache-control' => 'no-cache',
  'upgrade-insecure-requests' => '1',
  'user-agent' => 'Mozilla/5.0 (Windows NT 6.1; Win64; x64) AppleWebKit/537.36 (KHTML, like Gecko) Chrome/52.0.2723.2 Safari/537.36',
  'accept' => 'text/html,application/xhtml+xml,application/xml;q=0.9,image/webp,*/*;q=0.8',
  'accept-encoding' => 'gzip, deflate, sdch',
  'accept-language' => 'zh-CN,zh;q=0.8',
)
[ info ] [ PARAM ] array (
  'telephone' => '13322221111',
  'password' => '87654321',
)
[ info ] [ RUN ] app\huanxin\controller\Login->verifyLogin[ D:\mysvn\webcall\trunk\app\huanxin\controller\Login.php ]
[ info ] [ DB ] INIT mysql
[ info ] [ DB ] INIT mysql
[ info ] [ LOG ] INIT File
[ sql ] [ DB ] CONNECT:[ UseTime:0.014001s ] mysql:dbname=guguocrm;host=localhost;charset=utf8
[ sql ] [ SQL ] SHOW COLUMNS FROM `guguo_user_corporation` [ RunTime:0.027001s ]
[ sql ] [ SQL ] SELECT * FROM `guguo_user_corporation` WHERE  `telephone` = '13322221111' LIMIT 1 [ RunTime:0.002000s ]

---------------------------------------------------------------
[ 2017-02-08T17:18:42+08:00 ] 127.0.0.1 127.0.0.1 GET /index.php/huanxin/login/verifyLogin/telephone/13322221111/password/87654321
[ log ] webcall.app/index.php/huanxin/login/verifyLogin/telephone/13322221111/password/87654321 [运行时间：0.331019s][吞吐率：3.02req/s] [内存消耗：2,917.97kb] [文件加载：55]
[ info ] [ LANG ] D:\mysvn\webcall\trunk\thinkphp\lang\zh-cn.php
[ info ] [ ROUTE ] array (
  'type' => 'module',
  'module' => 
  array (
    0 => 'huanxin',
    1 => 'login',
    2 => 'verifyLogin',
  ),
)
[ info ] [ HEADER ] array (
  'host' => 'webcall.app',
  'connection' => 'keep-alive',
  'pragma' => 'no-cache',
  'cache-control' => 'no-cache',
  'upgrade-insecure-requests' => '1',
  'user-agent' => 'Mozilla/5.0 (Windows NT 6.1; Win64; x64) AppleWebKit/537.36 (KHTML, like Gecko) Chrome/52.0.2723.2 Safari/537.36',
  'accept' => 'text/html,application/xhtml+xml,application/xml;q=0.9,image/webp,*/*;q=0.8',
  'accept-encoding' => 'gzip, deflate, sdch',
  'accept-language' => 'zh-CN,zh;q=0.8',
)
[ info ] [ PARAM ] array (
  'telephone' => '13322221111',
  'password' => '87654321',
)
[ info ] [ RUN ] app\huanxin\controller\Login->verifyLogin[ D:\mysvn\webcall\trunk\app\huanxin\controller\Login.php ]
[ info ] [ DB ] INIT mysql
[ info ] [ DB ] INIT mysql
[ info ] [ LOG ] INIT File
[ sql ] [ DB ] CONNECT:[ UseTime:0.013001s ] mysql:dbname=guguocrm;host=localhost;charset=utf8
[ sql ] [ SQL ] SHOW COLUMNS FROM `guguo_user_corporation` [ RunTime:0.023001s ]
[ sql ] [ SQL ] SELECT * FROM `guguo_user_corporation` WHERE  `telephone` = '13322221111' LIMIT 1 [ RunTime:0.002000s ]

---------------------------------------------------------------
[ 2017-02-08T17:19:38+08:00 ] 127.0.0.1 127.0.0.1 GET /index.php/huanxin/login/verifyLogin/telephone/13322221111/password/87654321
[ log ] webcall.app/index.php/huanxin/login/verifyLogin/telephone/13322221111/password/87654321 [运行时间：0.533031s][吞吐率：1.88req/s] [内存消耗：3,046.34kb] [文件加载：60]
[ info ] [ LANG ] D:\mysvn\webcall\trunk\thinkphp\lang\zh-cn.php
[ info ] [ ROUTE ] array (
  'type' => 'module',
  'module' => 
  array (
    0 => 'huanxin',
    1 => 'login',
    2 => 'verifyLogin',
  ),
)
[ info ] [ HEADER ] array (
  'host' => 'webcall.app',
  'connection' => 'keep-alive',
  'pragma' => 'no-cache',
  'cache-control' => 'no-cache',
  'upgrade-insecure-requests' => '1',
  'user-agent' => 'Mozilla/5.0 (Windows NT 6.1; Win64; x64) AppleWebKit/537.36 (KHTML, like Gecko) Chrome/52.0.2723.2 Safari/537.36',
  'accept' => 'text/html,application/xhtml+xml,application/xml;q=0.9,image/webp,*/*;q=0.8',
  'accept-encoding' => 'gzip, deflate, sdch',
  'accept-language' => 'zh-CN,zh;q=0.8',
)
[ info ] [ PARAM ] array (
  'telephone' => '13322221111',
  'password' => '87654321',
)
[ info ] [ RUN ] app\huanxin\controller\Login->verifyLogin[ D:\mysvn\webcall\trunk\app\huanxin\controller\Login.php ]
[ info ] [ DB ] INIT mysql
[ info ] [ DB ] INIT mysql
[ info ] [ LOG ] INIT File
[ sql ] [ DB ] CONNECT:[ UseTime:0.015000s ] mysql:dbname=guguocrm;host=localhost;charset=utf8
[ sql ] [ SQL ] SHOW COLUMNS FROM `guguo_user_corporation` [ RunTime:0.028001s ]
[ sql ] [ SQL ] SELECT * FROM `guguo_user_corporation` WHERE  `telephone` = '13322221111' LIMIT 1 [ RunTime:0.003000s ]
[ error ] [0]method not exist:think\db\Query->getMethods[D:\mysvn\webcall\trunk\thinkphp\library\think\db\Query.php:93]

---------------------------------------------------------------
[ 2017-02-08T17:20:16+08:00 ] 127.0.0.1 127.0.0.1 GET /index.php/huanxin/login/verifyLogin/telephone/13322221111/password/87654321
[ log ] webcall.app/index.php/huanxin/login/verifyLogin/telephone/13322221111/password/87654321 [运行时间：0.542031s][吞吐率：1.84req/s] [内存消耗：3,067.82kb] [文件加载：61]
[ info ] [ LANG ] D:\mysvn\webcall\trunk\thinkphp\lang\zh-cn.php
[ info ] [ ROUTE ] array (
  'type' => 'module',
  'module' => 
  array (
    0 => 'huanxin',
    1 => 'login',
    2 => 'verifyLogin',
  ),
)
[ info ] [ HEADER ] array (
  'host' => 'webcall.app',
  'connection' => 'keep-alive',
  'pragma' => 'no-cache',
  'cache-control' => 'no-cache',
  'upgrade-insecure-requests' => '1',
  'user-agent' => 'Mozilla/5.0 (Windows NT 6.1; Win64; x64) AppleWebKit/537.36 (KHTML, like Gecko) Chrome/52.0.2723.2 Safari/537.36',
  'accept' => 'text/html,application/xhtml+xml,application/xml;q=0.9,image/webp,*/*;q=0.8',
  'accept-encoding' => 'gzip, deflate, sdch',
  'accept-language' => 'zh-CN,zh;q=0.8',
)
[ info ] [ PARAM ] array (
  'telephone' => '13322221111',
  'password' => '87654321',
)
[ info ] [ RUN ] app\huanxin\controller\Login->verifyLogin[ D:\mysvn\webcall\trunk\app\huanxin\controller\Login.php ]
[ info ] [ DB ] INIT mysql
[ info ] [ DB ] INIT mysql
[ info ] [ LOG ] INIT File
[ sql ] [ DB ] CONNECT:[ UseTime:0.003000s ] mysql:dbname=guguocrm;host=localhost;charset=utf8
[ sql ] [ SQL ] SHOW COLUMNS FROM `guguo_user_corporation` [ RunTime:0.024002s ]
[ sql ] [ SQL ] SELECT * FROM `guguo_user_corporation` WHERE  `telephone` = '13322221111' LIMIT 1 [ RunTime:0.003000s ]
[ error ] [1]Class 'app\huanxin\controller\ReflectionClass' not found[D:\mysvn\webcall\trunk\app\huanxin\controller\Login.php:29]

---------------------------------------------------------------
[ 2017-02-08T17:21:26+08:00 ] 127.0.0.1 127.0.0.1 GET /index.php/huanxin/login/verifyLogin/telephone/13322221111/password/87654321
[ log ] webcall.app/index.php/huanxin/login/verifyLogin/telephone/13322221111/password/87654321 [运行时间：0.337020s][吞吐率：2.97req/s] [内存消耗：2,917.24kb] [文件加载：55]
[ info ] [ LANG ] D:\mysvn\webcall\trunk\thinkphp\lang\zh-cn.php
[ info ] [ ROUTE ] array (
  'type' => 'module',
  'module' => 
  array (
    0 => 'huanxin',
    1 => 'login',
    2 => 'verifyLogin',
  ),
)
[ info ] [ HEADER ] array (
  'host' => 'webcall.app',
  'connection' => 'keep-alive',
  'pragma' => 'no-cache',
  'cache-control' => 'no-cache',
  'upgrade-insecure-requests' => '1',
  'user-agent' => 'Mozilla/5.0 (Windows NT 6.1; Win64; x64) AppleWebKit/537.36 (KHTML, like Gecko) Chrome/52.0.2723.2 Safari/537.36',
  'accept' => 'text/html,application/xhtml+xml,application/xml;q=0.9,image/webp,*/*;q=0.8',
  'accept-encoding' => 'gzip, deflate, sdch',
  'accept-language' => 'zh-CN,zh;q=0.8',
)
[ info ] [ PARAM ] array (
  'telephone' => '13322221111',
  'password' => '87654321',
)
[ info ] [ RUN ] app\huanxin\controller\Login->verifyLogin[ D:\mysvn\webcall\trunk\app\huanxin\controller\Login.php ]
[ info ] [ DB ] INIT mysql
[ info ] [ DB ] INIT mysql
[ info ] [ LOG ] INIT File
[ sql ] [ DB ] CONNECT:[ UseTime:0.014001s ] mysql:dbname=guguocrm;host=localhost;charset=utf8
[ sql ] [ SQL ] SHOW COLUMNS FROM `guguo_user_corporation` [ RunTime:0.030002s ]
[ sql ] [ SQL ] SELECT * FROM `guguo_user_corporation` WHERE  `telephone` = '13322221111' LIMIT 1 [ RunTime:0.002001s ]

---------------------------------------------------------------
[ 2017-02-08T17:25:31+08:00 ] 127.0.0.1 127.0.0.1 GET /index.php/huanxin/login/verifyLogin/telephone/13322221111/password/87654321
[ log ] webcall.app/index.php/huanxin/login/verifyLogin/telephone/13322221111/password/87654321 [运行时间：1.149066s][吞吐率：0.87req/s] [内存消耗：3,074.94kb] [文件加载：60]
[ info ] [ LANG ] D:\mysvn\webcall\trunk\thinkphp\lang\zh-cn.php
[ info ] [ ROUTE ] array (
  'type' => 'module',
  'module' => 
  array (
    0 => 'huanxin',
    1 => 'login',
    2 => 'verifyLogin',
  ),
)
[ info ] [ HEADER ] array (
  'host' => 'webcall.app',
  'connection' => 'keep-alive',
  'pragma' => 'no-cache',
  'cache-control' => 'no-cache',
  'upgrade-insecure-requests' => '1',
  'user-agent' => 'Mozilla/5.0 (Windows NT 6.1; Win64; x64) AppleWebKit/537.36 (KHTML, like Gecko) Chrome/52.0.2723.2 Safari/537.36',
  'accept' => 'text/html,application/xhtml+xml,application/xml;q=0.9,image/webp,*/*;q=0.8',
  'accept-encoding' => 'gzip, deflate, sdch',
  'accept-language' => 'zh-CN,zh;q=0.8',
)
[ info ] [ PARAM ] array (
  'telephone' => '13322221111',
  'password' => '87654321',
)
[ info ] [ RUN ] app\huanxin\controller\Login->verifyLogin[ D:\mysvn\webcall\trunk\app\huanxin\controller\Login.php ]
[ info ] [ DB ] INIT mysql
[ info ] [ LOG ] INIT File
[ sql ] [ DB ] CONNECT:[ UseTime:0.006000s ] mysql:dbname=guguocrm;host=localhost;charset=utf8
[ sql ] [ SQL ] SHOW COLUMNS FROM `guguo_user_corporation` [ RunTime:0.036002s ]
[ sql ] [ SQL ] SELECT * FROM `guguo_user_corporation` WHERE  `telephone` = '13322221111' LIMIT 1 [ RunTime:0.009000s ]
[ error ] [42S02]SQLSTATE[42S02]: Base table or view not found: 1146 Table 'guguocrm.guguo_employer' doesn't exist[D:\mysvn\webcall\trunk\thinkphp\library\think\db\connector\Mysql.php:63]

---------------------------------------------------------------
[ 2017-02-08T17:25:51+08:00 ] 127.0.0.1 127.0.0.1 GET /index.php/huanxin/login/verifyLogin/telephone/13322221111/password/87654321
[ log ] webcall.app/index.php/huanxin/login/verifyLogin/telephone/13322221111/password/87654321 [运行时间：0.575033s][吞吐率：1.74req/s] [内存消耗：2,946.81kb] [文件加载：56]
[ info ] [ LANG ] D:\mysvn\webcall\trunk\thinkphp\lang\zh-cn.php
[ info ] [ ROUTE ] array (
  'type' => 'module',
  'module' => 
  array (
    0 => 'huanxin',
    1 => 'login',
    2 => 'verifyLogin',
  ),
)
[ info ] [ HEADER ] array (
  'host' => 'webcall.app',
  'connection' => 'keep-alive',
  'pragma' => 'no-cache',
  'cache-control' => 'no-cache',
  'upgrade-insecure-requests' => '1',
  'user-agent' => 'Mozilla/5.0 (Windows NT 6.1; Win64; x64) AppleWebKit/537.36 (KHTML, like Gecko) Chrome/52.0.2723.2 Safari/537.36',
  'accept' => 'text/html,application/xhtml+xml,application/xml;q=0.9,image/webp,*/*;q=0.8',
  'accept-encoding' => 'gzip, deflate, sdch',
  'accept-language' => 'zh-CN,zh;q=0.8',
)
[ info ] [ PARAM ] array (
  'telephone' => '13322221111',
  'password' => '87654321',
)
[ info ] [ RUN ] app\huanxin\controller\Login->verifyLogin[ D:\mysvn\webcall\trunk\app\huanxin\controller\Login.php ]
[ info ] [ DB ] INIT mysql
[ info ] [ LOG ] INIT File
[ sql ] [ DB ] CONNECT:[ UseTime:0.004000s ] mysql:dbname=guguocrm;host=localhost;charset=utf8
[ sql ] [ SQL ] SHOW COLUMNS FROM `guguo_user_corporation` [ RunTime:0.024001s ]
[ sql ] [ SQL ] SELECT * FROM `guguo_user_corporation` WHERE  `telephone` = '13322221111' LIMIT 1 [ RunTime:0.002000s ]

---------------------------------------------------------------
[ 2017-02-08T17:26:23+08:00 ] 127.0.0.1 127.0.0.1 GET /index.php/huanxin/login/verifyLogin/telephone/13322221111/password/87654321
[ log ] webcall.app/index.php/huanxin/login/verifyLogin/telephone/13322221111/password/87654321 [运行时间：0.540031s][吞吐率：1.85req/s] [内存消耗：3,079.29kb] [文件加载：62]
[ info ] [ LANG ] D:\mysvn\webcall\trunk\thinkphp\lang\zh-cn.php
[ info ] [ ROUTE ] array (
  'type' => 'module',
  'module' => 
  array (
    0 => 'huanxin',
    1 => 'login',
    2 => 'verifyLogin',
  ),
)
[ info ] [ HEADER ] array (
  'host' => 'webcall.app',
  'connection' => 'keep-alive',
  'pragma' => 'no-cache',
  'cache-control' => 'no-cache',
  'upgrade-insecure-requests' => '1',
  'user-agent' => 'Mozilla/5.0 (Windows NT 6.1; Win64; x64) AppleWebKit/537.36 (KHTML, like Gecko) Chrome/52.0.2723.2 Safari/537.36',
  'accept' => 'text/html,application/xhtml+xml,application/xml;q=0.9,image/webp,*/*;q=0.8',
  'accept-encoding' => 'gzip, deflate, sdch',
  'accept-language' => 'zh-CN,zh;q=0.8',
)
[ info ] [ PARAM ] array (
  'telephone' => '13322221111',
  'password' => '87654321',
)
[ info ] [ RUN ] app\huanxin\controller\Login->verifyLogin[ D:\mysvn\webcall\trunk\app\huanxin\controller\Login.php ]
[ info ] [ DB ] INIT mysql
[ info ] [ LOG ] INIT File
[ sql ] [ DB ] CONNECT:[ UseTime:0.005000s ] mysql:dbname=guguocrm;host=localhost;charset=utf8
[ sql ] [ SQL ] SHOW COLUMNS FROM `guguo_user_corporation` [ RunTime:0.030002s ]
[ sql ] [ SQL ] SELECT * FROM `guguo_user_corporation` WHERE  `telephone` = '13322221111' LIMIT 1 [ RunTime:0.003000s ]
[ error ] [2048]Declaration of app\huanxin\model\Employer::initialize() should be compatible with think\Model::initialize()[D:\mysvn\webcall\trunk\app\huanxin\model\Employer.php:70]

---------------------------------------------------------------
[ 2017-02-08T17:27:46+08:00 ] 127.0.0.1 127.0.0.1 GET /index.php/huanxin/login/verifyLogin/telephone/13322221111/password/87654321
[ log ] webcall.app/index.php/huanxin/login/verifyLogin/telephone/13322221111/password/87654321 [运行时间：0.547031s][吞吐率：1.83req/s] [内存消耗：3,078.98kb] [文件加载：62]
[ info ] [ LANG ] D:\mysvn\webcall\trunk\thinkphp\lang\zh-cn.php
[ info ] [ ROUTE ] array (
  'type' => 'module',
  'module' => 
  array (
    0 => 'huanxin',
    1 => 'login',
    2 => 'verifyLogin',
  ),
)
[ info ] [ HEADER ] array (
  'host' => 'webcall.app',
  'connection' => 'keep-alive',
  'pragma' => 'no-cache',
  'cache-control' => 'no-cache',
  'upgrade-insecure-requests' => '1',
  'user-agent' => 'Mozilla/5.0 (Windows NT 6.1; Win64; x64) AppleWebKit/537.36 (KHTML, like Gecko) Chrome/52.0.2723.2 Safari/537.36',
  'accept' => 'text/html,application/xhtml+xml,application/xml;q=0.9,image/webp,*/*;q=0.8',
  'accept-encoding' => 'gzip, deflate, sdch',
  'accept-language' => 'zh-CN,zh;q=0.8',
)
[ info ] [ PARAM ] array (
  'telephone' => '13322221111',
  'password' => '87654321',
)
[ info ] [ RUN ] app\huanxin\controller\Login->verifyLogin[ D:\mysvn\webcall\trunk\app\huanxin\controller\Login.php ]
[ info ] [ DB ] INIT mysql
[ info ] [ LOG ] INIT File
[ sql ] [ DB ] CONNECT:[ UseTime:0.013001s ] mysql:dbname=guguocrm;host=localhost;charset=utf8
[ sql ] [ SQL ] SHOW COLUMNS FROM `guguo_user_corporation` [ RunTime:0.029002s ]
[ sql ] [ SQL ] SELECT * FROM `guguo_user_corporation` WHERE  `telephone` = '13322221111' LIMIT 1 [ RunTime:0.002000s ]
[ error ] [2048]Declaration of app\huanxin\model\Employer::initialize() should be compatible with think\Model::initialize()[D:\mysvn\webcall\trunk\app\huanxin\model\Employer.php:70]

---------------------------------------------------------------
[ 2017-02-08T17:31:07+08:00 ] 127.0.0.1 127.0.0.1 GET /index.php/huanxin/login/verifyLogin/telephone/13322221111/password/87654321
[ log ] webcall.app/index.php/huanxin/login/verifyLogin/telephone/13322221111/password/87654321 [运行时间：0.910052s][吞吐率：1.10req/s] [内存消耗：3,075.78kb] [文件加载：61]
[ info ] [ LANG ] D:\mysvn\webcall\trunk\thinkphp\lang\zh-cn.php
[ info ] [ ROUTE ] array (
  'type' => 'module',
  'module' => 
  array (
    0 => 'huanxin',
    1 => 'login',
    2 => 'verifyLogin',
  ),
)
[ info ] [ HEADER ] array (
  'host' => 'webcall.app',
  'connection' => 'keep-alive',
  'pragma' => 'no-cache',
  'cache-control' => 'no-cache',
  'upgrade-insecure-requests' => '1',
  'user-agent' => 'Mozilla/5.0 (Windows NT 6.1; Win64; x64) AppleWebKit/537.36 (KHTML, like Gecko) Chrome/52.0.2723.2 Safari/537.36',
  'accept' => 'text/html,application/xhtml+xml,application/xml;q=0.9,image/webp,*/*;q=0.8',
  'accept-encoding' => 'gzip, deflate, sdch',
  'accept-language' => 'zh-CN,zh;q=0.8',
)
[ info ] [ PARAM ] array (
  'telephone' => '13322221111',
  'password' => '87654321',
)
[ info ] [ RUN ] app\huanxin\controller\Login->verifyLogin[ D:\mysvn\webcall\trunk\app\huanxin\controller\Login.php ]
[ info ] [ DB ] INIT mysql
[ info ] [ LOG ] INIT File
[ sql ] [ DB ] CONNECT:[ UseTime:0.038002s ] mysql:dbname=guguocrm;host=localhost;charset=utf8
[ sql ] [ SQL ] SHOW COLUMNS FROM `guguo_user_corporation` [ RunTime:0.035002s ]
[ sql ] [ SQL ] SELECT * FROM `guguo_user_corporation` WHERE  `telephone` = '13322221111' LIMIT 1 [ RunTime:0.005000s ]
[ error ] [64]Access level to app\huanxin\model\Employer::__construct() must be public (as in class think\Model)[D:\mysvn\webcall\trunk\app\huanxin\model\Employer.php:70]

---------------------------------------------------------------
[ 2017-02-08T17:31:17+08:00 ] 127.0.0.1 127.0.0.1 GET /index.php/huanxin/login/verifyLogin/telephone/13322221111/password/87654321
[ log ] webcall.app/index.php/huanxin/login/verifyLogin/telephone/13322221111/password/87654321 [运行时间：0.806046s][吞吐率：1.24req/s] [内存消耗：3,097.66kb] [文件加载：62]
[ info ] [ LANG ] D:\mysvn\webcall\trunk\thinkphp\lang\zh-cn.php
[ info ] [ ROUTE ] array (
  'type' => 'module',
  'module' => 
  array (
    0 => 'huanxin',
    1 => 'login',
    2 => 'verifyLogin',
  ),
)
[ info ] [ HEADER ] array (
  'host' => 'webcall.app',
  'connection' => 'keep-alive',
  'pragma' => 'no-cache',
  'cache-control' => 'no-cache',
  'upgrade-insecure-requests' => '1',
  'user-agent' => 'Mozilla/5.0 (Windows NT 6.1; Win64; x64) AppleWebKit/537.36 (KHTML, like Gecko) Chrome/52.0.2723.2 Safari/537.36',
  'accept' => 'text/html,application/xhtml+xml,application/xml;q=0.9,image/webp,*/*;q=0.8',
  'accept-encoding' => 'gzip, deflate, sdch',
  'accept-language' => 'zh-CN,zh;q=0.8',
)
[ info ] [ PARAM ] array (
  'telephone' => '13322221111',
  'password' => '87654321',
)
[ info ] [ RUN ] app\huanxin\controller\Login->verifyLogin[ D:\mysvn\webcall\trunk\app\huanxin\controller\Login.php ]
[ info ] [ DB ] INIT mysql
[ info ] [ LOG ] INIT File
[ sql ] [ DB ] CONNECT:[ UseTime:0.008001s ] mysql:dbname=guguocrm;host=localhost;charset=utf8
[ sql ] [ SQL ] SHOW COLUMNS FROM `guguo_user_corporation` [ RunTime:0.041003s ]
[ sql ] [ SQL ] SELECT * FROM `guguo_user_corporation` WHERE  `telephone` = '13322221111' LIMIT 1 [ RunTime:0.004001s ]
[ error ] [1]Class 'app\huanxin\model\Db' not found[D:\mysvn\webcall\trunk\app\huanxin\model\Employer.php:19]

---------------------------------------------------------------
[ 2017-02-08T17:31:38+08:00 ] 127.0.0.1 127.0.0.1 GET /index.php/huanxin/login/verifyLogin/telephone/13322221111/password/87654321
[ log ] webcall.app/index.php/huanxin/login/verifyLogin/telephone/13322221111/password/87654321 [运行时间：0.426025s][吞吐率：2.35req/s] [内存消耗：2,949.70kb] [文件加载：56]
[ info ] [ LANG ] D:\mysvn\webcall\trunk\thinkphp\lang\zh-cn.php
[ info ] [ ROUTE ] array (
  'type' => 'module',
  'module' => 
  array (
    0 => 'huanxin',
    1 => 'login',
    2 => 'verifyLogin',
  ),
)
[ info ] [ HEADER ] array (
  'host' => 'webcall.app',
  'connection' => 'keep-alive',
  'pragma' => 'no-cache',
  'cache-control' => 'no-cache',
  'upgrade-insecure-requests' => '1',
  'user-agent' => 'Mozilla/5.0 (Windows NT 6.1; Win64; x64) AppleWebKit/537.36 (KHTML, like Gecko) Chrome/52.0.2723.2 Safari/537.36',
  'accept' => 'text/html,application/xhtml+xml,application/xml;q=0.9,image/webp,*/*;q=0.8',
  'accept-encoding' => 'gzip, deflate, sdch',
  'accept-language' => 'zh-CN,zh;q=0.8',
)
[ info ] [ PARAM ] array (
  'telephone' => '13322221111',
  'password' => '87654321',
)
[ info ] [ RUN ] app\huanxin\controller\Login->verifyLogin[ D:\mysvn\webcall\trunk\app\huanxin\controller\Login.php ]
[ info ] [ DB ] INIT mysql
[ info ] [ DB ] INIT mysql
[ info ] [ LOG ] INIT File
[ sql ] [ DB ] CONNECT:[ UseTime:0.017001s ] mysql:dbname=guguocrm;host=localhost;charset=utf8
[ sql ] [ SQL ] SHOW COLUMNS FROM `guguo_user_corporation` [ RunTime:0.026002s ]
[ sql ] [ SQL ] SELECT * FROM `guguo_user_corporation` WHERE  `telephone` = '13322221111' LIMIT 1 [ RunTime:0.005001s ]

---------------------------------------------------------------
[ 2017-02-08T17:31:54+08:00 ] 127.0.0.1 127.0.0.1 GET /index.php/huanxin/login/verifyLogin/telephone/13322221111/password/87654321
[ log ] webcall.app/index.php/huanxin/login/verifyLogin/telephone/13322221111/password/87654321 [运行时间：0.971055s][吞吐率：1.03req/s] [内存消耗：3,074.83kb] [文件加载：60]
[ info ] [ LANG ] D:\mysvn\webcall\trunk\thinkphp\lang\zh-cn.php
[ info ] [ ROUTE ] array (
  'type' => 'module',
  'module' => 
  array (
    0 => 'huanxin',
    1 => 'login',
    2 => 'verifyLogin',
  ),
)
[ info ] [ HEADER ] array (
  'host' => 'webcall.app',
  'connection' => 'keep-alive',
  'pragma' => 'no-cache',
  'cache-control' => 'no-cache',
  'upgrade-insecure-requests' => '1',
  'user-agent' => 'Mozilla/5.0 (Windows NT 6.1; Win64; x64) AppleWebKit/537.36 (KHTML, like Gecko) Chrome/52.0.2723.2 Safari/537.36',
  'accept' => 'text/html,application/xhtml+xml,application/xml;q=0.9,image/webp,*/*;q=0.8',
  'accept-encoding' => 'gzip, deflate, sdch',
  'accept-language' => 'zh-CN,zh;q=0.8',
)
[ info ] [ PARAM ] array (
  'telephone' => '13322221111',
  'password' => '87654321',
)
[ info ] [ RUN ] app\huanxin\controller\Login->verifyLogin[ D:\mysvn\webcall\trunk\app\huanxin\controller\Login.php ]
[ info ] [ DB ] INIT mysql
[ info ] [ DB ] INIT mysql
[ info ] [ LOG ] INIT File
[ sql ] [ DB ] CONNECT:[ UseTime:0.021001s ] mysql:dbname=guguocrm;host=localhost;charset=utf8
[ sql ] [ SQL ] SHOW COLUMNS FROM `guguo_user_corporation` [ RunTime:0.041002s ]
[ sql ] [ SQL ] SELECT * FROM `guguo_user_corporation` WHERE  `telephone` = '13322221111' LIMIT 1 [ RunTime:0.003000s ]
[ error ] [42S02]SQLSTATE[42S02]: Base table or view not found: 1146 Table 'guguocrm.guguo_' doesn't exist[D:\mysvn\webcall\trunk\thinkphp\library\think\db\connector\Mysql.php:63]

---------------------------------------------------------------
[ 2017-02-08T17:32:31+08:00 ] 127.0.0.1 127.0.0.1 GET /index.php/huanxin/login/verifyLogin/telephone/13322221111/password/87654321
[ log ] webcall.app/index.php/huanxin/login/verifyLogin/telephone/13322221111/password/87654321 [运行时间：0.916052s][吞吐率：1.09req/s] [内存消耗：3,083.74kb] [文件加载：60]
[ info ] [ LANG ] D:\mysvn\webcall\trunk\thinkphp\lang\zh-cn.php
[ info ] [ ROUTE ] array (
  'type' => 'module',
  'module' => 
  array (
    0 => 'huanxin',
    1 => 'login',
    2 => 'verifyLogin',
  ),
)
[ info ] [ HEADER ] array (
  'host' => 'webcall.app',
  'connection' => 'keep-alive',
  'pragma' => 'no-cache',
  'cache-control' => 'no-cache',
  'upgrade-insecure-requests' => '1',
  'user-agent' => 'Mozilla/5.0 (Windows NT 6.1; Win64; x64) AppleWebKit/537.36 (KHTML, like Gecko) Chrome/52.0.2723.2 Safari/537.36',
  'accept' => 'text/html,application/xhtml+xml,application/xml;q=0.9,image/webp,*/*;q=0.8',
  'accept-encoding' => 'gzip, deflate, sdch',
  'accept-language' => 'zh-CN,zh;q=0.8',
)
[ info ] [ PARAM ] array (
  'telephone' => '13322221111',
  'password' => '87654321',
)
[ info ] [ RUN ] app\huanxin\controller\Login->verifyLogin[ D:\mysvn\webcall\trunk\app\huanxin\controller\Login.php ]
[ info ] [ DB ] INIT mysql
[ info ] [ DB ] INIT mysql
[ info ] [ LOG ] INIT File
[ sql ] [ DB ] CONNECT:[ UseTime:0.035002s ] mysql:dbname=guguocrm;host=localhost;charset=utf8
[ sql ] [ SQL ] SHOW COLUMNS FROM `guguo_user_corporation` [ RunTime:0.036002s ]
[ sql ] [ SQL ] SELECT * FROM `guguo_user_corporation` WHERE  `telephone` = '13322221111' LIMIT 1 [ RunTime:0.005000s ]
[ sql ] [ DB ] CONNECT:[ UseTime:0.024001s ] mysql:dbname=guguo_sdzhongxun;host=localhost;charset=utf8
[ error ] [42S02]SQLSTATE[42S02]: Base table or view not found: 1146 Table 'guguo_sdzhongxun.guguo_' doesn't exist[D:\mysvn\webcall\trunk\thinkphp\library\think\db\connector\Mysql.php:63]

---------------------------------------------------------------
