[ 2017-02-09T08:20:45+08:00 ] 127.0.0.1 127.0.0.1 GET /index.php/huanxin/login/verifyLogin/telephone/13322221111/password/87654321
[ log ] webcall.app/index.php/huanxin/login/verifyLogin/telephone/13322221111/password/87654321 [运行时间：1.042060s][吞吐率：0.96req/s] [内存消耗：3,084.35kb] [文件加载：60]
[ info ] [ LANG ] D:\mysvn\webcall\trunk\thinkphp\lang\zh-cn.php
[ info ] [ ROUTE ] array (
  'type' => 'module',
  'module' => 
  array (
    0 => 'huanxin',
    1 => 'login',
    2 => 'verifyLogin',
  ),
)
[ info ] [ HEADER ] array (
  'host' => 'webcall.app',
  'connection' => 'keep-alive',
  'cache-control' => 'max-age=0',
  'upgrade-insecure-requests' => '1',
  'user-agent' => 'Mozilla/5.0 (Windows NT 6.1; Win64; x64) AppleWebKit/537.36 (KHTML, like Gecko) Chrome/52.0.2723.2 Safari/537.36',
  'accept' => 'text/html,application/xhtml+xml,application/xml;q=0.9,image/webp,*/*;q=0.8',
  'accept-encoding' => 'gzip, deflate, sdch',
  'accept-language' => 'zh-CN,zh;q=0.8',
)
[ info ] [ PARAM ] array (
  'telephone' => '13322221111',
  'password' => '87654321',
)
[ info ] [ RUN ] app\huanxin\controller\Login->verifyLogin[ D:\mysvn\webcall\trunk\app\huanxin\controller\Login.php ]
[ info ] [ DB ] INIT mysql
[ info ] [ DB ] INIT mysql
[ info ] [ LOG ] INIT File
[ sql ] [ DB ] CONNECT:[ UseTime:0.066004s ] mysql:dbname=guguocrm;host=localhost;charset=utf8
[ sql ] [ SQL ] SHOW COLUMNS FROM `guguo_user_corporation` [ RunTime:0.113007s ]
[ sql ] [ SQL ] SELECT * FROM `guguo_user_corporation` WHERE  `telephone` = '13322221111' LIMIT 1 [ RunTime:0.004000s ]
[ sql ] [ DB ] CONNECT:[ UseTime:0.055003s ] mysql:dbname=guguo_sdzhongxun;host=localhost;charset=utf8
[ error ] [42S02]SQLSTATE[42S02]: Base table or view not found: 1146 Table 'guguo_sdzhongxun.guguo_' doesn't exist[D:\mysvn\webcall\trunk\thinkphp\library\think\db\connector\Mysql.php:63]

---------------------------------------------------------------
[ 2017-02-09T08:21:17+08:00 ] 127.0.0.1 127.0.0.1 GET /index.php/huanxin/login/verifyLogin/telephone/13322221111/password/87654321
[ log ] webcall.app/index.php/huanxin/login/verifyLogin/telephone/13322221111/password/87654321 [运行时间：0.429025s][吞吐率：2.33req/s] [内存消耗：3,084.67kb] [文件加载：60]
[ info ] [ LANG ] D:\mysvn\webcall\trunk\thinkphp\lang\zh-cn.php
[ info ] [ ROUTE ] array (
  'type' => 'module',
  'module' => 
  array (
    0 => 'huanxin',
    1 => 'login',
    2 => 'verifyLogin',
  ),
)
[ info ] [ HEADER ] array (
  'host' => 'webcall.app',
  'connection' => 'keep-alive',
  'cache-control' => 'max-age=0',
  'upgrade-insecure-requests' => '1',
  'user-agent' => 'Mozilla/5.0 (Windows NT 6.1; Win64; x64) AppleWebKit/537.36 (KHTML, like Gecko) Chrome/52.0.2723.2 Safari/537.36',
  'accept' => 'text/html,application/xhtml+xml,application/xml;q=0.9,image/webp,*/*;q=0.8',
  'accept-encoding' => 'gzip, deflate, sdch',
  'accept-language' => 'zh-CN,zh;q=0.8',
)
[ info ] [ PARAM ] array (
  'telephone' => '13322221111',
  'password' => '87654321',
)
[ info ] [ RUN ] app\huanxin\controller\Login->verifyLogin[ D:\mysvn\webcall\trunk\app\huanxin\controller\Login.php ]
[ info ] [ DB ] INIT mysql
[ info ] [ DB ] INIT mysql
[ info ] [ LOG ] INIT File
[ sql ] [ DB ] CONNECT:[ UseTime:0.082004s ] mysql:dbname=guguocrm;host=localhost;charset=utf8
[ sql ] [ SQL ] SHOW COLUMNS FROM `guguo_user_corporation` [ RunTime:0.013001s ]
[ sql ] [ SQL ] SELECT * FROM `guguo_user_corporation` WHERE  `telephone` = '13322221111' LIMIT 1 [ RunTime:0.002000s ]
[ sql ] [ DB ] CONNECT:[ UseTime:0.036002s ] mysql:dbname=guguo_sdzhongxun;host=localhost;charset=utf8
[ error ] [42S02]SQLSTATE[42S02]: Base table or view not found: 1146 Table 'guguo_sdzhongxun.guguo_' doesn't exist[D:\mysvn\webcall\trunk\thinkphp\library\think\db\connector\Mysql.php:63]

---------------------------------------------------------------
[ 2017-02-09T08:21:26+08:00 ] 127.0.0.1 127.0.0.1 GET /index.php/huanxin/login/verifyLogin/telephone/13322221111/password/87654321
[ log ] webcall.app/index.php/huanxin/login/verifyLogin/telephone/13322221111/password/87654321 [运行时间：0.443025s][吞吐率：2.26req/s] [内存消耗：3,084.67kb] [文件加载：60]
[ info ] [ LANG ] D:\mysvn\webcall\trunk\thinkphp\lang\zh-cn.php
[ info ] [ ROUTE ] array (
  'type' => 'module',
  'module' => 
  array (
    0 => 'huanxin',
    1 => 'login',
    2 => 'verifyLogin',
  ),
)
[ info ] [ HEADER ] array (
  'host' => 'webcall.app',
  'connection' => 'keep-alive',
  'cache-control' => 'max-age=0',
  'upgrade-insecure-requests' => '1',
  'user-agent' => 'Mozilla/5.0 (Windows NT 6.1; Win64; x64) AppleWebKit/537.36 (KHTML, like Gecko) Chrome/52.0.2723.2 Safari/537.36',
  'accept' => 'text/html,application/xhtml+xml,application/xml;q=0.9,image/webp,*/*;q=0.8',
  'accept-encoding' => 'gzip, deflate, sdch',
  'accept-language' => 'zh-CN,zh;q=0.8',
)
[ info ] [ PARAM ] array (
  'telephone' => '13322221111',
  'password' => '87654321',
)
[ info ] [ RUN ] app\huanxin\controller\Login->verifyLogin[ D:\mysvn\webcall\trunk\app\huanxin\controller\Login.php ]
[ info ] [ DB ] INIT mysql
[ info ] [ DB ] INIT mysql
[ info ] [ LOG ] INIT File
[ sql ] [ DB ] CONNECT:[ UseTime:0.050003s ] mysql:dbname=guguocrm;host=localhost;charset=utf8
[ sql ] [ SQL ] SHOW COLUMNS FROM `guguo_user_corporation` [ RunTime:0.014001s ]
[ sql ] [ SQL ] SELECT * FROM `guguo_user_corporation` WHERE  `telephone` = '13322221111' LIMIT 1 [ RunTime:0.003000s ]
[ sql ] [ DB ] CONNECT:[ UseTime:0.054003s ] mysql:dbname=guguo_sdzhongxun;host=localhost;charset=utf8
[ error ] [42S02]SQLSTATE[42S02]: Base table or view not found: 1146 Table 'guguo_sdzhongxun.guguo_' doesn't exist[D:\mysvn\webcall\trunk\thinkphp\library\think\db\connector\Mysql.php:63]

---------------------------------------------------------------
[ 2017-02-09T08:48:07+08:00 ] 127.0.0.1 127.0.0.1 GET /index.php/huanxin/login/verifyLogin/telephone/13322221111/password/87654321
[ log ] webcall.app/index.php/huanxin/login/verifyLogin/telephone/13322221111/password/87654321 [运行时间：0.108006s][吞吐率：9.26req/s] [内存消耗：1,823.46kb] [文件加载：47]
[ info ] [ LANG ] D:\mysvn\webcall\trunk\thinkphp\lang\zh-cn.php
[ info ] [ ROUTE ] array (
  'type' => 'module',
  'module' => 
  array (
    0 => 'huanxin',
    1 => 'login',
    2 => 'verifyLogin',
  ),
)
[ info ] [ HEADER ] array (
  'host' => 'webcall.app',
  'connection' => 'keep-alive',
  'upgrade-insecure-requests' => '1',
  'user-agent' => 'Mozilla/5.0 (Windows NT 6.1; Win64; x64) AppleWebKit/537.36 (KHTML, like Gecko) Chrome/52.0.2723.2 Safari/537.36',
  'accept' => 'text/html,application/xhtml+xml,application/xml;q=0.9,image/webp,*/*;q=0.8',
  'accept-encoding' => 'gzip, deflate, sdch',
  'accept-language' => 'zh-CN,zh;q=0.8',
)
[ info ] [ PARAM ] array (
  'telephone' => '13322221111',
  'password' => '87654321',
)
[ info ] [ RUN ] app\huanxin\controller\Login->verifyLogin[ D:\mysvn\webcall\trunk\app\huanxin\controller\Login.php ]
[ info ] [ LOG ] INIT File

---------------------------------------------------------------
[ 2017-02-09T08:48:15+08:00 ] 127.0.0.1 127.0.0.1 GET /index.php/huanxin/login/verifyLogin/telephone/13322221111/password/87654321
[ log ] webcall.app/index.php/huanxin/login/verifyLogin/telephone/13322221111/password/87654321 [运行时间：0.164009s][吞吐率：6.10req/s] [内存消耗：1,823.58kb] [文件加载：47]
[ info ] [ LANG ] D:\mysvn\webcall\trunk\thinkphp\lang\zh-cn.php
[ info ] [ ROUTE ] array (
  'type' => 'module',
  'module' => 
  array (
    0 => 'huanxin',
    1 => 'login',
    2 => 'verifyLogin',
  ),
)
[ info ] [ HEADER ] array (
  'host' => 'webcall.app',
  'connection' => 'keep-alive',
  'cache-control' => 'max-age=0',
  'upgrade-insecure-requests' => '1',
  'user-agent' => 'Mozilla/5.0 (Windows NT 6.1; Win64; x64) AppleWebKit/537.36 (KHTML, like Gecko) Chrome/52.0.2723.2 Safari/537.36',
  'accept' => 'text/html,application/xhtml+xml,application/xml;q=0.9,image/webp,*/*;q=0.8',
  'accept-encoding' => 'gzip, deflate, sdch',
  'accept-language' => 'zh-CN,zh;q=0.8',
)
[ info ] [ PARAM ] array (
  'telephone' => '13322221111',
  'password' => '87654321',
)
[ info ] [ RUN ] app\huanxin\controller\Login->verifyLogin[ D:\mysvn\webcall\trunk\app\huanxin\controller\Login.php ]
[ info ] [ LOG ] INIT File

---------------------------------------------------------------
[ 2017-02-09T08:48:21+08:00 ] 127.0.0.1 127.0.0.1 GET /index.php/huanxin/login/verifyLogin/telephone/13322221111/password/87654321
[ log ] webcall.app/index.php/huanxin/login/verifyLogin/telephone/13322221111/password/87654321 [运行时间：0.098604s][吞吐率：10.14req/s] [内存消耗：1,823.59kb] [文件加载：47]
[ info ] [ LANG ] D:\mysvn\webcall\trunk\thinkphp\lang\zh-cn.php
[ info ] [ ROUTE ] array (
  'type' => 'module',
  'module' => 
  array (
    0 => 'huanxin',
    1 => 'login',
    2 => 'verifyLogin',
  ),
)
[ info ] [ HEADER ] array (
  'host' => 'webcall.app',
  'connection' => 'keep-alive',
  'cache-control' => 'max-age=0',
  'upgrade-insecure-requests' => '1',
  'user-agent' => 'Mozilla/5.0 (Windows NT 6.1; Win64; x64) AppleWebKit/537.36 (KHTML, like Gecko) Chrome/52.0.2723.2 Safari/537.36',
  'accept' => 'text/html,application/xhtml+xml,application/xml;q=0.9,image/webp,*/*;q=0.8',
  'accept-encoding' => 'gzip, deflate, sdch',
  'accept-language' => 'zh-CN,zh;q=0.8',
)
[ info ] [ PARAM ] array (
  'telephone' => '13322221111',
  'password' => '87654321',
)
[ info ] [ RUN ] app\huanxin\controller\Login->verifyLogin[ D:\mysvn\webcall\trunk\app\huanxin\controller\Login.php ]
[ info ] [ LOG ] INIT File

---------------------------------------------------------------
[ 2017-02-09T10:46:41+08:00 ] 127.0.0.1 127.0.0.1 GET /index.php/huanxin/login/verifyLogin/telephone/13322221111/password/87654321
[ log ] webcall.app/index.php/huanxin/login/verifyLogin/telephone/13322221111/password/87654321 [运行时间：0.252015s][吞吐率：3.97req/s] [内存消耗：3,081.74kb] [文件加载：59]
[ info ] [ LANG ] D:\mysvn\webcall\trunk\thinkphp\lang\zh-cn.php
[ info ] [ ROUTE ] array (
  'type' => 'module',
  'module' => 
  array (
    0 => 'huanxin',
    1 => 'login',
    2 => 'verifyLogin',
  ),
)
[ info ] [ HEADER ] array (
  'host' => 'webcall.app',
  'connection' => 'keep-alive',
  'cache-control' => 'max-age=0',
  'upgrade-insecure-requests' => '1',
  'user-agent' => 'Mozilla/5.0 (Windows NT 6.1; Win64; x64) AppleWebKit/537.36 (KHTML, like Gecko) Chrome/52.0.2723.2 Safari/537.36',
  'accept' => 'text/html,application/xhtml+xml,application/xml;q=0.9,image/webp,*/*;q=0.8',
  'accept-encoding' => 'gzip, deflate, sdch',
  'accept-language' => 'zh-CN,zh;q=0.8',
)
[ info ] [ PARAM ] array (
  'telephone' => '13322221111',
  'password' => '87654321',
)
[ info ] [ RUN ] app\huanxin\controller\Login->verifyLogin[ D:\mysvn\webcall\trunk\app\huanxin\controller\Login.php ]
[ info ] [ DB ] INIT mysql
[ info ] [ DB ] INIT mysql
[ info ] [ LOG ] INIT File
[ sql ] [ DB ] CONNECT:[ UseTime:0.012000s ] mysql:dbname=guguocrm;host=localhost;charset=utf8
[ sql ] [ SQL ] SHOW COLUMNS FROM `guguo_user_corporation` [ RunTime:0.010001s ]
[ sql ] [ SQL ] SELECT * FROM `guguo_user_corporation` WHERE  `telephone` = '13322221111' LIMIT 1 [ RunTime:0.001000s ]
[ sql ] [ DB ] CONNECT:[ UseTime:0.011000s ] mysql:dbname=guguo_sdzhongxun;host=localhost;charset=utf8
[ error ] [42S02]SQLSTATE[42S02]: Base table or view not found: 1146 Table 'guguo_sdzhongxun.guguo_' doesn't exist[D:\mysvn\webcall\trunk\thinkphp\library\think\db\connector\Mysql.php:63]

---------------------------------------------------------------
[ 2017-02-09T10:51:43+08:00 ] 127.0.0.1 127.0.0.1 GET /index.php/huanxin/login/verifyLogin/telephone/13322221111/password/87654321
[ log ] webcall.app/index.php/huanxin/login/verifyLogin/telephone/13322221111/password/87654321 [运行时间：0.326018s][吞吐率：3.07req/s] [内存消耗：3,082.19kb] [文件加载：59]
[ info ] [ LANG ] D:\mysvn\webcall\trunk\thinkphp\lang\zh-cn.php
[ info ] [ ROUTE ] array (
  'type' => 'module',
  'module' => 
  array (
    0 => 'huanxin',
    1 => 'login',
    2 => 'verifyLogin',
  ),
)
[ info ] [ HEADER ] array (
  'host' => 'webcall.app',
  'connection' => 'keep-alive',
  'cache-control' => 'max-age=0',
  'upgrade-insecure-requests' => '1',
  'user-agent' => 'Mozilla/5.0 (Windows NT 6.1; Win64; x64) AppleWebKit/537.36 (KHTML, like Gecko) Chrome/52.0.2723.2 Safari/537.36',
  'accept' => 'text/html,application/xhtml+xml,application/xml;q=0.9,image/webp,*/*;q=0.8',
  'accept-encoding' => 'gzip, deflate, sdch',
  'accept-language' => 'zh-CN,zh;q=0.8',
)
[ info ] [ PARAM ] array (
  'telephone' => '13322221111',
  'password' => '87654321',
)
[ info ] [ RUN ] app\huanxin\controller\Login->verifyLogin[ D:\mysvn\webcall\trunk\app\huanxin\controller\Login.php ]
[ info ] [ DB ] INIT mysql
[ info ] [ DB ] INIT mysql
[ info ] [ LOG ] INIT File
[ sql ] [ DB ] CONNECT:[ UseTime:0.002000s ] mysql:dbname=guguocrm;host=localhost;charset=utf8
[ sql ] [ SQL ] SHOW COLUMNS FROM `guguo_user_corporation` [ RunTime:0.014001s ]
[ sql ] [ SQL ] SELECT * FROM `guguo_user_corporation` WHERE  `telephone` = '13322221111' LIMIT 1 [ RunTime:0.001000s ]
[ sql ] [ DB ] CONNECT:[ UseTime:0.002000s ] mysql:dbname=guguo_sdzhongxun;host=localhost;charset=utf8
[ error ] [42S02]SQLSTATE[42S02]: Base table or view not found: 1146 Table 'guguo_sdzhongxun.guguo_' doesn't exist[D:\mysvn\webcall\trunk\thinkphp\library\think\db\connector\Mysql.php:63]

---------------------------------------------------------------
[ 2017-02-09T10:52:24+08:00 ] 127.0.0.1 127.0.0.1 GET /index.php/huanxin/login/verifyLogin/telephone/13322221111/password/87654321
[ log ] webcall.app/index.php/huanxin/login/verifyLogin/telephone/13322221111/password/87654321 [运行时间：0.243014s][吞吐率：4.11req/s] [内存消耗：3,082.16kb] [文件加载：59]
[ info ] [ LANG ] D:\mysvn\webcall\trunk\thinkphp\lang\zh-cn.php
[ info ] [ ROUTE ] array (
  'type' => 'module',
  'module' => 
  array (
    0 => 'huanxin',
    1 => 'login',
    2 => 'verifyLogin',
  ),
)
[ info ] [ HEADER ] array (
  'host' => 'webcall.app',
  'connection' => 'keep-alive',
  'cache-control' => 'max-age=0',
  'upgrade-insecure-requests' => '1',
  'user-agent' => 'Mozilla/5.0 (Windows NT 6.1; Win64; x64) AppleWebKit/537.36 (KHTML, like Gecko) Chrome/52.0.2723.2 Safari/537.36',
  'accept' => 'text/html,application/xhtml+xml,application/xml;q=0.9,image/webp,*/*;q=0.8',
  'accept-encoding' => 'gzip, deflate, sdch',
  'accept-language' => 'zh-CN,zh;q=0.8',
)
[ info ] [ PARAM ] array (
  'telephone' => '13322221111',
  'password' => '87654321',
)
[ info ] [ RUN ] app\huanxin\controller\Login->verifyLogin[ D:\mysvn\webcall\trunk\app\huanxin\controller\Login.php ]
[ info ] [ DB ] INIT mysql
[ info ] [ DB ] INIT mysql
[ info ] [ LOG ] INIT File
[ sql ] [ DB ] CONNECT:[ UseTime:0.002000s ] mysql:dbname=guguocrm;host=localhost;charset=utf8
[ sql ] [ SQL ] SHOW COLUMNS FROM `guguo_user_corporation` [ RunTime:0.012001s ]
[ sql ] [ SQL ] SELECT * FROM `guguo_user_corporation` WHERE  `telephone` = '13322221111' LIMIT 1 [ RunTime:0.002000s ]
[ sql ] [ DB ] CONNECT:[ UseTime:0.011001s ] mysql:dbname=guguo_sdzhongxun;host=localhost;charset=utf8
[ error ] [42S02]SQLSTATE[42S02]: Base table or view not found: 1146 Table 'guguo_sdzhongxun.guguo_' doesn't exist[D:\mysvn\webcall\trunk\thinkphp\library\think\db\connector\Mysql.php:63]

---------------------------------------------------------------
[ 2017-02-09T10:52:26+08:00 ] 127.0.0.1 127.0.0.1 GET /index.php/huanxin/login/verifyLogin/telephone/13322221111/password/87654321
[ log ] webcall.app/index.php/huanxin/login/verifyLogin/telephone/13322221111/password/87654321 [运行时间：0.234612s][吞吐率：4.26req/s] [内存消耗：3,082.16kb] [文件加载：59]
[ info ] [ LANG ] D:\mysvn\webcall\trunk\thinkphp\lang\zh-cn.php
[ info ] [ ROUTE ] array (
  'type' => 'module',
  'module' => 
  array (
    0 => 'huanxin',
    1 => 'login',
    2 => 'verifyLogin',
  ),
)
[ info ] [ HEADER ] array (
  'host' => 'webcall.app',
  'connection' => 'keep-alive',
  'cache-control' => 'max-age=0',
  'upgrade-insecure-requests' => '1',
  'user-agent' => 'Mozilla/5.0 (Windows NT 6.1; Win64; x64) AppleWebKit/537.36 (KHTML, like Gecko) Chrome/52.0.2723.2 Safari/537.36',
  'accept' => 'text/html,application/xhtml+xml,application/xml;q=0.9,image/webp,*/*;q=0.8',
  'accept-encoding' => 'gzip, deflate, sdch',
  'accept-language' => 'zh-CN,zh;q=0.8',
)
[ info ] [ PARAM ] array (
  'telephone' => '13322221111',
  'password' => '87654321',
)
[ info ] [ RUN ] app\huanxin\controller\Login->verifyLogin[ D:\mysvn\webcall\trunk\app\huanxin\controller\Login.php ]
[ info ] [ DB ] INIT mysql
[ info ] [ DB ] INIT mysql
[ info ] [ LOG ] INIT File
[ sql ] [ DB ] CONNECT:[ UseTime:0.002000s ] mysql:dbname=guguocrm;host=localhost;charset=utf8
[ sql ] [ SQL ] SHOW COLUMNS FROM `guguo_user_corporation` [ RunTime:0.011001s ]
[ sql ] [ SQL ] SELECT * FROM `guguo_user_corporation` WHERE  `telephone` = '13322221111' LIMIT 1 [ RunTime:0.001000s ]
[ sql ] [ DB ] CONNECT:[ UseTime:0.002000s ] mysql:dbname=guguo_sdzhongxun;host=localhost;charset=utf8
[ error ] [42S02]SQLSTATE[42S02]: Base table or view not found: 1146 Table 'guguo_sdzhongxun.guguo_' doesn't exist[D:\mysvn\webcall\trunk\thinkphp\library\think\db\connector\Mysql.php:63]

---------------------------------------------------------------
[ 2017-02-09T10:53:19+08:00 ] 127.0.0.1 127.0.0.1 GET /index.php/huanxin/login/verifyLogin/telephone/13322221111/password/87654321
[ log ] webcall.app/index.php/huanxin/login/verifyLogin/telephone/13322221111/password/87654321 [运行时间：0.249614s][吞吐率：4.01req/s] [内存消耗：3,082.45kb] [文件加载：59]
[ info ] [ LANG ] D:\mysvn\webcall\trunk\thinkphp\lang\zh-cn.php
[ info ] [ ROUTE ] array (
  'type' => 'module',
  'module' => 
  array (
    0 => 'huanxin',
    1 => 'login',
    2 => 'verifyLogin',
  ),
)
[ info ] [ HEADER ] array (
  'host' => 'webcall.app',
  'connection' => 'keep-alive',
  'cache-control' => 'max-age=0',
  'upgrade-insecure-requests' => '1',
  'user-agent' => 'Mozilla/5.0 (Windows NT 6.1; Win64; x64) AppleWebKit/537.36 (KHTML, like Gecko) Chrome/52.0.2723.2 Safari/537.36',
  'accept' => 'text/html,application/xhtml+xml,application/xml;q=0.9,image/webp,*/*;q=0.8',
  'accept-encoding' => 'gzip, deflate, sdch',
  'accept-language' => 'zh-CN,zh;q=0.8',
)
[ info ] [ PARAM ] array (
  'telephone' => '13322221111',
  'password' => '87654321',
)
[ info ] [ RUN ] app\huanxin\controller\Login->verifyLogin[ D:\mysvn\webcall\trunk\app\huanxin\controller\Login.php ]
[ info ] [ DB ] INIT mysql
[ info ] [ DB ] INIT mysql
[ info ] [ LOG ] INIT File
[ sql ] [ DB ] CONNECT:[ UseTime:0.011000s ] mysql:dbname=guguocrm;host=localhost;charset=utf8
[ sql ] [ SQL ] SHOW COLUMNS FROM `guguo_user_corporation` [ RunTime:0.012001s ]
[ sql ] [ SQL ] SELECT * FROM `guguo_user_corporation` WHERE  `telephone` = '13322221111' LIMIT 1 [ RunTime:0.002000s ]
[ sql ] [ DB ] CONNECT:[ UseTime:0.012000s ] mysql:dbname=guguo_sdzhongxun;host=localhost;charset=utf8
[ error ] [42S02]SQLSTATE[42S02]: Base table or view not found: 1146 Table 'guguo_sdzhongxun.guguo_' doesn't exist[D:\mysvn\webcall\trunk\thinkphp\library\think\db\connector\Mysql.php:63]

---------------------------------------------------------------
[ 2017-02-09T10:57:47+08:00 ] 127.0.0.1 127.0.0.1 GET /index.php/huanxin/login/verifyLogin/telephone/13322221111/password/87654321
[ log ] webcall.app/index.php/huanxin/login/verifyLogin/telephone/13322221111/password/87654321 [运行时间：0.163609s][吞吐率：6.11req/s] [内存消耗：2,939.74kb] [文件加载：55]
[ info ] [ LANG ] D:\mysvn\webcall\trunk\thinkphp\lang\zh-cn.php
[ info ] [ ROUTE ] array (
  'type' => 'module',
  'module' => 
  array (
    0 => 'huanxin',
    1 => 'login',
    2 => 'verifyLogin',
  ),
)
[ info ] [ HEADER ] array (
  'host' => 'webcall.app',
  'connection' => 'keep-alive',
  'cache-control' => 'max-age=0',
  'upgrade-insecure-requests' => '1',
  'user-agent' => 'Mozilla/5.0 (Windows NT 6.1; Win64; x64) AppleWebKit/537.36 (KHTML, like Gecko) Chrome/52.0.2723.2 Safari/537.36',
  'accept' => 'text/html,application/xhtml+xml,application/xml;q=0.9,image/webp,*/*;q=0.8',
  'accept-encoding' => 'gzip, deflate, sdch',
  'accept-language' => 'zh-CN,zh;q=0.8',
)
[ info ] [ PARAM ] array (
  'telephone' => '13322221111',
  'password' => '87654321',
)
[ info ] [ RUN ] app\huanxin\controller\Login->verifyLogin[ D:\mysvn\webcall\trunk\app\huanxin\controller\Login.php ]
[ info ] [ DB ] INIT mysql
[ info ] [ LOG ] INIT File
[ sql ] [ DB ] CONNECT:[ UseTime:0.011000s ] mysql:dbname=guguocrm;host=localhost;charset=utf8
[ sql ] [ SQL ] SHOW COLUMNS FROM `guguo_user_corporation` [ RunTime:0.012001s ]
[ sql ] [ SQL ] SELECT * FROM `guguo_user_corporation` WHERE  `telephone` = '13322221111' LIMIT 1 [ RunTime:0.001000s ]

---------------------------------------------------------------
[ 2017-02-09T11:08:04+08:00 ] 127.0.0.1 127.0.0.1 GET /index.php/huanxin/login/verifyLogin/telephone/13322221111/password/87654321
[ log ] webcall.app/index.php/huanxin/login/verifyLogin/telephone/13322221111/password/87654321 [运行时间：0.240613s][吞吐率：4.16req/s] [内存消耗：3,082.82kb] [文件加载：59]
[ info ] [ LANG ] D:\mysvn\webcall\trunk\thinkphp\lang\zh-cn.php
[ info ] [ ROUTE ] array (
  'type' => 'module',
  'module' => 
  array (
    0 => 'huanxin',
    1 => 'login',
    2 => 'verifyLogin',
  ),
)
[ info ] [ HEADER ] array (
  'host' => 'webcall.app',
  'connection' => 'keep-alive',
  'cache-control' => 'max-age=0',
  'upgrade-insecure-requests' => '1',
  'user-agent' => 'Mozilla/5.0 (Windows NT 6.1; Win64; x64) AppleWebKit/537.36 (KHTML, like Gecko) Chrome/52.0.2723.2 Safari/537.36',
  'accept' => 'text/html,application/xhtml+xml,application/xml;q=0.9,image/webp,*/*;q=0.8',
  'accept-encoding' => 'gzip, deflate, sdch',
  'accept-language' => 'zh-CN,zh;q=0.8',
)
[ info ] [ PARAM ] array (
  'telephone' => '13322221111',
  'password' => '87654321',
)
[ info ] [ RUN ] app\huanxin\controller\Login->verifyLogin[ D:\mysvn\webcall\trunk\app\huanxin\controller\Login.php ]
[ info ] [ DB ] INIT mysql
[ info ] [ DB ] INIT mysql
[ info ] [ LOG ] INIT File
[ sql ] [ DB ] CONNECT:[ UseTime:0.012001s ] mysql:dbname=guguocrm;host=localhost;charset=utf8
[ sql ] [ SQL ] SHOW COLUMNS FROM `guguo_user_corporation` [ RunTime:0.011001s ]
[ sql ] [ SQL ] SELECT * FROM `guguo_user_corporation` WHERE  `telephone` = '13322221111' LIMIT 1 [ RunTime:0.001000s ]
[ sql ] [ DB ] CONNECT:[ UseTime:0.002000s ] mysql:dbname=guguo_sdzhongxun;host=localhost;charset=utf8
[ error ] [42S02]SQLSTATE[42S02]: Base table or view not found: 1146 Table 'guguo_sdzhongxun.guguo_' doesn't exist[D:\mysvn\webcall\trunk\thinkphp\library\think\db\connector\Mysql.php:63]

---------------------------------------------------------------
[ 2017-02-09T11:10:02+08:00 ] 127.0.0.1 127.0.0.1 GET /index.php/huanxin/login/verifyLogin/telephone/13322221111/password/87654321
[ log ] webcall.app/index.php/huanxin/login/verifyLogin/telephone/13322221111/password/87654321 [运行时间：0.238013s][吞吐率：4.20req/s] [内存消耗：3,082.98kb] [文件加载：59]
[ info ] [ LANG ] D:\mysvn\webcall\trunk\thinkphp\lang\zh-cn.php
[ info ] [ ROUTE ] array (
  'type' => 'module',
  'module' => 
  array (
    0 => 'huanxin',
    1 => 'login',
    2 => 'verifyLogin',
  ),
)
[ info ] [ HEADER ] array (
  'host' => 'webcall.app',
  'connection' => 'keep-alive',
  'cache-control' => 'max-age=0',
  'upgrade-insecure-requests' => '1',
  'user-agent' => 'Mozilla/5.0 (Windows NT 6.1; Win64; x64) AppleWebKit/537.36 (KHTML, like Gecko) Chrome/52.0.2723.2 Safari/537.36',
  'accept' => 'text/html,application/xhtml+xml,application/xml;q=0.9,image/webp,*/*;q=0.8',
  'accept-encoding' => 'gzip, deflate, sdch',
  'accept-language' => 'zh-CN,zh;q=0.8',
)
[ info ] [ PARAM ] array (
  'telephone' => '13322221111',
  'password' => '87654321',
)
[ info ] [ RUN ] app\huanxin\controller\Login->verifyLogin[ D:\mysvn\webcall\trunk\app\huanxin\controller\Login.php ]
[ info ] [ DB ] INIT mysql
[ info ] [ DB ] INIT mysql
[ info ] [ LOG ] INIT File
[ sql ] [ DB ] CONNECT:[ UseTime:0.011000s ] mysql:dbname=guguocrm;host=localhost;charset=utf8
[ sql ] [ SQL ] SHOW COLUMNS FROM `guguo_user_corporation` [ RunTime:0.012001s ]
[ sql ] [ SQL ] SELECT * FROM `guguo_user_corporation` WHERE  `telephone` = '13322221111' LIMIT 1 [ RunTime:0.001000s ]
[ sql ] [ DB ] CONNECT:[ UseTime:0.002000s ] mysql:dbname=guguo_sdzhongxun;host=localhost;charset=utf8
[ error ] [42S02]SQLSTATE[42S02]: Base table or view not found: 1146 Table 'guguo_sdzhongxun.guguo_' doesn't exist[D:\mysvn\webcall\trunk\thinkphp\library\think\db\connector\Mysql.php:63]

---------------------------------------------------------------
[ 2017-02-09T11:14:57+08:00 ] 127.0.0.1 127.0.0.1 GET /index.php/huanxin/login/verifyLogin/telephone/13322221111/password/87654321
[ log ] webcall.app/index.php/huanxin/login/verifyLogin/telephone/13322221111/password/87654321 [运行时间：0.272615s][吞吐率：3.67req/s] [内存消耗：3,082.41kb] [文件加载：59]
[ info ] [ LANG ] D:\mysvn\webcall\trunk\thinkphp\lang\zh-cn.php
[ info ] [ ROUTE ] array (
  'type' => 'module',
  'module' => 
  array (
    0 => 'huanxin',
    1 => 'login',
    2 => 'verifyLogin',
  ),
)
[ info ] [ HEADER ] array (
  'host' => 'webcall.app',
  'connection' => 'keep-alive',
  'cache-control' => 'max-age=0',
  'upgrade-insecure-requests' => '1',
  'user-agent' => 'Mozilla/5.0 (Windows NT 6.1; Win64; x64) AppleWebKit/537.36 (KHTML, like Gecko) Chrome/52.0.2723.2 Safari/537.36',
  'accept' => 'text/html,application/xhtml+xml,application/xml;q=0.9,image/webp,*/*;q=0.8',
  'accept-encoding' => 'gzip, deflate, sdch',
  'accept-language' => 'zh-CN,zh;q=0.8',
)
[ info ] [ PARAM ] array (
  'telephone' => '13322221111',
  'password' => '87654321',
)
[ info ] [ RUN ] app\huanxin\controller\Login->verifyLogin[ D:\mysvn\webcall\trunk\app\huanxin\controller\Login.php ]
[ info ] [ DB ] INIT mysql
[ info ] [ DB ] INIT mysql
[ info ] [ LOG ] INIT File
[ sql ] [ DB ] CONNECT:[ UseTime:0.011001s ] mysql:dbname=guguocrm;host=localhost;charset=utf8
[ sql ] [ SQL ] SHOW COLUMNS FROM `guguo_user_corporation` [ RunTime:0.013001s ]
[ sql ] [ SQL ] SELECT * FROM `guguo_user_corporation` WHERE  `telephone` = '13322221111' LIMIT 1 [ RunTime:0.002000s ]
[ sql ] [ DB ] CONNECT:[ UseTime:0.012000s ] mysql:dbname=guguo_sdzhongxun;host=localhost;charset=utf8
[ error ] [42S02]SQLSTATE[42S02]: Base table or view not found: 1146 Table 'guguo_sdzhongxun.guguo_' doesn't exist[D:\mysvn\webcall\trunk\thinkphp\library\think\db\connector\Mysql.php:63]

---------------------------------------------------------------
[ 2017-02-09T11:15:37+08:00 ] 127.0.0.1 127.0.0.1 GET /index.php/huanxin/login/verifyLogin/telephone/13322221111/password/87654321
[ log ] webcall.app/index.php/huanxin/login/verifyLogin/telephone/13322221111/password/87654321 [运行时间：0.397622s][吞吐率：2.51req/s] [内存消耗：3,121.66kb] [文件加载：61]
[ info ] [ LANG ] D:\mysvn\webcall\trunk\thinkphp\lang\zh-cn.php
[ info ] [ ROUTE ] array (
  'type' => 'module',
  'module' => 
  array (
    0 => 'huanxin',
    1 => 'login',
    2 => 'verifyLogin',
  ),
)
[ info ] [ HEADER ] array (
  'host' => 'webcall.app',
  'connection' => 'keep-alive',
  'cache-control' => 'max-age=0',
  'upgrade-insecure-requests' => '1',
  'user-agent' => 'Mozilla/5.0 (Windows NT 6.1; Win64; x64) AppleWebKit/537.36 (KHTML, like Gecko) Chrome/52.0.2723.2 Safari/537.36',
  'accept' => 'text/html,application/xhtml+xml,application/xml;q=0.9,image/webp,*/*;q=0.8',
  'accept-encoding' => 'gzip, deflate, sdch',
  'accept-language' => 'zh-CN,zh;q=0.8',
)
[ info ] [ PARAM ] array (
  'telephone' => '13322221111',
  'password' => '87654321',
)
[ info ] [ RUN ] app\huanxin\controller\Login->verifyLogin[ D:\mysvn\webcall\trunk\app\huanxin\controller\Login.php ]
[ info ] [ DB ] INIT mysql
[ info ] [ DB ] INIT mysql
[ info ] [ LOG ] INIT File
[ sql ] [ DB ] CONNECT:[ UseTime:0.001000s ] mysql:dbname=guguocrm;host=localhost;charset=utf8
[ sql ] [ SQL ] SHOW COLUMNS FROM `guguo_user_corporation` [ RunTime:0.013000s ]
[ sql ] [ SQL ] SELECT * FROM `guguo_user_corporation` WHERE  `telephone` = '13322221111' LIMIT 1 [ RunTime:0.001000s ]
[ sql ] [ DB ] CONNECT:[ UseTime:0.011001s ] mysql:dbname=guguo_sdzhongxun;host=localhost;charset=utf8
[ sql ] [ SQL ] SHOW COLUMNS FROM `guguo_employer` [ RunTime:0.082005s ]
[ sql ] [ SQL ] SELECT `truename`,`password` FROM `guguo_employer` WHERE  `telephone` = '13322221111' [ RunTime:0.001001s ]
[ error ] [1]Call to a member function find() on array[D:\mysvn\webcall\trunk\app\huanxin\model\Employer.php:31]

---------------------------------------------------------------
[ 2017-02-09T11:16:03+08:00 ] 127.0.0.1 127.0.0.1 GET /index.php/huanxin/login/verifyLogin/telephone/13322221111/password/87654321
[ log ] webcall.app/index.php/huanxin/login/verifyLogin/telephone/13322221111/password/87654321 [运行时间：0.233212s][吞吐率：4.29req/s] [内存消耗：3,119.27kb] [文件加载：61]
[ info ] [ LANG ] D:\mysvn\webcall\trunk\thinkphp\lang\zh-cn.php
[ info ] [ ROUTE ] array (
  'type' => 'module',
  'module' => 
  array (
    0 => 'huanxin',
    1 => 'login',
    2 => 'verifyLogin',
  ),
)
[ info ] [ HEADER ] array (
  'host' => 'webcall.app',
  'connection' => 'keep-alive',
  'cache-control' => 'max-age=0',
  'upgrade-insecure-requests' => '1',
  'user-agent' => 'Mozilla/5.0 (Windows NT 6.1; Win64; x64) AppleWebKit/537.36 (KHTML, like Gecko) Chrome/52.0.2723.2 Safari/537.36',
  'accept' => 'text/html,application/xhtml+xml,application/xml;q=0.9,image/webp,*/*;q=0.8',
  'accept-encoding' => 'gzip, deflate, sdch',
  'accept-language' => 'zh-CN,zh;q=0.8',
)
[ info ] [ PARAM ] array (
  'telephone' => '13322221111',
  'password' => '87654321',
)
[ info ] [ RUN ] app\huanxin\controller\Login->verifyLogin[ D:\mysvn\webcall\trunk\app\huanxin\controller\Login.php ]
[ info ] [ DB ] INIT mysql
[ info ] [ DB ] INIT mysql
[ info ] [ LOG ] INIT File
[ sql ] [ DB ] CONNECT:[ UseTime:0.002000s ] mysql:dbname=guguocrm;host=localhost;charset=utf8
[ sql ] [ SQL ] SHOW COLUMNS FROM `guguo_user_corporation` [ RunTime:0.010000s ]
[ sql ] [ SQL ] SELECT * FROM `guguo_user_corporation` WHERE  `telephone` = '13322221111' LIMIT 1 [ RunTime:0.002001s ]
[ sql ] [ DB ] CONNECT:[ UseTime:0.001000s ] mysql:dbname=guguo_sdzhongxun;host=localhost;charset=utf8
[ sql ] [ SQL ] SHOW COLUMNS FROM `guguo_employer` [ RunTime:0.011001s ]
[ sql ] [ SQL ] SELECT `truename`,`password` FROM `guguo_employer` WHERE  `telephone` = '13322221111' [ RunTime:0.001000s ]
[ error ] [1]Call to a member function select() on array[D:\mysvn\webcall\trunk\app\huanxin\model\Employer.php:30]

---------------------------------------------------------------
[ 2017-02-09T11:17:13+08:00 ] 127.0.0.1 127.0.0.1 GET /index.php/huanxin/login/verifyLogin/telephone/13322221111/password/87654321
[ log ] webcall.app/index.php/huanxin/login/verifyLogin/telephone/13322221111/password/87654321 [运行时间：0.204611s][吞吐率：4.89req/s] [内存消耗：2,979.66kb] [文件加载：55]
[ info ] [ LANG ] D:\mysvn\webcall\trunk\thinkphp\lang\zh-cn.php
[ info ] [ ROUTE ] array (
  'type' => 'module',
  'module' => 
  array (
    0 => 'huanxin',
    1 => 'login',
    2 => 'verifyLogin',
  ),
)
[ info ] [ HEADER ] array (
  'host' => 'webcall.app',
  'connection' => 'keep-alive',
  'cache-control' => 'max-age=0',
  'upgrade-insecure-requests' => '1',
  'user-agent' => 'Mozilla/5.0 (Windows NT 6.1; Win64; x64) AppleWebKit/537.36 (KHTML, like Gecko) Chrome/52.0.2723.2 Safari/537.36',
  'accept' => 'text/html,application/xhtml+xml,application/xml;q=0.9,image/webp,*/*;q=0.8',
  'accept-encoding' => 'gzip, deflate, sdch',
  'accept-language' => 'zh-CN,zh;q=0.8',
)
[ info ] [ PARAM ] array (
  'telephone' => '13322221111',
  'password' => '87654321',
)
[ info ] [ RUN ] app\huanxin\controller\Login->verifyLogin[ D:\mysvn\webcall\trunk\app\huanxin\controller\Login.php ]
[ info ] [ DB ] INIT mysql
[ info ] [ DB ] INIT mysql
[ info ] [ LOG ] INIT File
[ sql ] [ DB ] CONNECT:[ UseTime:0.012000s ] mysql:dbname=guguocrm;host=localhost;charset=utf8
[ sql ] [ SQL ] SHOW COLUMNS FROM `guguo_user_corporation` [ RunTime:0.011001s ]
[ sql ] [ SQL ] SELECT * FROM `guguo_user_corporation` WHERE  `telephone` = '13322221111' LIMIT 1 [ RunTime:0.001000s ]
[ sql ] [ DB ] CONNECT:[ UseTime:0.002000s ] mysql:dbname=guguo_sdzhongxun;host=localhost;charset=utf8
[ sql ] [ SQL ] SHOW COLUMNS FROM `guguo_employer` [ RunTime:0.012001s ]
[ sql ] [ SQL ] SELECT * FROM `guguo_employer` WHERE  `telephone` = '13322221111' LIMIT 1 [ RunTime:0.001000s ]

---------------------------------------------------------------
[ 2017-02-09T11:17:36+08:00 ] 127.0.0.1 127.0.0.1 GET /index.php/huanxin/login/verifyLogin/telephone/13322221111/password/87654321
[ log ] webcall.app/index.php/huanxin/login/verifyLogin/telephone/13322221111/password/87654321 [运行时间：0.217611s][吞吐率：4.60req/s] [内存消耗：3,082.33kb] [文件加载：59]
[ info ] [ LANG ] D:\mysvn\webcall\trunk\thinkphp\lang\zh-cn.php
[ info ] [ ROUTE ] array (
  'type' => 'module',
  'module' => 
  array (
    0 => 'huanxin',
    1 => 'login',
    2 => 'verifyLogin',
  ),
)
[ info ] [ HEADER ] array (
  'host' => 'webcall.app',
  'connection' => 'keep-alive',
  'cache-control' => 'max-age=0',
  'upgrade-insecure-requests' => '1',
  'user-agent' => 'Mozilla/5.0 (Windows NT 6.1; Win64; x64) AppleWebKit/537.36 (KHTML, like Gecko) Chrome/52.0.2723.2 Safari/537.36',
  'accept' => 'text/html,application/xhtml+xml,application/xml;q=0.9,image/webp,*/*;q=0.8',
  'accept-encoding' => 'gzip, deflate, sdch',
  'accept-language' => 'zh-CN,zh;q=0.8',
)
[ info ] [ PARAM ] array (
  'telephone' => '13322221111',
  'password' => '87654321',
)
[ info ] [ RUN ] app\huanxin\controller\Login->verifyLogin[ D:\mysvn\webcall\trunk\app\huanxin\controller\Login.php ]
[ info ] [ DB ] INIT mysql
[ info ] [ DB ] INIT mysql
[ info ] [ LOG ] INIT File
[ sql ] [ DB ] CONNECT:[ UseTime:0.004000s ] mysql:dbname=guguocrm;host=localhost;charset=utf8
[ sql ] [ SQL ] SHOW COLUMNS FROM `guguo_user_corporation` [ RunTime:0.011001s ]
[ sql ] [ SQL ] SELECT * FROM `guguo_user_corporation` WHERE  `telephone` = '13322221111' LIMIT 1 [ RunTime:0.001000s ]
[ sql ] [ DB ] CONNECT:[ UseTime:0.003000s ] mysql:dbname=guguo_sdzhongxun;host=localhost;charset=utf8
[ error ] [42S02]SQLSTATE[42S02]: Base table or view not found: 1146 Table 'guguo_sdzhongxun.userpic' doesn't exist[D:\mysvn\webcall\trunk\thinkphp\library\think\db\connector\Mysql.php:63]

---------------------------------------------------------------
[ 2017-02-09T11:19:42+08:00 ] 127.0.0.1 127.0.0.1 GET /index.php/huanxin/login/verifyLogin/telephone/13322221111/password/87654321
[ log ] webcall.app/index.php/huanxin/login/verifyLogin/telephone/13322221111/password/87654321 [运行时间：0.216611s][吞吐率：4.62req/s] [内存消耗：3,076.44kb] [文件加载：61]
[ info ] [ LANG ] D:\mysvn\webcall\trunk\thinkphp\lang\zh-cn.php
[ info ] [ ROUTE ] array (
  'type' => 'module',
  'module' => 
  array (
    0 => 'huanxin',
    1 => 'login',
    2 => 'verifyLogin',
  ),
)
[ info ] [ HEADER ] array (
  'host' => 'webcall.app',
  'connection' => 'keep-alive',
  'cache-control' => 'max-age=0',
  'upgrade-insecure-requests' => '1',
  'user-agent' => 'Mozilla/5.0 (Windows NT 6.1; Win64; x64) AppleWebKit/537.36 (KHTML, like Gecko) Chrome/52.0.2723.2 Safari/537.36',
  'accept' => 'text/html,application/xhtml+xml,application/xml;q=0.9,image/webp,*/*;q=0.8',
  'accept-encoding' => 'gzip, deflate, sdch',
  'accept-language' => 'zh-CN,zh;q=0.8',
)
[ info ] [ PARAM ] array (
  'telephone' => '13322221111',
  'password' => '87654321',
)
[ info ] [ RUN ] app\huanxin\controller\Login->verifyLogin[ D:\mysvn\webcall\trunk\app\huanxin\controller\Login.php ]
[ info ] [ DB ] INIT mysql
[ info ] [ LOG ] INIT File
[ sql ] [ DB ] CONNECT:[ UseTime:0.012001s ] mysql:dbname=guguocrm;host=localhost;charset=utf8
[ sql ] [ SQL ] SHOW COLUMNS FROM `guguo_user_corporation` [ RunTime:0.013001s ]
[ sql ] [ SQL ] SELECT * FROM `guguo_user_corporation` WHERE  `telephone` = '13322221111' LIMIT 1 [ RunTime:0.001000s ]
[ error ] [2]Missing argument 1 for app\huanxin\model\Employer::__construct(), called in D:\mysvn\webcall\trunk\thinkphp\library\think\Model.php on line 1731 and defined[D:\mysvn\webcall\trunk\app\huanxin\model\Employer.php:13]

---------------------------------------------------------------
[ 2017-02-09T13:35:33+08:00 ] 127.0.0.1 127.0.0.1 GET /index.php/huanxin/login/verifyLogin/telephone/13322221111/password/87654321
[ log ] webcall.app/index.php/huanxin/login/verifyLogin/telephone/13322221111/password/87654321 [运行时间：0.221611s][吞吐率：4.51req/s] [内存消耗：3,076.44kb] [文件加载：61]
[ info ] [ LANG ] D:\mysvn\webcall\trunk\thinkphp\lang\zh-cn.php
[ info ] [ ROUTE ] array (
  'type' => 'module',
  'module' => 
  array (
    0 => 'huanxin',
    1 => 'login',
    2 => 'verifyLogin',
  ),
)
[ info ] [ HEADER ] array (
  'host' => 'webcall.app',
  'connection' => 'keep-alive',
  'cache-control' => 'max-age=0',
  'upgrade-insecure-requests' => '1',
  'user-agent' => 'Mozilla/5.0 (Windows NT 6.1; Win64; x64) AppleWebKit/537.36 (KHTML, like Gecko) Chrome/52.0.2723.2 Safari/537.36',
  'accept' => 'text/html,application/xhtml+xml,application/xml;q=0.9,image/webp,*/*;q=0.8',
  'accept-encoding' => 'gzip, deflate, sdch',
  'accept-language' => 'zh-CN,zh;q=0.8',
)
[ info ] [ PARAM ] array (
  'telephone' => '13322221111',
  'password' => '87654321',
)
[ info ] [ RUN ] app\huanxin\controller\Login->verifyLogin[ D:\mysvn\webcall\trunk\app\huanxin\controller\Login.php ]
[ info ] [ DB ] INIT mysql
[ info ] [ LOG ] INIT File
[ sql ] [ DB ] CONNECT:[ UseTime:0.002000s ] mysql:dbname=guguocrm;host=localhost;charset=utf8
[ sql ] [ SQL ] SHOW COLUMNS FROM `guguo_user_corporation` [ RunTime:0.012001s ]
[ sql ] [ SQL ] SELECT * FROM `guguo_user_corporation` WHERE  `telephone` = '13322221111' LIMIT 1 [ RunTime:0.001000s ]
[ error ] [2]Missing argument 1 for app\huanxin\model\Employer::__construct(), called in D:\mysvn\webcall\trunk\thinkphp\library\think\Model.php on line 1731 and defined[D:\mysvn\webcall\trunk\app\huanxin\model\Employer.php:13]

---------------------------------------------------------------
[ 2017-02-09T14:15:33+08:00 ] 127.0.0.1 127.0.0.1 GET /index.php/huanxin/login/verifyLogin/telephone/13322221111/password/87654321
[ log ] webcall.app/index.php/huanxin/login/verifyLogin/telephone/13322221111/password/87654321 [运行时间：0.248014s][吞吐率：4.03req/s] [内存消耗：3,079.90kb] [文件加载：61]
[ info ] [ LANG ] D:\mysvn\webcall\trunk\thinkphp\lang\zh-cn.php
[ info ] [ ROUTE ] array (
  'type' => 'module',
  'module' => 
  array (
    0 => 'huanxin',
    1 => 'login',
    2 => 'verifyLogin',
  ),
)
[ info ] [ HEADER ] array (
  'host' => 'webcall.app',
  'connection' => 'keep-alive',
  'cache-control' => 'max-age=0',
  'upgrade-insecure-requests' => '1',
  'user-agent' => 'Mozilla/5.0 (Windows NT 6.1; Win64; x64) AppleWebKit/537.36 (KHTML, like Gecko) Chrome/52.0.2723.2 Safari/537.36',
  'accept' => 'text/html,application/xhtml+xml,application/xml;q=0.9,image/webp,*/*;q=0.8',
  'accept-encoding' => 'gzip, deflate, sdch',
  'accept-language' => 'zh-CN,zh;q=0.8',
)
[ info ] [ PARAM ] array (
  'telephone' => '13322221111',
  'password' => '87654321',
)
[ info ] [ RUN ] app\huanxin\controller\Login->verifyLogin[ D:\mysvn\webcall\trunk\app\huanxin\controller\Login.php ]
[ info ] [ DB ] INIT mysql
[ info ] [ LOG ] INIT File
[ sql ] [ DB ] CONNECT:[ UseTime:0.002000s ] mysql:dbname=guguocrm;host=localhost;charset=utf8
[ sql ] [ SQL ] SHOW COLUMNS FROM `guguo_user_corporation` [ RunTime:0.012001s ]
[ sql ] [ SQL ] SELECT * FROM `guguo_user_corporation` WHERE  `telephone` = '13322221111' LIMIT 1 [ RunTime:0.001000s ]
[ error ] [2]Missing argument 1 for app\huanxin\model\Employer::__construct(), called in D:\mysvn\webcall\trunk\thinkphp\library\think\Model.php on line 1731 and defined[D:\mysvn\webcall\trunk\app\huanxin\model\Employer.php:13]

---------------------------------------------------------------
[ 2017-02-09T14:15:37+08:00 ] 127.0.0.1 127.0.0.1 GET /index.php/huanxin/login/verifyLogin/telephone/13322221111/password/87654321
[ log ] webcall.app/index.php/huanxin/login/verifyLogin/telephone/13322221111/password/87654321 [运行时间：0.198011s][吞吐率：5.05req/s] [内存消耗：3,079.90kb] [文件加载：61]
[ info ] [ LANG ] D:\mysvn\webcall\trunk\thinkphp\lang\zh-cn.php
[ info ] [ ROUTE ] array (
  'type' => 'module',
  'module' => 
  array (
    0 => 'huanxin',
    1 => 'login',
    2 => 'verifyLogin',
  ),
)
[ info ] [ HEADER ] array (
  'host' => 'webcall.app',
  'connection' => 'keep-alive',
  'cache-control' => 'max-age=0',
  'upgrade-insecure-requests' => '1',
  'user-agent' => 'Mozilla/5.0 (Windows NT 6.1; Win64; x64) AppleWebKit/537.36 (KHTML, like Gecko) Chrome/52.0.2723.2 Safari/537.36',
  'accept' => 'text/html,application/xhtml+xml,application/xml;q=0.9,image/webp,*/*;q=0.8',
  'accept-encoding' => 'gzip, deflate, sdch',
  'accept-language' => 'zh-CN,zh;q=0.8',
)
[ info ] [ PARAM ] array (
  'telephone' => '13322221111',
  'password' => '87654321',
)
[ info ] [ RUN ] app\huanxin\controller\Login->verifyLogin[ D:\mysvn\webcall\trunk\app\huanxin\controller\Login.php ]
[ info ] [ DB ] INIT mysql
[ info ] [ LOG ] INIT File
[ sql ] [ DB ] CONNECT:[ UseTime:0.002000s ] mysql:dbname=guguocrm;host=localhost;charset=utf8
[ sql ] [ SQL ] SHOW COLUMNS FROM `guguo_user_corporation` [ RunTime:0.011001s ]
[ sql ] [ SQL ] SELECT * FROM `guguo_user_corporation` WHERE  `telephone` = '13322221111' LIMIT 1 [ RunTime:0.001000s ]
[ error ] [2]Missing argument 1 for app\huanxin\model\Employer::__construct(), called in D:\mysvn\webcall\trunk\thinkphp\library\think\Model.php on line 1731 and defined[D:\mysvn\webcall\trunk\app\huanxin\model\Employer.php:13]

---------------------------------------------------------------
