[ 2017-01-14T09:27:03+08:00 ] 127.0.0.1 /index.php/Home/index/article
INFO: [ app_init ] --START--
INFO: Run Behavior\BuildLiteBehavior [ RunTime:0.000000s ]
INFO: [ app_init ] --END-- [ RunTime:0.003000s ]
INFO: [ app_begin ] --START--
INFO: Run Behavior\ReadHtmlCacheBehavior [ RunTime:0.002000s ]
INFO: [ app_begin ] --END-- [ RunTime:0.004000s ]
ERR: 1146:Table 'test.article' doesn't exist
 [ SQL语句 ] : SHOW COLUMNS FROM `article`
ERR: 1146:Table 'test.article' doesn't exist
 [ SQL语句 ] : SHOW COLUMNS FROM `article`

[ 2017-01-14T09:27:21+08:00 ] 127.0.0.1 /index.php/Home/index/article
INFO: [ app_init ] --START--
INFO: Run Behavior\BuildLiteBehavior [ RunTime:0.000000s ]
INFO: [ app_init ] --END-- [ RunTime:0.003000s ]
INFO: [ app_begin ] --START--
INFO: Run Behavior\ReadHtmlCacheBehavior [ RunTime:0.002000s ]
INFO: [ app_begin ] --END-- [ RunTime:0.003000s ]
SQL: SHOW COLUMNS FROM `test_article` [ RunTime:0.0060s ]
SQL: SHOW COLUMNS FROM `test_user` [ RunTime:0.0040s ]
SQL: SELECT article.aid AS aid,article.title AS title,article.content AS content,article.uid AS uid,user.username AS username FROM test_article article  JOIN test_user user ON article.uid=user.uid  [ RunTime:0.0560s ]
INFO: [ app_end ] --START--
INFO: Run Behavior\ShowPageTraceBehavior [ RunTime:0.002000s ]
INFO: [ app_end ] --END-- [ RunTime:0.003000s ]

[ 2017-01-14T09:27:39+08:00 ] 127.0.0.1 /index.php/Home/index/article
INFO: [ app_init ] --START--
INFO: Run Behavior\BuildLiteBehavior [ RunTime:0.000000s ]
INFO: [ app_init ] --END-- [ RunTime:0.003000s ]
INFO: [ app_begin ] --START--
INFO: Run Behavior\ReadHtmlCacheBehavior [ RunTime:0.001001s ]
INFO: [ app_begin ] --END-- [ RunTime:0.004001s ]
SQL: SHOW COLUMNS FROM `test_article` [ RunTime:0.0040s ]
SQL: SHOW COLUMNS FROM `test_user` [ RunTime:0.0050s ]
SQL: SELECT article.aid AS aid,article.title AS title,article.content AS content,article.uid AS uid,user.username AS username FROM test_article article  JOIN test_user user ON article.uid=user.uid  [ RunTime:0.0010s ]
INFO: [ app_end ] --START--
INFO: Run Behavior\ShowPageTraceBehavior [ RunTime:0.002000s ]
INFO: [ app_end ] --END-- [ RunTime:0.003000s ]

[ 2017-01-14T09:27:51+08:00 ] 127.0.0.1 /index.php/Home/index/article
INFO: [ app_init ] --START--
INFO: Run Behavior\BuildLiteBehavior [ RunTime:0.000000s ]
INFO: [ app_init ] --END-- [ RunTime:0.002000s ]
INFO: [ app_begin ] --START--
INFO: Run Behavior\ReadHtmlCacheBehavior [ RunTime:0.002000s ]
INFO: [ app_begin ] --END-- [ RunTime:0.004000s ]
SQL: SHOW COLUMNS FROM `test_article` [ RunTime:0.0040s ]
SQL: SHOW COLUMNS FROM `test_user` [ RunTime:0.0050s ]
SQL: SELECT article.aid AS aid,article.title AS title,article.content AS content,article.uid AS uid,user.username AS username FROM test_article article  JOIN test_user user ON article.uid=user.uid  [ RunTime:0.0000s ]
INFO: [ app_end ] --START--
INFO: Run Behavior\ShowPageTraceBehavior [ RunTime:0.002000s ]
INFO: [ app_end ] --END-- [ RunTime:0.005000s ]

[ 2017-01-14T09:28:04+08:00 ] 127.0.0.1 /index.php/Home/index/article
INFO: [ app_init ] --START--
INFO: Run Behavior\BuildLiteBehavior [ RunTime:0.000000s ]
INFO: [ app_init ] --END-- [ RunTime:0.003000s ]
INFO: [ app_begin ] --START--
INFO: Run Behavior\ReadHtmlCacheBehavior [ RunTime:0.002000s ]
INFO: [ app_begin ] --END-- [ RunTime:0.004000s ]
SQL: SHOW COLUMNS FROM `test_article` [ RunTime:0.0040s ]
SQL: SHOW COLUMNS FROM `test_user` [ RunTime:0.0040s ]
SQL: SELECT article.aid AS aid,article.title AS title,article.content AS content,article.uid AS uid,user.username AS username FROM test_article article  JOIN test_user user ON article.uid=user.uid  [ RunTime:0.0000s ]
INFO: [ app_end ] --START--
INFO: Run Behavior\ShowPageTraceBehavior [ RunTime:0.002000s ]
INFO: [ app_end ] --END-- [ RunTime:0.004000s ]

