[ 2017-02-11T15:06:36+08:00 ] 127.0.0.1 127.0.0.1 GET /index.php/huanxin/login/verifyLogin/telephone/13322221111/password/87654321
[ log ] webcall.app/index.php/huanxin/login/verifyLogin/telephone/13322221111/password/87654321 [运行时间：0.416024s][吞吐率：2.40req/s] [内存消耗：1,941.05kb] [文件加载：52]
[ info ] [ LANG ] D:\mysvn\webcall\trunk\thinkphp\lang\zh-cn.php
[ info ] [ ROUTE ] array (
  'type' => 'module',
  'module' => 
  array (
    0 => 'huanxin',
    1 => 'login',
    2 => 'verifyLogin',
  ),
)
[ info ] [ HEADER ] array (
  'host' => 'webcall.app',
  'connection' => 'keep-alive',
  'upgrade-insecure-requests' => '1',
  'user-agent' => 'Mozilla/5.0 (Windows NT 6.1; Win64; x64) AppleWebKit/537.36 (KHTML, like Gecko) Chrome/52.0.2723.2 Safari/537.36',
  'accept' => 'text/html,application/xhtml+xml,application/xml;q=0.9,image/webp,*/*;q=0.8',
  'accept-encoding' => 'gzip, deflate, sdch',
  'accept-language' => 'zh-CN,zh;q=0.8',
)
[ info ] [ PARAM ] array (
  'telephone' => '13322221111',
  'password' => '87654321',
)
[ info ] [ RUN ] app\huanxin\controller\Login->verifyLogin[ D:\mysvn\webcall\trunk\app\huanxin\controller\Login.php ]
[ info ] [ LOG ] INIT File
[ error ] [1]Class 'app\huanxin\model\Model' not found[D:\mysvn\webcall\trunk\app\huanxin\model\UserCorporation.php:11]

---------------------------------------------------------------
[ 2017-02-11T15:07:02+08:00 ] 127.0.0.1 127.0.0.1 GET /index.php/huanxin/login/verifyLogin/telephone/13322221111/password/87654321
[ log ] webcall.app/index.php/huanxin/login/verifyLogin/telephone/13322221111/password/87654321 [运行时间：0.211210s][吞吐率：4.73req/s] [内存消耗：2,596.69kb] [文件加载：53]
[ info ] [ LANG ] D:\mysvn\webcall\trunk\thinkphp\lang\zh-cn.php
[ info ] [ ROUTE ] array (
  'type' => 'module',
  'module' => 
  array (
    0 => 'huanxin',
    1 => 'login',
    2 => 'verifyLogin',
  ),
)
[ info ] [ HEADER ] array (
  'host' => 'webcall.app',
  'connection' => 'keep-alive',
  'cache-control' => 'max-age=0',
  'upgrade-insecure-requests' => '1',
  'user-agent' => 'Mozilla/5.0 (Windows NT 6.1; Win64; x64) AppleWebKit/537.36 (KHTML, like Gecko) Chrome/52.0.2723.2 Safari/537.36',
  'accept' => 'text/html,application/xhtml+xml,application/xml;q=0.9,image/webp,*/*;q=0.8',
  'accept-encoding' => 'gzip, deflate, sdch',
  'accept-language' => 'zh-CN,zh;q=0.8',
)
[ info ] [ PARAM ] array (
  'telephone' => '13322221111',
  'password' => '87654321',
)
[ info ] [ RUN ] app\huanxin\controller\Login->verifyLogin[ D:\mysvn\webcall\trunk\app\huanxin\controller\Login.php ]
[ info ] [ DB ] INIT mysql
[ info ] [ LOG ] INIT File
[ sql ] [ DB ] CONNECT:[ UseTime:0.002000s ] mysql:dbname=guguocrm;host=localhost;charset=utf8
[ sql ] [ SQL ] SHOW COLUMNS FROM `guguo_user_corporation` [ RunTime:0.023001s ]
[ sql ] [ SQL ] SELECT `corp_name` FROM `guguo_user_corporation` WHERE  `telephone` = '13322221111' LIMIT 1 [ RunTime:0.001000s ]

---------------------------------------------------------------
[ 2017-02-11T15:17:41+08:00 ] 127.0.0.1 127.0.0.1 GET /index.php/huanxin/login/verifyLogin/telephone/13322221111/password/87654321
[ log ] webcall.app/index.php/huanxin/login/verifyLogin/telephone/13322221111/password/87654321 [运行时间：0.257614s][吞吐率：3.88req/s] [内存消耗：3,052.69kb] [文件加载：61]
[ info ] [ LANG ] D:\mysvn\webcall\trunk\thinkphp\lang\zh-cn.php
[ info ] [ ROUTE ] array (
  'type' => 'module',
  'module' => 
  array (
    0 => 'huanxin',
    1 => 'login',
    2 => 'verifyLogin',
  ),
)
[ info ] [ HEADER ] array (
  'host' => 'webcall.app',
  'connection' => 'keep-alive',
  'cache-control' => 'max-age=0',
  'upgrade-insecure-requests' => '1',
  'user-agent' => 'Mozilla/5.0 (Windows NT 6.1; Win64; x64) AppleWebKit/537.36 (KHTML, like Gecko) Chrome/52.0.2723.2 Safari/537.36',
  'accept' => 'text/html,application/xhtml+xml,application/xml;q=0.9,image/webp,*/*;q=0.8',
  'accept-encoding' => 'gzip, deflate, sdch',
  'accept-language' => 'zh-CN,zh;q=0.8',
)
[ info ] [ PARAM ] array (
  'telephone' => '13322221111',
  'password' => '87654321',
)
[ info ] [ RUN ] app\huanxin\controller\Login->verifyLogin[ D:\mysvn\webcall\trunk\app\huanxin\controller\Login.php ]
[ info ] [ DB ] INIT mysql
[ info ] [ LOG ] INIT File
[ sql ] [ DB ] CONNECT:[ UseTime:0.012001s ] mysql:dbname=guguocrm;host=localhost;charset=utf8
[ sql ] [ SQL ] SHOW COLUMNS FROM `guguo_user_corporation` [ RunTime:0.011001s ]
[ sql ] [ SQL ] SELECT `corp_name` FROM `guguo_user_corporation` WHERE  `telephone` = '13322221111' LIMIT 1 [ RunTime:0.001000s ]
[ error ] [2]Missing argument 1 for app\huanxin\model\Employer::__construct(), called in D:\mysvn\webcall\trunk\thinkphp\library\think\Model.php on line 1731 and defined[D:\mysvn\webcall\trunk\app\huanxin\model\Employer.php:16]

---------------------------------------------------------------
[ 2017-02-11T15:18:18+08:00 ] 127.0.0.1 127.0.0.1 GET /index.php/huanxin/login/verifyLogin/telephone/13322221111/password/87654321
[ log ] webcall.app/index.php/huanxin/login/verifyLogin/telephone/13322221111/password/87654321 [运行时间：0.239014s][吞吐率：4.18req/s] [内存消耗：2,733.26kb] [文件加载：58]
[ info ] [ LANG ] D:\mysvn\webcall\trunk\thinkphp\lang\zh-cn.php
[ info ] [ ROUTE ] array (
  'type' => 'module',
  'module' => 
  array (
    0 => 'huanxin',
    1 => 'login',
    2 => 'verifyLogin',
  ),
)
[ info ] [ HEADER ] array (
  'host' => 'webcall.app',
  'connection' => 'keep-alive',
  'cache-control' => 'max-age=0',
  'upgrade-insecure-requests' => '1',
  'user-agent' => 'Mozilla/5.0 (Windows NT 6.1; Win64; x64) AppleWebKit/537.36 (KHTML, like Gecko) Chrome/52.0.2723.2 Safari/537.36',
  'accept' => 'text/html,application/xhtml+xml,application/xml;q=0.9,image/webp,*/*;q=0.8',
  'accept-encoding' => 'gzip, deflate, sdch',
  'accept-language' => 'zh-CN,zh;q=0.8',
)
[ info ] [ PARAM ] array (
  'telephone' => '13322221111',
  'password' => '87654321',
)
[ info ] [ RUN ] app\huanxin\controller\Login->verifyLogin[ D:\mysvn\webcall\trunk\app\huanxin\controller\Login.php ]
[ info ] [ DB ] INIT mysql
[ info ] [ LOG ] INIT File
[ sql ] [ DB ] CONNECT:[ UseTime:0.011000s ] mysql:dbname=guguocrm;host=localhost;charset=utf8
[ sql ] [ SQL ] SHOW COLUMNS FROM `guguo_user_corporation` [ RunTime:0.011000s ]
[ sql ] [ SQL ] SELECT `corp_name` FROM `guguo_user_corporation` WHERE  `telephone` = '13322221111' LIMIT 1 [ RunTime:0.002000s ]
[ error ] [0]未定义数据库类型[D:\mysvn\webcall\trunk\thinkphp\library\think\Db.php:75]

---------------------------------------------------------------
[ 2017-02-11T15:18:53+08:00 ] 127.0.0.1 127.0.0.1 GET /index.php/huanxin/login/verifyLogin/telephone/13322221111/password/87654321
[ log ] webcall.app/index.php/huanxin/login/verifyLogin/telephone/13322221111/password/87654321 [运行时间：0.206611s][吞吐率：4.84req/s] [内存消耗：2,733.69kb] [文件加载：58]
[ info ] [ LANG ] D:\mysvn\webcall\trunk\thinkphp\lang\zh-cn.php
[ info ] [ ROUTE ] array (
  'type' => 'module',
  'module' => 
  array (
    0 => 'huanxin',
    1 => 'login',
    2 => 'verifyLogin',
  ),
)
[ info ] [ HEADER ] array (
  'host' => 'webcall.app',
  'connection' => 'keep-alive',
  'cache-control' => 'max-age=0',
  'upgrade-insecure-requests' => '1',
  'user-agent' => 'Mozilla/5.0 (Windows NT 6.1; Win64; x64) AppleWebKit/537.36 (KHTML, like Gecko) Chrome/52.0.2723.2 Safari/537.36',
  'accept' => 'text/html,application/xhtml+xml,application/xml;q=0.9,image/webp,*/*;q=0.8',
  'accept-encoding' => 'gzip, deflate, sdch',
  'accept-language' => 'zh-CN,zh;q=0.8',
)
[ info ] [ PARAM ] array (
  'telephone' => '13322221111',
  'password' => '87654321',
)
[ info ] [ RUN ] app\huanxin\controller\Login->verifyLogin[ D:\mysvn\webcall\trunk\app\huanxin\controller\Login.php ]
[ info ] [ DB ] INIT mysql
[ info ] [ LOG ] INIT File
[ sql ] [ DB ] CONNECT:[ UseTime:0.011000s ] mysql:dbname=guguocrm;host=localhost;charset=utf8
[ sql ] [ SQL ] SHOW COLUMNS FROM `guguo_user_corporation` [ RunTime:0.012000s ]
[ sql ] [ SQL ] SELECT `corp_name` FROM `guguo_user_corporation` WHERE  `telephone` = '13322221111' LIMIT 1 [ RunTime:0.002000s ]
[ error ] [0]未定义数据库类型[D:\mysvn\webcall\trunk\thinkphp\library\think\Db.php:75]

---------------------------------------------------------------
[ 2017-02-11T15:19:48+08:00 ] 127.0.0.1 127.0.0.1 GET /index.php/huanxin/login/verifyLogin/telephone/13322221111/password/87654321
[ log ] webcall.app/index.php/huanxin/login/verifyLogin/telephone/13322221111/password/87654321 [运行时间：0.268015s][吞吐率：3.73req/s] [内存消耗：2,741.20kb] [文件加载：58]
[ info ] [ LANG ] D:\mysvn\webcall\trunk\thinkphp\lang\zh-cn.php
[ info ] [ ROUTE ] array (
  'type' => 'module',
  'module' => 
  array (
    0 => 'huanxin',
    1 => 'login',
    2 => 'verifyLogin',
  ),
)
[ info ] [ HEADER ] array (
  'host' => 'webcall.app',
  'connection' => 'keep-alive',
  'cache-control' => 'max-age=0',
  'upgrade-insecure-requests' => '1',
  'user-agent' => 'Mozilla/5.0 (Windows NT 6.1; Win64; x64) AppleWebKit/537.36 (KHTML, like Gecko) Chrome/52.0.2723.2 Safari/537.36',
  'accept' => 'text/html,application/xhtml+xml,application/xml;q=0.9,image/webp,*/*;q=0.8',
  'accept-encoding' => 'gzip, deflate, sdch',
  'accept-language' => 'zh-CN,zh;q=0.8',
)
[ info ] [ PARAM ] array (
  'telephone' => '13322221111',
  'password' => '87654321',
)
[ info ] [ RUN ] app\huanxin\controller\Login->verifyLogin[ D:\mysvn\webcall\trunk\app\huanxin\controller\Login.php ]
[ info ] [ DB ] INIT mysql
[ info ] [ LOG ] INIT File
[ sql ] [ DB ] CONNECT:[ UseTime:0.011000s ] mysql:dbname=guguocrm;host=localhost;charset=utf8
[ sql ] [ SQL ] SHOW COLUMNS FROM `guguo_user_corporation` [ RunTime:0.012000s ]
[ sql ] [ SQL ] SELECT `corp_name` FROM `guguo_user_corporation` WHERE  `telephone` = '13322221111' LIMIT 1 [ RunTime:0.001000s ]
[ error ] [42S02]SQLSTATE[42S02]: Base table or view not found: 1146 Table 'guguocrm.guguo_employer' doesn't exist[D:\mysvn\webcall\trunk\thinkphp\library\think\db\connector\Mysql.php:63]

---------------------------------------------------------------
[ 2017-02-11T15:26:22+08:00 ] 127.0.0.1 127.0.0.1 GET /index.php/huanxin/login/verifyLogin/telephone/13322221111/password/87654321
[ log ] webcall.app/index.php/huanxin/login/verifyLogin/telephone/13322221111/password/87654321 [运行时间：0.177010s][吞吐率：5.65req/s] [内存消耗：2,710.15kb] [文件加载：57]
[ info ] [ LANG ] D:\mysvn\webcall\trunk\thinkphp\lang\zh-cn.php
[ info ] [ ROUTE ] array (
  'type' => 'module',
  'module' => 
  array (
    0 => 'huanxin',
    1 => 'login',
    2 => 'verifyLogin',
  ),
)
[ info ] [ HEADER ] array (
  'host' => 'webcall.app',
  'connection' => 'keep-alive',
  'cache-control' => 'max-age=0',
  'upgrade-insecure-requests' => '1',
  'user-agent' => 'Mozilla/5.0 (Windows NT 6.1; Win64; x64) AppleWebKit/537.36 (KHTML, like Gecko) Chrome/52.0.2723.2 Safari/537.36',
  'accept' => 'text/html,application/xhtml+xml,application/xml;q=0.9,image/webp,*/*;q=0.8',
  'accept-encoding' => 'gzip, deflate, sdch',
  'accept-language' => 'zh-CN,zh;q=0.8',
)
[ info ] [ PARAM ] array (
  'telephone' => '13322221111',
  'password' => '87654321',
)
[ info ] [ RUN ] app\huanxin\controller\Login->verifyLogin[ D:\mysvn\webcall\trunk\app\huanxin\controller\Login.php ]
[ info ] [ DB ] INIT mysql
[ info ] [ LOG ] INIT File
[ sql ] [ DB ] CONNECT:[ UseTime:0.002000s ] mysql://root:root@localhost:3306/
[ error ] [3D000]SQLSTATE[3D000]: Invalid catalog name: 1046 No database selected[D:\mysvn\webcall\trunk\thinkphp\library\think\db\connector\Mysql.php:63]

---------------------------------------------------------------
[ 2017-02-11T15:28:51+08:00 ] 127.0.0.1 127.0.0.1 GET /index.php/huanxin/login/verifyLogin/telephone/13322221111/password/87654321
[ log ] webcall.app/index.php/huanxin/login/verifyLogin/telephone/13322221111/password/87654321 [运行时间：0.219612s][吞吐率：4.55req/s] [内存消耗：2,711.09kb] [文件加载：57]
[ info ] [ LANG ] D:\mysvn\webcall\trunk\thinkphp\lang\zh-cn.php
[ info ] [ ROUTE ] array (
  'type' => 'module',
  'module' => 
  array (
    0 => 'huanxin',
    1 => 'login',
    2 => 'verifyLogin',
  ),
)
[ info ] [ HEADER ] array (
  'host' => 'webcall.app',
  'connection' => 'keep-alive',
  'cache-control' => 'max-age=0',
  'upgrade-insecure-requests' => '1',
  'user-agent' => 'Mozilla/5.0 (Windows NT 6.1; Win64; x64) AppleWebKit/537.36 (KHTML, like Gecko) Chrome/52.0.2723.2 Safari/537.36',
  'accept' => 'text/html,application/xhtml+xml,application/xml;q=0.9,image/webp,*/*;q=0.8',
  'accept-encoding' => 'gzip, deflate, sdch',
  'accept-language' => 'zh-CN,zh;q=0.8',
)
[ info ] [ PARAM ] array (
  'telephone' => '13322221111',
  'password' => '87654321',
)
[ info ] [ RUN ] app\huanxin\controller\Login->verifyLogin[ D:\mysvn\webcall\trunk\app\huanxin\controller\Login.php ]
[ info ] [ DB ] INIT mysql
[ info ] [ LOG ] INIT File
[ sql ] [ DB ] CONNECT:[ UseTime:0.012001s ] mysql://root:root@localhost:3306/
[ error ] [3D000]SQLSTATE[3D000]: Invalid catalog name: 1046 No database selected[D:\mysvn\webcall\trunk\thinkphp\library\think\db\connector\Mysql.php:63]

---------------------------------------------------------------
[ 2017-02-11T15:29:22+08:00 ] 127.0.0.1 127.0.0.1 GET /index.php/huanxin/login/verifyLogin/telephone/13322221111/password/87654321
[ log ] webcall.app/index.php/huanxin/login/verifyLogin/telephone/13322221111/password/87654321 [运行时间：0.182610s][吞吐率：5.48req/s] [内存消耗：2,711.09kb] [文件加载：57]
[ info ] [ LANG ] D:\mysvn\webcall\trunk\thinkphp\lang\zh-cn.php
[ info ] [ ROUTE ] array (
  'type' => 'module',
  'module' => 
  array (
    0 => 'huanxin',
    1 => 'login',
    2 => 'verifyLogin',
  ),
)
[ info ] [ HEADER ] array (
  'host' => 'webcall.app',
  'connection' => 'keep-alive',
  'cache-control' => 'max-age=0',
  'upgrade-insecure-requests' => '1',
  'user-agent' => 'Mozilla/5.0 (Windows NT 6.1; Win64; x64) AppleWebKit/537.36 (KHTML, like Gecko) Chrome/52.0.2723.2 Safari/537.36',
  'accept' => 'text/html,application/xhtml+xml,application/xml;q=0.9,image/webp,*/*;q=0.8',
  'accept-encoding' => 'gzip, deflate, sdch',
  'accept-language' => 'zh-CN,zh;q=0.8',
)
[ info ] [ PARAM ] array (
  'telephone' => '13322221111',
  'password' => '87654321',
)
[ info ] [ RUN ] app\huanxin\controller\Login->verifyLogin[ D:\mysvn\webcall\trunk\app\huanxin\controller\Login.php ]
[ info ] [ DB ] INIT mysql
[ info ] [ LOG ] INIT File
[ sql ] [ DB ] CONNECT:[ UseTime:0.002000s ] mysql://root:root@localhost:3306/
[ error ] [3D000]SQLSTATE[3D000]: Invalid catalog name: 1046 No database selected[D:\mysvn\webcall\trunk\thinkphp\library\think\db\connector\Mysql.php:63]

---------------------------------------------------------------
[ 2017-02-11T15:32:48+08:00 ] 127.0.0.1 127.0.0.1 GET /index.php/huanxin/login/verifyLogin/telephone/13322221111/password/87654321
[ log ] webcall.app/index.php/huanxin/login/verifyLogin/telephone/13322221111/password/87654321 [运行时间：0.199611s][吞吐率：5.01req/s] [内存消耗：2,711.09kb] [文件加载：57]
[ info ] [ LANG ] D:\mysvn\webcall\trunk\thinkphp\lang\zh-cn.php
[ info ] [ ROUTE ] array (
  'type' => 'module',
  'module' => 
  array (
    0 => 'huanxin',
    1 => 'login',
    2 => 'verifyLogin',
  ),
)
[ info ] [ HEADER ] array (
  'host' => 'webcall.app',
  'connection' => 'keep-alive',
  'cache-control' => 'max-age=0',
  'upgrade-insecure-requests' => '1',
  'user-agent' => 'Mozilla/5.0 (Windows NT 6.1; Win64; x64) AppleWebKit/537.36 (KHTML, like Gecko) Chrome/52.0.2723.2 Safari/537.36',
  'accept' => 'text/html,application/xhtml+xml,application/xml;q=0.9,image/webp,*/*;q=0.8',
  'accept-encoding' => 'gzip, deflate, sdch',
  'accept-language' => 'zh-CN,zh;q=0.8',
)
[ info ] [ PARAM ] array (
  'telephone' => '13322221111',
  'password' => '87654321',
)
[ info ] [ RUN ] app\huanxin\controller\Login->verifyLogin[ D:\mysvn\webcall\trunk\app\huanxin\controller\Login.php ]
[ info ] [ DB ] INIT mysql
[ info ] [ LOG ] INIT File
[ sql ] [ DB ] CONNECT:[ UseTime:0.012001s ] mysql://root:root@localhost:3306/
[ error ] [3D000]SQLSTATE[3D000]: Invalid catalog name: 1046 No database selected[D:\mysvn\webcall\trunk\thinkphp\library\think\db\connector\Mysql.php:63]

---------------------------------------------------------------
[ 2017-02-11T15:33:00+08:00 ] 127.0.0.1 127.0.0.1 GET /index.php/huanxin/login/verifyLogin/telephone/13322221111/password/87654321
[ log ] webcall.app/index.php/huanxin/login/verifyLogin/telephone/13322221111/password/87654321 [运行时间：0.201011s][吞吐率：4.97req/s] [内存消耗：2,654.26kb] [文件加载：54]
[ info ] [ LANG ] D:\mysvn\webcall\trunk\thinkphp\lang\zh-cn.php
[ info ] [ ROUTE ] array (
  'type' => 'module',
  'module' => 
  array (
    0 => 'huanxin',
    1 => 'login',
    2 => 'verifyLogin',
  ),
)
[ info ] [ HEADER ] array (
  'host' => 'webcall.app',
  'connection' => 'keep-alive',
  'cache-control' => 'max-age=0',
  'upgrade-insecure-requests' => '1',
  'user-agent' => 'Mozilla/5.0 (Windows NT 6.1; Win64; x64) AppleWebKit/537.36 (KHTML, like Gecko) Chrome/52.0.2723.2 Safari/537.36',
  'accept' => 'text/html,application/xhtml+xml,application/xml;q=0.9,image/webp,*/*;q=0.8',
  'accept-encoding' => 'gzip, deflate, sdch',
  'accept-language' => 'zh-CN,zh;q=0.8',
)
[ info ] [ PARAM ] array (
  'telephone' => '13322221111',
  'password' => '87654321',
)
[ info ] [ RUN ] app\huanxin\controller\Login->verifyLogin[ D:\mysvn\webcall\trunk\app\huanxin\controller\Login.php ]
[ info ] [ DB ] INIT mysql
[ info ] [ DB ] INIT mysql
[ info ] [ LOG ] INIT File
[ sql ] [ DB ] CONNECT:[ UseTime:0.011001s ] mysql:dbname=guguocrm;host=localhost;charset=utf8
[ sql ] [ SQL ] SHOW COLUMNS FROM `guguo_user_corporation` [ RunTime:0.011000s ]
[ sql ] [ SQL ] SELECT `corp_name` FROM `guguo_user_corporation` WHERE  `telephone` = '13322221111' LIMIT 1 [ RunTime:0.001000s ]

---------------------------------------------------------------
[ 2017-02-11T15:33:24+08:00 ] 127.0.0.1 127.0.0.1 GET /index.php/huanxin/login/verifyLogin/telephone/13322221111/password/87654321
[ log ] webcall.app/index.php/huanxin/login/verifyLogin/telephone/13322221111/password/87654321 [运行时间：0.215012s][吞吐率：4.65req/s] [内存消耗：2,653.60kb] [文件加载：54]
[ info ] [ LANG ] D:\mysvn\webcall\trunk\thinkphp\lang\zh-cn.php
[ info ] [ ROUTE ] array (
  'type' => 'module',
  'module' => 
  array (
    0 => 'huanxin',
    1 => 'login',
    2 => 'verifyLogin',
  ),
)
[ info ] [ HEADER ] array (
  'host' => 'webcall.app',
  'connection' => 'keep-alive',
  'cache-control' => 'max-age=0',
  'upgrade-insecure-requests' => '1',
  'user-agent' => 'Mozilla/5.0 (Windows NT 6.1; Win64; x64) AppleWebKit/537.36 (KHTML, like Gecko) Chrome/52.0.2723.2 Safari/537.36',
  'accept' => 'text/html,application/xhtml+xml,application/xml;q=0.9,image/webp,*/*;q=0.8',
  'accept-encoding' => 'gzip, deflate, sdch',
  'accept-language' => 'zh-CN,zh;q=0.8',
)
[ info ] [ PARAM ] array (
  'telephone' => '13322221111',
  'password' => '87654321',
)
[ info ] [ RUN ] app\huanxin\controller\Login->verifyLogin[ D:\mysvn\webcall\trunk\app\huanxin\controller\Login.php ]
[ info ] [ DB ] INIT mysql
[ info ] [ DB ] INIT mysql
[ info ] [ LOG ] INIT File
[ sql ] [ DB ] CONNECT:[ UseTime:0.002000s ] mysql:dbname=guguocrm;host=localhost;charset=utf8
[ sql ] [ SQL ] SHOW COLUMNS FROM `guguo_user_corporation` [ RunTime:0.011000s ]
[ sql ] [ SQL ] SELECT `corp_name` FROM `guguo_user_corporation` WHERE  `telephone` = '13322221111' LIMIT 1 [ RunTime:0.001000s ]

---------------------------------------------------------------
[ 2017-02-11T15:34:24+08:00 ] 127.0.0.1 127.0.0.1 GET /index.php/huanxin/login/verifyLogin/telephone/13322221111/password/87654321
[ log ] webcall.app/index.php/huanxin/login/verifyLogin/telephone/13322221111/password/87654321 [运行时间：0.188011s][吞吐率：5.32req/s] [内存消耗：2,731.70kb] [文件加载：56]
[ info ] [ LANG ] D:\mysvn\webcall\trunk\thinkphp\lang\zh-cn.php
[ info ] [ ROUTE ] array (
  'type' => 'module',
  'module' => 
  array (
    0 => 'huanxin',
    1 => 'login',
    2 => 'verifyLogin',
  ),
)
[ info ] [ HEADER ] array (
  'host' => 'webcall.app',
  'connection' => 'keep-alive',
  'cache-control' => 'max-age=0',
  'upgrade-insecure-requests' => '1',
  'user-agent' => 'Mozilla/5.0 (Windows NT 6.1; Win64; x64) AppleWebKit/537.36 (KHTML, like Gecko) Chrome/52.0.2723.2 Safari/537.36',
  'accept' => 'text/html,application/xhtml+xml,application/xml;q=0.9,image/webp,*/*;q=0.8',
  'accept-encoding' => 'gzip, deflate, sdch',
  'accept-language' => 'zh-CN,zh;q=0.8',
)
[ info ] [ PARAM ] array (
  'telephone' => '13322221111',
  'password' => '87654321',
)
[ info ] [ RUN ] app\huanxin\controller\Login->verifyLogin[ D:\mysvn\webcall\trunk\app\huanxin\controller\Login.php ]
[ info ] [ DB ] INIT mysql
[ info ] [ DB ] INIT mysql
[ info ] [ LOG ] INIT File
[ sql ] [ DB ] CONNECT:[ UseTime:0.012000s ] mysql:dbname=guguocrm;host=localhost;charset=utf8
[ sql ] [ SQL ] SHOW COLUMNS FROM `guguo_user_corporation` [ RunTime:0.010001s ]
[ sql ] [ SQL ] SELECT `corp_name` FROM `guguo_user_corporation` WHERE  `telephone` = '13322221111' LIMIT 1 [ RunTime:0.001000s ]

---------------------------------------------------------------
[ 2017-02-11T15:35:19+08:00 ] 127.0.0.1 127.0.0.1 GET /index.php/huanxin/login/verifyLogin/telephone/13322221111/password/87654321
[ log ] webcall.app/index.php/huanxin/login/verifyLogin/telephone/13322221111/password/87654321 [运行时间：0.286017s][吞吐率：3.50req/s] [内存消耗：2,731.70kb] [文件加载：56]
[ info ] [ LANG ] D:\mysvn\webcall\trunk\thinkphp\lang\zh-cn.php
[ info ] [ ROUTE ] array (
  'type' => 'module',
  'module' => 
  array (
    0 => 'huanxin',
    1 => 'login',
    2 => 'verifyLogin',
  ),
)
[ info ] [ HEADER ] array (
  'host' => 'webcall.app',
  'connection' => 'keep-alive',
  'cache-control' => 'max-age=0',
  'upgrade-insecure-requests' => '1',
  'user-agent' => 'Mozilla/5.0 (Windows NT 6.1; Win64; x64) AppleWebKit/537.36 (KHTML, like Gecko) Chrome/52.0.2723.2 Safari/537.36',
  'accept' => 'text/html,application/xhtml+xml,application/xml;q=0.9,image/webp,*/*;q=0.8',
  'accept-encoding' => 'gzip, deflate, sdch',
  'accept-language' => 'zh-CN,zh;q=0.8',
)
[ info ] [ PARAM ] array (
  'telephone' => '13322221111',
  'password' => '87654321',
)
[ info ] [ RUN ] app\huanxin\controller\Login->verifyLogin[ D:\mysvn\webcall\trunk\app\huanxin\controller\Login.php ]
[ info ] [ DB ] INIT mysql
[ info ] [ DB ] INIT mysql
[ info ] [ LOG ] INIT File
[ sql ] [ DB ] CONNECT:[ UseTime:0.012001s ] mysql:dbname=guguocrm;host=localhost;charset=utf8
[ sql ] [ SQL ] SHOW COLUMNS FROM `guguo_user_corporation` [ RunTime:0.017001s ]
[ sql ] [ SQL ] SELECT `corp_name` FROM `guguo_user_corporation` WHERE  `telephone` = '13322221111' LIMIT 1 [ RunTime:0.003001s ]

---------------------------------------------------------------
[ 2017-02-11T15:36:59+08:00 ] 127.0.0.1 127.0.0.1 GET /index.php/huanxin/login/verifyLogin/telephone/13322221111/password/87654321
[ log ] webcall.app/index.php/huanxin/login/verifyLogin/telephone/13322221111/password/87654321 [运行时间：0.191011s][吞吐率：5.24req/s] [内存消耗：2,749.79kb] [文件加载：60]
[ info ] [ LANG ] D:\mysvn\webcall\trunk\thinkphp\lang\zh-cn.php
[ info ] [ ROUTE ] array (
  'type' => 'module',
  'module' => 
  array (
    0 => 'huanxin',
    1 => 'login',
    2 => 'verifyLogin',
  ),
)
[ info ] [ HEADER ] array (
  'host' => 'webcall.app',
  'connection' => 'keep-alive',
  'cache-control' => 'max-age=0',
  'upgrade-insecure-requests' => '1',
  'user-agent' => 'Mozilla/5.0 (Windows NT 6.1; Win64; x64) AppleWebKit/537.36 (KHTML, like Gecko) Chrome/52.0.2723.2 Safari/537.36',
  'accept' => 'text/html,application/xhtml+xml,application/xml;q=0.9,image/webp,*/*;q=0.8',
  'accept-encoding' => 'gzip, deflate, sdch',
  'accept-language' => 'zh-CN,zh;q=0.8',
)
[ info ] [ PARAM ] array (
  'telephone' => '13322221111',
  'password' => '87654321',
)
[ info ] [ RUN ] app\huanxin\controller\Login->verifyLogin[ D:\mysvn\webcall\trunk\app\huanxin\controller\Login.php ]
[ info ] [ DB ] INIT mysql
[ info ] [ DB ] INIT mysql
[ info ] [ LOG ] INIT File
[ sql ] [ DB ] CONNECT:[ UseTime:0.011001s ] mysql:dbname=guguocrm;host=localhost;charset=utf8
[ sql ] [ SQL ] SHOW COLUMNS FROM `guguo_user_corporation` [ RunTime:0.012001s ]
[ sql ] [ SQL ] SELECT `corp_name` FROM `guguo_user_corporation` WHERE  `telephone` = '13322221111' LIMIT 1 [ RunTime:0.001000s ]
[ error ] [8]未定义变量: model[D:\mysvn\webcall\trunk\app\huanxin\model\Employer.php:27]

---------------------------------------------------------------
[ 2017-02-11T15:38:28+08:00 ] 127.0.0.1 127.0.0.1 GET /index.php/huanxin/login/verifyLogin/telephone/13322221111/password/87654321
[ log ] webcall.app/index.php/huanxin/login/verifyLogin/telephone/13322221111/password/87654321 [运行时间：0.252015s][吞吐率：3.97req/s] [内存消耗：2,732.16kb] [文件加载：56]
[ info ] [ LANG ] D:\mysvn\webcall\trunk\thinkphp\lang\zh-cn.php
[ info ] [ ROUTE ] array (
  'type' => 'module',
  'module' => 
  array (
    0 => 'huanxin',
    1 => 'login',
    2 => 'verifyLogin',
  ),
)
[ info ] [ HEADER ] array (
  'host' => 'webcall.app',
  'connection' => 'keep-alive',
  'cache-control' => 'max-age=0',
  'upgrade-insecure-requests' => '1',
  'user-agent' => 'Mozilla/5.0 (Windows NT 6.1; Win64; x64) AppleWebKit/537.36 (KHTML, like Gecko) Chrome/52.0.2723.2 Safari/537.36',
  'accept' => 'text/html,application/xhtml+xml,application/xml;q=0.9,image/webp,*/*;q=0.8',
  'accept-encoding' => 'gzip, deflate, sdch',
  'accept-language' => 'zh-CN,zh;q=0.8',
)
[ info ] [ PARAM ] array (
  'telephone' => '13322221111',
  'password' => '87654321',
)
[ info ] [ RUN ] app\huanxin\controller\Login->verifyLogin[ D:\mysvn\webcall\trunk\app\huanxin\controller\Login.php ]
[ info ] [ DB ] INIT mysql
[ info ] [ DB ] INIT mysql
[ info ] [ LOG ] INIT File
[ sql ] [ DB ] CONNECT:[ UseTime:0.002000s ] mysql:dbname=guguocrm;host=localhost;charset=utf8
[ sql ] [ SQL ] SHOW COLUMNS FROM `guguo_user_corporation` [ RunTime:0.013000s ]
[ sql ] [ SQL ] SELECT `corp_name` FROM `guguo_user_corporation` WHERE  `telephone` = '13322221111' LIMIT 1 [ RunTime:0.001000s ]

---------------------------------------------------------------
[ 2017-02-11T15:41:48+08:00 ] 127.0.0.1 127.0.0.1 GET /index.php/huanxin/friend/index
[ log ] webcall.app/index.php/huanxin/friend/index [运行时间：0.132008s][吞吐率：7.58req/s] [内存消耗：2,288.63kb] [文件加载：47]
[ info ] [ LANG ] D:\mysvn\webcall\trunk\thinkphp\lang\zh-cn.php
[ info ] [ ROUTE ] array (
  'type' => 'module',
  'module' => 
  array (
    0 => 'huanxin',
    1 => 'friend',
    2 => 'index',
  ),
)
[ info ] [ HEADER ] array (
  'host' => 'webcall.app',
  'connection' => 'keep-alive',
  'upgrade-insecure-requests' => '1',
  'user-agent' => 'Mozilla/5.0 (Windows NT 6.1; Win64; x64) AppleWebKit/537.36 (KHTML, like Gecko) Chrome/52.0.2723.2 Safari/537.36',
  'accept' => 'text/html,application/xhtml+xml,application/xml;q=0.9,image/webp,*/*;q=0.8',
  'accept-encoding' => 'gzip, deflate, sdch',
  'accept-language' => 'zh-CN,zh;q=0.8',
)
[ info ] [ PARAM ] array (
)
[ info ] [ RUN ] app\huanxin\controller\Friend->index[ D:\mysvn\webcall\trunk\app\huanxin\controller\Friend.php ]
[ info ] [ DB ] INIT mysql
[ info ] [ LOG ] INIT File

---------------------------------------------------------------
[ 2017-02-11T15:42:01+08:00 ] 127.0.0.1 127.0.0.1 GET /index.php/huanxin/friend/index
[ log ] webcall.app/index.php/huanxin/friend/index [运行时间：0.214012s][吞吐率：4.67req/s] [内存消耗：2,296.55kb] [文件加载：47]
[ info ] [ LANG ] D:\mysvn\webcall\trunk\thinkphp\lang\zh-cn.php
[ info ] [ ROUTE ] array (
  'type' => 'module',
  'module' => 
  array (
    0 => 'huanxin',
    1 => 'friend',
    2 => 'index',
  ),
)
[ info ] [ HEADER ] array (
  'host' => 'webcall.app',
  'connection' => 'keep-alive',
  'cache-control' => 'max-age=0',
  'upgrade-insecure-requests' => '1',
  'user-agent' => 'Mozilla/5.0 (Windows NT 6.1; Win64; x64) AppleWebKit/537.36 (KHTML, like Gecko) Chrome/52.0.2723.2 Safari/537.36',
  'accept' => 'text/html,application/xhtml+xml,application/xml;q=0.9,image/webp,*/*;q=0.8',
  'accept-encoding' => 'gzip, deflate, sdch',
  'accept-language' => 'zh-CN,zh;q=0.8',
)
[ info ] [ PARAM ] array (
)
[ info ] [ RUN ] app\huanxin\controller\Friend->index[ D:\mysvn\webcall\trunk\app\huanxin\controller\Friend.php ]
[ info ] [ DB ] INIT mysql
[ info ] [ LOG ] INIT File

---------------------------------------------------------------
[ 2017-02-11T15:42:33+08:00 ] 127.0.0.1 127.0.0.1 GET /index.php/huanxin/friend/index
[ log ] webcall.app/index.php/huanxin/friend/index [运行时间：0.217013s][吞吐率：4.61req/s] [内存消耗：2,290.27kb] [文件加载：47]
[ info ] [ LANG ] D:\mysvn\webcall\trunk\thinkphp\lang\zh-cn.php
[ info ] [ ROUTE ] array (
  'type' => 'module',
  'module' => 
  array (
    0 => 'huanxin',
    1 => 'friend',
    2 => 'index',
  ),
)
[ info ] [ HEADER ] array (
  'host' => 'webcall.app',
  'connection' => 'keep-alive',
  'cache-control' => 'max-age=0',
  'upgrade-insecure-requests' => '1',
  'user-agent' => 'Mozilla/5.0 (Windows NT 6.1; Win64; x64) AppleWebKit/537.36 (KHTML, like Gecko) Chrome/52.0.2723.2 Safari/537.36',
  'accept' => 'text/html,application/xhtml+xml,application/xml;q=0.9,image/webp,*/*;q=0.8',
  'accept-encoding' => 'gzip, deflate, sdch',
  'accept-language' => 'zh-CN,zh;q=0.8',
)
[ info ] [ PARAM ] array (
)
[ info ] [ RUN ] app\huanxin\controller\Friend->index[ D:\mysvn\webcall\trunk\app\huanxin\controller\Friend.php ]
[ info ] [ DB ] INIT mysql
[ info ] [ LOG ] INIT File

---------------------------------------------------------------
[ 2017-02-11T15:45:50+08:00 ] 127.0.0.1 127.0.0.1 GET /index.php/huanxin/friend/index
[ log ] webcall.app/index.php/huanxin/friend/index [运行时间：0.137607s][吞吐率：7.27req/s] [内存消耗：2,297.80kb] [文件加载：47]
[ info ] [ LANG ] D:\mysvn\webcall\trunk\thinkphp\lang\zh-cn.php
[ info ] [ ROUTE ] array (
  'type' => 'module',
  'module' => 
  array (
    0 => 'huanxin',
    1 => 'friend',
    2 => 'index',
  ),
)
[ info ] [ HEADER ] array (
  'host' => 'webcall.app',
  'connection' => 'keep-alive',
  'cache-control' => 'max-age=0',
  'upgrade-insecure-requests' => '1',
  'user-agent' => 'Mozilla/5.0 (Windows NT 6.1; Win64; x64) AppleWebKit/537.36 (KHTML, like Gecko) Chrome/52.0.2723.2 Safari/537.36',
  'accept' => 'text/html,application/xhtml+xml,application/xml;q=0.9,image/webp,*/*;q=0.8',
  'accept-encoding' => 'gzip, deflate, sdch',
  'accept-language' => 'zh-CN,zh;q=0.8',
)
[ info ] [ PARAM ] array (
)
[ info ] [ RUN ] app\huanxin\controller\Friend->index[ D:\mysvn\webcall\trunk\app\huanxin\controller\Friend.php ]
[ info ] [ DB ] INIT mysql
[ info ] [ LOG ] INIT File

---------------------------------------------------------------
[ 2017-02-11T15:45:51+08:00 ] 127.0.0.1 127.0.0.1 GET /index.php/huanxin/friend/index
[ log ] webcall.app/index.php/huanxin/friend/index [运行时间：0.122606s][吞吐率：8.16req/s] [内存消耗：2,297.80kb] [文件加载：47]
[ info ] [ LANG ] D:\mysvn\webcall\trunk\thinkphp\lang\zh-cn.php
[ info ] [ ROUTE ] array (
  'type' => 'module',
  'module' => 
  array (
    0 => 'huanxin',
    1 => 'friend',
    2 => 'index',
  ),
)
[ info ] [ HEADER ] array (
  'host' => 'webcall.app',
  'connection' => 'keep-alive',
  'cache-control' => 'max-age=0',
  'upgrade-insecure-requests' => '1',
  'user-agent' => 'Mozilla/5.0 (Windows NT 6.1; Win64; x64) AppleWebKit/537.36 (KHTML, like Gecko) Chrome/52.0.2723.2 Safari/537.36',
  'accept' => 'text/html,application/xhtml+xml,application/xml;q=0.9,image/webp,*/*;q=0.8',
  'accept-encoding' => 'gzip, deflate, sdch',
  'accept-language' => 'zh-CN,zh;q=0.8',
)
[ info ] [ PARAM ] array (
)
[ info ] [ RUN ] app\huanxin\controller\Friend->index[ D:\mysvn\webcall\trunk\app\huanxin\controller\Friend.php ]
[ info ] [ DB ] INIT mysql
[ info ] [ LOG ] INIT File

---------------------------------------------------------------
[ 2017-02-11T15:46:18+08:00 ] 127.0.0.1 127.0.0.1 GET /index.php/huanxin/friend/index
[ log ] webcall.app/index.php/huanxin/friend/index [运行时间：0.143607s][吞吐率：6.96req/s] [内存消耗：2,297.80kb] [文件加载：47]
[ info ] [ LANG ] D:\mysvn\webcall\trunk\thinkphp\lang\zh-cn.php
[ info ] [ ROUTE ] array (
  'type' => 'module',
  'module' => 
  array (
    0 => 'huanxin',
    1 => 'friend',
    2 => 'index',
  ),
)
[ info ] [ HEADER ] array (
  'host' => 'webcall.app',
  'connection' => 'keep-alive',
  'cache-control' => 'max-age=0',
  'upgrade-insecure-requests' => '1',
  'user-agent' => 'Mozilla/5.0 (Windows NT 6.1; Win64; x64) AppleWebKit/537.36 (KHTML, like Gecko) Chrome/52.0.2723.2 Safari/537.36',
  'accept' => 'text/html,application/xhtml+xml,application/xml;q=0.9,image/webp,*/*;q=0.8',
  'accept-encoding' => 'gzip, deflate, sdch',
  'accept-language' => 'zh-CN,zh;q=0.8',
)
[ info ] [ PARAM ] array (
)
[ info ] [ RUN ] app\huanxin\controller\Friend->index[ D:\mysvn\webcall\trunk\app\huanxin\controller\Friend.php ]
[ info ] [ DB ] INIT mysql
[ info ] [ LOG ] INIT File

---------------------------------------------------------------
[ 2017-02-11T15:46:31+08:00 ] 127.0.0.1 127.0.0.1 GET /index.php/huanxin/friend/index
[ log ] webcall.app/index.php/huanxin/friend/index [运行时间：0.137008s][吞吐率：7.30req/s] [内存消耗：2,296.55kb] [文件加载：47]
[ info ] [ LANG ] D:\mysvn\webcall\trunk\thinkphp\lang\zh-cn.php
[ info ] [ ROUTE ] array (
  'type' => 'module',
  'module' => 
  array (
    0 => 'huanxin',
    1 => 'friend',
    2 => 'index',
  ),
)
[ info ] [ HEADER ] array (
  'host' => 'webcall.app',
  'connection' => 'keep-alive',
  'cache-control' => 'max-age=0',
  'upgrade-insecure-requests' => '1',
  'user-agent' => 'Mozilla/5.0 (Windows NT 6.1; Win64; x64) AppleWebKit/537.36 (KHTML, like Gecko) Chrome/52.0.2723.2 Safari/537.36',
  'accept' => 'text/html,application/xhtml+xml,application/xml;q=0.9,image/webp,*/*;q=0.8',
  'accept-encoding' => 'gzip, deflate, sdch',
  'accept-language' => 'zh-CN,zh;q=0.8',
)
[ info ] [ PARAM ] array (
)
[ info ] [ RUN ] app\huanxin\controller\Friend->index[ D:\mysvn\webcall\trunk\app\huanxin\controller\Friend.php ]
[ info ] [ DB ] INIT mysql
[ info ] [ LOG ] INIT File

---------------------------------------------------------------
[ 2017-02-11T15:46:47+08:00 ] 127.0.0.1 127.0.0.1 GET /index.php/huanxin/friend/index
[ log ] webcall.app/index.php/huanxin/friend/index [运行时间：0.187011s][吞吐率：5.35req/s] [内存消耗：2,313.59kb] [文件加载：47]
[ info ] [ LANG ] D:\mysvn\webcall\trunk\thinkphp\lang\zh-cn.php
[ info ] [ ROUTE ] array (
  'type' => 'module',
  'module' => 
  array (
    0 => 'huanxin',
    1 => 'friend',
    2 => 'index',
  ),
)
[ info ] [ HEADER ] array (
  'host' => 'webcall.app',
  'connection' => 'keep-alive',
  'cache-control' => 'max-age=0',
  'upgrade-insecure-requests' => '1',
  'user-agent' => 'Mozilla/5.0 (Windows NT 6.1; Win64; x64) AppleWebKit/537.36 (KHTML, like Gecko) Chrome/52.0.2723.2 Safari/537.36',
  'accept' => 'text/html,application/xhtml+xml,application/xml;q=0.9,image/webp,*/*;q=0.8',
  'accept-encoding' => 'gzip, deflate, sdch',
  'accept-language' => 'zh-CN,zh;q=0.8',
)
[ info ] [ PARAM ] array (
)
[ info ] [ RUN ] app\huanxin\controller\Friend->index[ D:\mysvn\webcall\trunk\app\huanxin\controller\Friend.php ]
[ info ] [ DB ] INIT mysql
[ info ] [ LOG ] INIT File

---------------------------------------------------------------
[ 2017-02-11T15:47:04+08:00 ] 127.0.0.1 127.0.0.1 GET /index.php/huanxin/friend/index
[ log ] webcall.app/index.php/huanxin/friend/index [运行时间：0.124007s][吞吐率：8.06req/s] [内存消耗：2,292.51kb] [文件加载：47]
[ info ] [ LANG ] D:\mysvn\webcall\trunk\thinkphp\lang\zh-cn.php
[ info ] [ ROUTE ] array (
  'type' => 'module',
  'module' => 
  array (
    0 => 'huanxin',
    1 => 'friend',
    2 => 'index',
  ),
)
[ info ] [ HEADER ] array (
  'host' => 'webcall.app',
  'connection' => 'keep-alive',
  'cache-control' => 'max-age=0',
  'upgrade-insecure-requests' => '1',
  'user-agent' => 'Mozilla/5.0 (Windows NT 6.1; Win64; x64) AppleWebKit/537.36 (KHTML, like Gecko) Chrome/52.0.2723.2 Safari/537.36',
  'accept' => 'text/html,application/xhtml+xml,application/xml;q=0.9,image/webp,*/*;q=0.8',
  'accept-encoding' => 'gzip, deflate, sdch',
  'accept-language' => 'zh-CN,zh;q=0.8',
)
[ info ] [ PARAM ] array (
)
[ info ] [ RUN ] app\huanxin\controller\Friend->index[ D:\mysvn\webcall\trunk\app\huanxin\controller\Friend.php ]
[ info ] [ DB ] INIT mysql
[ info ] [ LOG ] INIT File

---------------------------------------------------------------
[ 2017-02-11T15:53:47+08:00 ] 127.0.0.1 127.0.0.1 GET /index.php/huanxin/friend/index
[ log ] webcall.app/index.php/huanxin/friend/index [运行时间：0.221611s][吞吐率：4.51req/s] [内存消耗：2,386.80kb] [文件加载：53]
[ info ] [ LANG ] D:\mysvn\webcall\trunk\thinkphp\lang\zh-cn.php
[ info ] [ ROUTE ] array (
  'type' => 'module',
  'module' => 
  array (
    0 => 'huanxin',
    1 => 'friend',
    2 => 'index',
  ),
)
[ info ] [ HEADER ] array (
  'host' => 'webcall.app',
  'connection' => 'keep-alive',
  'cache-control' => 'max-age=0',
  'upgrade-insecure-requests' => '1',
  'user-agent' => 'Mozilla/5.0 (Windows NT 6.1; Win64; x64) AppleWebKit/537.36 (KHTML, like Gecko) Chrome/52.0.2723.2 Safari/537.36',
  'accept' => 'text/html,application/xhtml+xml,application/xml;q=0.9,image/webp,*/*;q=0.8',
  'accept-encoding' => 'gzip, deflate, sdch',
  'accept-language' => 'zh-CN,zh;q=0.8',
)
[ info ] [ PARAM ] array (
)
[ info ] [ RUN ] app\huanxin\controller\Friend->index[ D:\mysvn\webcall\trunk\app\huanxin\controller\Friend.php ]
[ info ] [ DB ] INIT mysql
[ info ] [ LOG ] INIT File
[ error ] [10501]SQLSTATE[42000]: Syntax error or access violation: 1064 You have an error in your SQL syntax; check the manual that corresponds to your MySQL server version for the right syntax to use near '13322223333,13322221111,13311112222,13322225555,13322226666 )' at line 1[D:\mysvn\webcall\trunk\thinkphp\library\think\db\Connection.php:438]

---------------------------------------------------------------
[ 2017-02-11T15:54:21+08:00 ] 127.0.0.1 127.0.0.1 GET /index.php/huanxin/friend/index
[ log ] webcall.app/index.php/huanxin/friend/index [运行时间：0.188610s][吞吐率：5.30req/s] [内存消耗：2,386.49kb] [文件加载：53]
[ info ] [ LANG ] D:\mysvn\webcall\trunk\thinkphp\lang\zh-cn.php
[ info ] [ ROUTE ] array (
  'type' => 'module',
  'module' => 
  array (
    0 => 'huanxin',
    1 => 'friend',
    2 => 'index',
  ),
)
[ info ] [ HEADER ] array (
  'host' => 'webcall.app',
  'connection' => 'keep-alive',
  'cache-control' => 'max-age=0',
  'upgrade-insecure-requests' => '1',
  'user-agent' => 'Mozilla/5.0 (Windows NT 6.1; Win64; x64) AppleWebKit/537.36 (KHTML, like Gecko) Chrome/52.0.2723.2 Safari/537.36',
  'accept' => 'text/html,application/xhtml+xml,application/xml;q=0.9,image/webp,*/*;q=0.8',
  'accept-encoding' => 'gzip, deflate, sdch',
  'accept-language' => 'zh-CN,zh;q=0.8',
)
[ info ] [ PARAM ] array (
)
[ info ] [ RUN ] app\huanxin\controller\Friend->index[ D:\mysvn\webcall\trunk\app\huanxin\controller\Friend.php ]
[ info ] [ DB ] INIT mysql
[ info ] [ LOG ] INIT File
[ error ] [10501]SQLSTATE[42000]: Syntax error or access violation: 1064 You have an error in your SQL syntax; check the manual that corresponds to your MySQL server version for the right syntax to use near '13322223333,13322221111,13311112222,13322225555,13322226666 )' at line 1[D:\mysvn\webcall\trunk\thinkphp\library\think\db\Connection.php:438]

---------------------------------------------------------------
[ 2017-02-11T15:59:23+08:00 ] 127.0.0.1 127.0.0.1 GET /index.php/huanxin/friend/index
[ log ] webcall.app/index.php/huanxin/friend/index [运行时间：0.183010s][吞吐率：5.46req/s] [内存消耗：2,386.62kb] [文件加载：53]
[ info ] [ LANG ] D:\mysvn\webcall\trunk\thinkphp\lang\zh-cn.php
[ info ] [ ROUTE ] array (
  'type' => 'module',
  'module' => 
  array (
    0 => 'huanxin',
    1 => 'friend',
    2 => 'index',
  ),
)
[ info ] [ HEADER ] array (
  'host' => 'webcall.app',
  'connection' => 'keep-alive',
  'cache-control' => 'max-age=0',
  'upgrade-insecure-requests' => '1',
  'user-agent' => 'Mozilla/5.0 (Windows NT 6.1; Win64; x64) AppleWebKit/537.36 (KHTML, like Gecko) Chrome/52.0.2723.2 Safari/537.36',
  'accept' => 'text/html,application/xhtml+xml,application/xml;q=0.9,image/webp,*/*;q=0.8',
  'accept-encoding' => 'gzip, deflate, sdch',
  'accept-language' => 'zh-CN,zh;q=0.8',
)
[ info ] [ PARAM ] array (
)
[ info ] [ RUN ] app\huanxin\controller\Friend->index[ D:\mysvn\webcall\trunk\app\huanxin\controller\Friend.php ]
[ info ] [ DB ] INIT mysql
[ info ] [ LOG ] INIT File
[ error ] [10501]SQLSTATE[42000]: Syntax error or access violation: 1064 You have an error in your SQL syntax; check the manual that corresponds to your MySQL server version for the right syntax to use near ''13322223333','13322221111','13311112222','13322225555','13322226666' )' at line 1[D:\mysvn\webcall\trunk\thinkphp\library\think\db\Connection.php:438]

---------------------------------------------------------------
[ 2017-02-11T15:59:36+08:00 ] 127.0.0.1 127.0.0.1 GET /index.php/huanxin/friend/index
[ log ] webcall.app/index.php/huanxin/friend/index [运行时间：0.248014s][吞吐率：4.03req/s] [内存消耗：2,386.57kb] [文件加载：53]
[ info ] [ LANG ] D:\mysvn\webcall\trunk\thinkphp\lang\zh-cn.php
[ info ] [ ROUTE ] array (
  'type' => 'module',
  'module' => 
  array (
    0 => 'huanxin',
    1 => 'friend',
    2 => 'index',
  ),
)
[ info ] [ HEADER ] array (
  'host' => 'webcall.app',
  'connection' => 'keep-alive',
  'cache-control' => 'max-age=0',
  'upgrade-insecure-requests' => '1',
  'user-agent' => 'Mozilla/5.0 (Windows NT 6.1; Win64; x64) AppleWebKit/537.36 (KHTML, like Gecko) Chrome/52.0.2723.2 Safari/537.36',
  'accept' => 'text/html,application/xhtml+xml,application/xml;q=0.9,image/webp,*/*;q=0.8',
  'accept-encoding' => 'gzip, deflate, sdch',
  'accept-language' => 'zh-CN,zh;q=0.8',
)
[ info ] [ PARAM ] array (
)
[ info ] [ RUN ] app\huanxin\controller\Friend->index[ D:\mysvn\webcall\trunk\app\huanxin\controller\Friend.php ]
[ info ] [ DB ] INIT mysql
[ info ] [ LOG ] INIT File
[ error ] [10501]SQLSTATE[42000]: Syntax error or access violation: 1064 You have an error in your SQL syntax; check the manual that corresponds to your MySQL server version for the right syntax to use near '13322223333','13322221111','13311112222','13322225555','13322226666' )' at line 1[D:\mysvn\webcall\trunk\thinkphp\library\think\db\Connection.php:438]

---------------------------------------------------------------
[ 2017-02-11T16:00:25+08:00 ] 127.0.0.1 127.0.0.1 GET /index.php/huanxin/friend/index
[ log ] webcall.app/index.php/huanxin/friend/index [运行时间：0.196011s][吞吐率：5.10req/s] [内存消耗：2,390.23kb] [文件加载：53]
[ info ] [ DB ] INIT mysql
[ info ] [ LANG ] D:\mysvn\webcall\trunk\thinkphp\lang\zh-cn.php
[ info ] [ ROUTE ] array (
  'type' => 'module',
  'module' => 
  array (
    0 => 'huanxin',
    1 => 'friend',
    2 => 'index',
  ),
)
[ info ] [ HEADER ] array (
  'host' => 'webcall.app',
  'connection' => 'keep-alive',
  'cache-control' => 'max-age=0',
  'upgrade-insecure-requests' => '1',
  'user-agent' => 'Mozilla/5.0 (Windows NT 6.1; Win64; x64) AppleWebKit/537.36 (KHTML, like Gecko) Chrome/52.0.2723.2 Safari/537.36',
  'accept' => 'text/html,application/xhtml+xml,application/xml;q=0.9,image/webp,*/*;q=0.8',
  'accept-encoding' => 'gzip, deflate, sdch',
  'accept-language' => 'zh-CN,zh;q=0.8',
)
[ info ] [ PARAM ] array (
)
[ info ] [ RUN ] app\huanxin\controller\Friend->index[ D:\mysvn\webcall\trunk\app\huanxin\controller\Friend.php ]
[ info ] [ DB ] INIT mysql
[ info ] [ LOG ] INIT File
[ error ] [10501]SQLSTATE[42000]: Syntax error or access violation: 1064 You have an error in your SQL syntax; check the manual that corresponds to your MySQL server version for the right syntax to use near '13322223333','13322221111','13311112222','13322225555','13322226666' )' at line 1[D:\mysvn\webcall\trunk\thinkphp\library\think\db\Connection.php:438]

---------------------------------------------------------------
[ 2017-02-11T16:01:13+08:00 ] 127.0.0.1 127.0.0.1 GET /index.php/huanxin/friend/index
[ log ] webcall.app/index.php/huanxin/friend/index [运行时间：0.186610s][吞吐率：5.36req/s] [内存消耗：2,390.26kb] [文件加载：53]
[ info ] [ DB ] INIT mysql
[ info ] [ LANG ] D:\mysvn\webcall\trunk\thinkphp\lang\zh-cn.php
[ info ] [ ROUTE ] array (
  'type' => 'module',
  'module' => 
  array (
    0 => 'huanxin',
    1 => 'friend',
    2 => 'index',
  ),
)
[ info ] [ HEADER ] array (
  'host' => 'webcall.app',
  'connection' => 'keep-alive',
  'cache-control' => 'max-age=0',
  'upgrade-insecure-requests' => '1',
  'user-agent' => 'Mozilla/5.0 (Windows NT 6.1; Win64; x64) AppleWebKit/537.36 (KHTML, like Gecko) Chrome/52.0.2723.2 Safari/537.36',
  'accept' => 'text/html,application/xhtml+xml,application/xml;q=0.9,image/webp,*/*;q=0.8',
  'accept-encoding' => 'gzip, deflate, sdch',
  'accept-language' => 'zh-CN,zh;q=0.8',
)
[ info ] [ PARAM ] array (
)
[ info ] [ RUN ] app\huanxin\controller\Friend->index[ D:\mysvn\webcall\trunk\app\huanxin\controller\Friend.php ]
[ info ] [ DB ] INIT mysql
[ info ] [ LOG ] INIT File
[ error ] [10501]SQLSTATE[42000]: Syntax error or access violation: 1064 You have an error in your SQL syntax; check the manual that corresponds to your MySQL server version for the right syntax to use near ''13322223333','13322221111','13311112222','13322225555','13322226666' )' at line 1[D:\mysvn\webcall\trunk\thinkphp\library\think\db\Connection.php:438]

---------------------------------------------------------------
[ 2017-02-11T16:04:31+08:00 ] 127.0.0.1 127.0.0.1 GET /index.php/huanxin/friend/index
[ log ] webcall.app/index.php/huanxin/friend/index [运行时间：0.206611s][吞吐率：4.84req/s] [内存消耗：2,390.26kb] [文件加载：53]
[ info ] [ DB ] INIT mysql
[ info ] [ LANG ] D:\mysvn\webcall\trunk\thinkphp\lang\zh-cn.php
[ info ] [ ROUTE ] array (
  'type' => 'module',
  'module' => 
  array (
    0 => 'huanxin',
    1 => 'friend',
    2 => 'index',
  ),
)
[ info ] [ HEADER ] array (
  'host' => 'webcall.app',
  'connection' => 'keep-alive',
  'cache-control' => 'max-age=0',
  'upgrade-insecure-requests' => '1',
  'user-agent' => 'Mozilla/5.0 (Windows NT 6.1; Win64; x64) AppleWebKit/537.36 (KHTML, like Gecko) Chrome/52.0.2723.2 Safari/537.36',
  'accept' => 'text/html,application/xhtml+xml,application/xml;q=0.9,image/webp,*/*;q=0.8',
  'accept-encoding' => 'gzip, deflate, sdch',
  'accept-language' => 'zh-CN,zh;q=0.8',
)
[ info ] [ PARAM ] array (
)
[ info ] [ RUN ] app\huanxin\controller\Friend->index[ D:\mysvn\webcall\trunk\app\huanxin\controller\Friend.php ]
[ info ] [ DB ] INIT mysql
[ info ] [ LOG ] INIT File
[ error ] [10501]SQLSTATE[42000]: Syntax error or access violation: 1064 You have an error in your SQL syntax; check the manual that corresponds to your MySQL server version for the right syntax to use near ''13322223333','13322221111','13311112222','13322225555','13322226666' )' at line 1[D:\mysvn\webcall\trunk\thinkphp\library\think\db\Connection.php:438]

---------------------------------------------------------------
[ 2017-02-11T16:05:17+08:00 ] 127.0.0.1 127.0.0.1 GET /index.php/huanxin/friend/index
[ log ] webcall.app/index.php/huanxin/friend/index [运行时间：0.199610s][吞吐率：5.01req/s] [内存消耗：2,427.29kb] [文件加载：54]
[ info ] [ DB ] INIT mysql
[ info ] [ LANG ] D:\mysvn\webcall\trunk\thinkphp\lang\zh-cn.php
[ info ] [ ROUTE ] array (
  'type' => 'module',
  'module' => 
  array (
    0 => 'huanxin',
    1 => 'friend',
    2 => 'index',
  ),
)
[ info ] [ HEADER ] array (
  'host' => 'webcall.app',
  'connection' => 'keep-alive',
  'cache-control' => 'max-age=0',
  'upgrade-insecure-requests' => '1',
  'user-agent' => 'Mozilla/5.0 (Windows NT 6.1; Win64; x64) AppleWebKit/537.36 (KHTML, like Gecko) Chrome/52.0.2723.2 Safari/537.36',
  'accept' => 'text/html,application/xhtml+xml,application/xml;q=0.9,image/webp,*/*;q=0.8',
  'accept-encoding' => 'gzip, deflate, sdch',
  'accept-language' => 'zh-CN,zh;q=0.8',
)
[ info ] [ PARAM ] array (
)
[ info ] [ RUN ] app\huanxin\controller\Friend->index[ D:\mysvn\webcall\trunk\app\huanxin\controller\Friend.php ]
[ info ] [ DB ] INIT mysql
[ info ] [ LOG ] INIT File
[ error ] [10501]SQLSTATE[42000]: Syntax error or access violation: 1064 You have an error in your SQL syntax; check the manual that corresponds to your MySQL server version for the right syntax to use near ''13322223333','13322221111','13311112222','13322225555','13322226666' )' at line 1[D:\mysvn\webcall\trunk\thinkphp\library\think\db\Connection.php:438]

---------------------------------------------------------------
[ 2017-02-11T16:06:47+08:00 ] 127.0.0.1 127.0.0.1 GET /index.php/huanxin/friend/index
[ log ] webcall.app/index.php/huanxin/friend/index [运行时间：0.194610s][吞吐率：5.14req/s] [内存消耗：2,391.02kb] [文件加载：53]
[ info ] [ DB ] INIT mysql
[ info ] [ LANG ] D:\mysvn\webcall\trunk\thinkphp\lang\zh-cn.php
[ info ] [ ROUTE ] array (
  'type' => 'module',
  'module' => 
  array (
    0 => 'huanxin',
    1 => 'friend',
    2 => 'index',
  ),
)
[ info ] [ HEADER ] array (
  'host' => 'webcall.app',
  'connection' => 'keep-alive',
  'cache-control' => 'max-age=0',
  'upgrade-insecure-requests' => '1',
  'user-agent' => 'Mozilla/5.0 (Windows NT 6.1; Win64; x64) AppleWebKit/537.36 (KHTML, like Gecko) Chrome/52.0.2723.2 Safari/537.36',
  'accept' => 'text/html,application/xhtml+xml,application/xml;q=0.9,image/webp,*/*;q=0.8',
  'accept-encoding' => 'gzip, deflate, sdch',
  'accept-language' => 'zh-CN,zh;q=0.8',
)
[ info ] [ PARAM ] array (
)
[ info ] [ RUN ] app\huanxin\controller\Friend->index[ D:\mysvn\webcall\trunk\app\huanxin\controller\Friend.php ]
[ info ] [ DB ] INIT mysql
[ info ] [ LOG ] INIT File
[ error ] [10501]SQLSTATE[42000]: Syntax error or access violation: 1064 You have an error in your SQL syntax; check the manual that corresponds to your MySQL server version for the right syntax to use near ''13322223333','13322221111','13311112222','13322225555','13322226666' )' at line 1[D:\mysvn\webcall\trunk\thinkphp\library\think\db\Connection.php:438]

---------------------------------------------------------------
[ 2017-02-11T16:07:39+08:00 ] 127.0.0.1 127.0.0.1 GET /index.php/huanxin/friend/index
[ log ] webcall.app/index.php/huanxin/friend/index [运行时间：0.227013s][吞吐率：4.41req/s] [内存消耗：2,391.20kb] [文件加载：53]
[ info ] [ DB ] INIT mysql
[ info ] [ LANG ] D:\mysvn\webcall\trunk\thinkphp\lang\zh-cn.php
[ info ] [ ROUTE ] array (
  'type' => 'module',
  'module' => 
  array (
    0 => 'huanxin',
    1 => 'friend',
    2 => 'index',
  ),
)
[ info ] [ HEADER ] array (
  'host' => 'webcall.app',
  'connection' => 'keep-alive',
  'cache-control' => 'max-age=0',
  'upgrade-insecure-requests' => '1',
  'user-agent' => 'Mozilla/5.0 (Windows NT 6.1; Win64; x64) AppleWebKit/537.36 (KHTML, like Gecko) Chrome/52.0.2723.2 Safari/537.36',
  'accept' => 'text/html,application/xhtml+xml,application/xml;q=0.9,image/webp,*/*;q=0.8',
  'accept-encoding' => 'gzip, deflate, sdch',
  'accept-language' => 'zh-CN,zh;q=0.8',
)
[ info ] [ PARAM ] array (
)
[ info ] [ RUN ] app\huanxin\controller\Friend->index[ D:\mysvn\webcall\trunk\app\huanxin\controller\Friend.php ]
[ info ] [ DB ] INIT mysql
[ info ] [ LOG ] INIT File
[ error ] [10501]SQLSTATE[42000]: Syntax error or access violation: 1064 You have an error in your SQL syntax; check the manual that corresponds to your MySQL server version for the right syntax to use near ''13322223333','13322221111','13311112222','13322225555','13322226666' )' at line 1[D:\mysvn\webcall\trunk\thinkphp\library\think\db\Connection.php:438]

---------------------------------------------------------------
[ 2017-02-11T16:10:58+08:00 ] 127.0.0.1 127.0.0.1 GET /index.php/huanxin/friend/index
[ log ] webcall.app/index.php/huanxin/friend/index [运行时间：0.200209s][吞吐率：4.99req/s] [内存消耗：2,391.28kb] [文件加载：53]
[ info ] [ DB ] INIT mysql
[ info ] [ LANG ] D:\mysvn\webcall\trunk\thinkphp\lang\zh-cn.php
[ info ] [ ROUTE ] array (
  'type' => 'module',
  'module' => 
  array (
    0 => 'huanxin',
    1 => 'friend',
    2 => 'index',
  ),
)
[ info ] [ HEADER ] array (
  'host' => 'webcall.app',
  'connection' => 'keep-alive',
  'cache-control' => 'max-age=0',
  'upgrade-insecure-requests' => '1',
  'user-agent' => 'Mozilla/5.0 (Windows NT 6.1; Win64; x64) AppleWebKit/537.36 (KHTML, like Gecko) Chrome/52.0.2723.2 Safari/537.36',
  'accept' => 'text/html,application/xhtml+xml,application/xml;q=0.9,image/webp,*/*;q=0.8',
  'accept-encoding' => 'gzip, deflate, sdch',
  'accept-language' => 'zh-CN,zh;q=0.8',
)
[ info ] [ PARAM ] array (
)
[ info ] [ RUN ] app\huanxin\controller\Friend->index[ D:\mysvn\webcall\trunk\app\huanxin\controller\Friend.php ]
[ info ] [ DB ] INIT mysql
[ info ] [ LOG ] INIT File
[ error ] [10501]SQLSTATE[42000]: Syntax error or access violation: 1064 You have an error in your SQL syntax; check the manual that corresponds to your MySQL server version for the right syntax to use near ''13322223333','13322221111','13311112222','13322225555','13322226666' )' at line 1[D:\mysvn\webcall\trunk\thinkphp\library\think\db\Connection.php:438]

---------------------------------------------------------------
[ 2017-02-11T16:13:58+08:00 ] 127.0.0.1 127.0.0.1 GET /index.php/huanxin/friend/index
[ log ] webcall.app/index.php/huanxin/friend/index [运行时间：0.175610s][吞吐率：5.69req/s] [内存消耗：2,360.98kb] [文件加载：51]
[ info ] [ DB ] INIT mysql
[ info ] [ LANG ] D:\mysvn\webcall\trunk\thinkphp\lang\zh-cn.php
[ info ] [ ROUTE ] array (
  'type' => 'module',
  'module' => 
  array (
    0 => 'huanxin',
    1 => 'friend',
    2 => 'index',
  ),
)
[ info ] [ HEADER ] array (
  'host' => 'webcall.app',
  'connection' => 'keep-alive',
  'cache-control' => 'max-age=0',
  'upgrade-insecure-requests' => '1',
  'user-agent' => 'Mozilla/5.0 (Windows NT 6.1; Win64; x64) AppleWebKit/537.36 (KHTML, like Gecko) Chrome/52.0.2723.2 Safari/537.36',
  'accept' => 'text/html,application/xhtml+xml,application/xml;q=0.9,image/webp,*/*;q=0.8',
  'accept-encoding' => 'gzip, deflate, sdch',
  'accept-language' => 'zh-CN,zh;q=0.8',
)
[ info ] [ PARAM ] array (
)
[ info ] [ RUN ] app\huanxin\controller\Friend->index[ D:\mysvn\webcall\trunk\app\huanxin\controller\Friend.php ]
[ info ] [ DB ] INIT mysql
[ info ] [ LOG ] INIT File
[ error ] [0]method not exist:think\db\Query->save[D:\mysvn\webcall\trunk\thinkphp\library\think\db\Query.php:93]

---------------------------------------------------------------
[ 2017-02-11T16:15:14+08:00 ] 127.0.0.1 127.0.0.1 GET /index.php/huanxin/friend/index
[ log ] webcall.app/index.php/huanxin/friend/index [运行时间：0.085604s][吞吐率：11.68req/s] [内存消耗：1,693.57kb] [文件加载：44]
[ info ] [ DB ] INIT mysql
[ info ] [ LANG ] D:\mysvn\webcall\trunk\thinkphp\lang\zh-cn.php
[ info ] [ ROUTE ] array (
  'type' => 'module',
  'module' => 
  array (
    0 => 'huanxin',
    1 => 'friend',
    2 => 'index',
  ),
)
[ info ] [ HEADER ] array (
  'host' => 'webcall.app',
  'connection' => 'keep-alive',
  'cache-control' => 'max-age=0',
  'upgrade-insecure-requests' => '1',
  'user-agent' => 'Mozilla/5.0 (Windows NT 6.1; Win64; x64) AppleWebKit/537.36 (KHTML, like Gecko) Chrome/52.0.2723.2 Safari/537.36',
  'accept' => 'text/html,application/xhtml+xml,application/xml;q=0.9,image/webp,*/*;q=0.8',
  'accept-encoding' => 'gzip, deflate, sdch',
  'accept-language' => 'zh-CN,zh;q=0.8',
)
[ info ] [ PARAM ] array (
)
[ info ] [ RUN ] app\huanxin\controller\Friend->index[ D:\mysvn\webcall\trunk\app\huanxin\controller\Friend.php ]
[ info ] [ DB ] INIT mysql
[ info ] [ LOG ] INIT File

---------------------------------------------------------------
[ 2017-02-11T16:16:23+08:00 ] 127.0.0.1 127.0.0.1 GET /index.php/huanxin/friend/index
[ log ] webcall.app/index.php/huanxin/friend/index [运行时间：0.211611s][吞吐率：4.73req/s] [内存消耗：2,291.41kb] [文件加载：47]
[ info ] [ DB ] INIT mysql
[ info ] [ LANG ] D:\mysvn\webcall\trunk\thinkphp\lang\zh-cn.php
[ info ] [ ROUTE ] array (
  'type' => 'module',
  'module' => 
  array (
    0 => 'huanxin',
    1 => 'friend',
    2 => 'index',
  ),
)
[ info ] [ HEADER ] array (
  'host' => 'webcall.app',
  'connection' => 'keep-alive',
  'cache-control' => 'max-age=0',
  'upgrade-insecure-requests' => '1',
  'user-agent' => 'Mozilla/5.0 (Windows NT 6.1; Win64; x64) AppleWebKit/537.36 (KHTML, like Gecko) Chrome/52.0.2723.2 Safari/537.36',
  'accept' => 'text/html,application/xhtml+xml,application/xml;q=0.9,image/webp,*/*;q=0.8',
  'accept-encoding' => 'gzip, deflate, sdch',
  'accept-language' => 'zh-CN,zh;q=0.8',
)
[ info ] [ PARAM ] array (
)
[ info ] [ RUN ] app\huanxin\controller\Friend->index[ D:\mysvn\webcall\trunk\app\huanxin\controller\Friend.php ]
[ info ] [ DB ] INIT mysql
[ info ] [ LOG ] INIT File

---------------------------------------------------------------
[ 2017-02-11T16:17:17+08:00 ] 127.0.0.1 127.0.0.1 GET /index.php/huanxin/friend/index
[ log ] webcall.app/index.php/huanxin/friend/index [运行时间：0.217012s][吞吐率：4.61req/s] [内存消耗：2,290.66kb] [文件加载：47]
[ info ] [ DB ] INIT mysql
[ info ] [ LANG ] D:\mysvn\webcall\trunk\thinkphp\lang\zh-cn.php
[ info ] [ ROUTE ] array (
  'type' => 'module',
  'module' => 
  array (
    0 => 'huanxin',
    1 => 'friend',
    2 => 'index',
  ),
)
[ info ] [ HEADER ] array (
  'host' => 'webcall.app',
  'connection' => 'keep-alive',
  'cache-control' => 'max-age=0',
  'upgrade-insecure-requests' => '1',
  'user-agent' => 'Mozilla/5.0 (Windows NT 6.1; Win64; x64) AppleWebKit/537.36 (KHTML, like Gecko) Chrome/52.0.2723.2 Safari/537.36',
  'accept' => 'text/html,application/xhtml+xml,application/xml;q=0.9,image/webp,*/*;q=0.8',
  'accept-encoding' => 'gzip, deflate, sdch',
  'accept-language' => 'zh-CN,zh;q=0.8',
)
[ info ] [ PARAM ] array (
)
[ info ] [ RUN ] app\huanxin\controller\Friend->index[ D:\mysvn\webcall\trunk\app\huanxin\controller\Friend.php ]
[ info ] [ DB ] INIT mysql
[ info ] [ LOG ] INIT File

---------------------------------------------------------------
[ 2017-02-11T16:20:53+08:00 ] 127.0.0.1 127.0.0.1 GET /index.php/huanxin/friend/index
[ log ] webcall.app/index.php/huanxin/friend/index [运行时间：0.146008s][吞吐率：6.85req/s] [内存消耗：2,373.85kb] [文件加载：49]
[ info ] [ DB ] INIT mysql
[ info ] [ LANG ] D:\mysvn\webcall\trunk\thinkphp\lang\zh-cn.php
[ info ] [ ROUTE ] array (
  'type' => 'module',
  'module' => 
  array (
    0 => 'huanxin',
    1 => 'friend',
    2 => 'index',
  ),
)
[ info ] [ HEADER ] array (
  'host' => 'webcall.app',
  'connection' => 'keep-alive',
  'cache-control' => 'max-age=0',
  'upgrade-insecure-requests' => '1',
  'user-agent' => 'Mozilla/5.0 (Windows NT 6.1; Win64; x64) AppleWebKit/537.36 (KHTML, like Gecko) Chrome/52.0.2723.2 Safari/537.36',
  'accept' => 'text/html,application/xhtml+xml,application/xml;q=0.9,image/webp,*/*;q=0.8',
  'accept-encoding' => 'gzip, deflate, sdch',
  'accept-language' => 'zh-CN,zh;q=0.8',
)
[ info ] [ PARAM ] array (
)
[ info ] [ RUN ] app\huanxin\controller\Friend->index[ D:\mysvn\webcall\trunk\app\huanxin\controller\Friend.php ]
[ info ] [ DB ] INIT mysql
[ info ] [ LOG ] INIT File

---------------------------------------------------------------
[ 2017-02-11T16:23:44+08:00 ] 127.0.0.1 127.0.0.1 GET /index.php/huanxin/friend/index
[ log ] webcall.app/index.php/huanxin/friend/index [运行时间：0.203611s][吞吐率：4.91req/s] [内存消耗：2,375.84kb] [文件加载：50]
[ info ] [ DB ] INIT mysql
[ info ] [ LANG ] D:\mysvn\webcall\trunk\thinkphp\lang\zh-cn.php
[ info ] [ ROUTE ] array (
  'type' => 'module',
  'module' => 
  array (
    0 => 'huanxin',
    1 => 'friend',
    2 => 'index',
  ),
)
[ info ] [ HEADER ] array (
  'host' => 'webcall.app',
  'connection' => 'keep-alive',
  'cache-control' => 'max-age=0',
  'upgrade-insecure-requests' => '1',
  'user-agent' => 'Mozilla/5.0 (Windows NT 6.1; Win64; x64) AppleWebKit/537.36 (KHTML, like Gecko) Chrome/52.0.2723.2 Safari/537.36',
  'accept' => 'text/html,application/xhtml+xml,application/xml;q=0.9,image/webp,*/*;q=0.8',
  'accept-encoding' => 'gzip, deflate, sdch',
  'accept-language' => 'zh-CN,zh;q=0.8',
)
[ info ] [ PARAM ] array (
)
[ info ] [ RUN ] app\huanxin\controller\Friend->index[ D:\mysvn\webcall\trunk\app\huanxin\controller\Friend.php ]
[ info ] [ DB ] INIT mysql
[ info ] [ LOG ] INIT File
[ sql ] [ DB ] CONNECT:[ UseTime:0.011001s ] mysql:dbname=guguocrm;host=localhost;charset=utf8

---------------------------------------------------------------
[ 2017-02-11T16:29:15+08:00 ] 127.0.0.1 127.0.0.1 GET /index.php/huanxin/friend/index
[ log ] webcall.app/index.php/huanxin/friend/index [运行时间：0.089604s][吞吐率：11.16req/s] [内存消耗：1,545.45kb] [文件加载：41]
[ info ] [ LANG ] D:\mysvn\webcall\trunk\thinkphp\lang\zh-cn.php
[ info ] [ ROUTE ] array (
  'type' => 'module',
  'module' => 
  array (
    0 => 'huanxin',
    1 => 'friend',
    2 => 'index',
  ),
)
[ info ] [ HEADER ] array (
  'host' => 'webcall.app',
  'connection' => 'keep-alive',
  'cache-control' => 'max-age=0',
  'upgrade-insecure-requests' => '1',
  'user-agent' => 'Mozilla/5.0 (Windows NT 6.1; Win64; x64) AppleWebKit/537.36 (KHTML, like Gecko) Chrome/52.0.2723.2 Safari/537.36',
  'accept' => 'text/html,application/xhtml+xml,application/xml;q=0.9,image/webp,*/*;q=0.8',
  'accept-encoding' => 'gzip, deflate, sdch',
  'accept-language' => 'zh-CN,zh;q=0.8',
)
[ info ] [ PARAM ] array (
)
[ info ] [ RUN ] app\huanxin\controller\Friend->index[ D:\mysvn\webcall\trunk\app\huanxin\controller\Friend.php ]
[ info ] [ LOG ] INIT File

---------------------------------------------------------------
